<?xml version="1.0" encoding="UTF-8"?>
<testsuite xmlns:xsi="http://www.w3.org/2001/XMLSchema-instance" xsi:noNamespaceSchemaLocation="https://maven.apache.org/surefire/maven-surefire-plugin/xsd/surefire-test-report-3.0.xsd" version="3.0" name="com.marketinghub.facebookadsworker.facebookcampaign.FacebookCampaignServiceTest" time="5.265" tests="18" errors="0" skipped="0" failures="0">
  <properties>
[...]
</properties>
  <testcase name="usesInstantFormShareLinkWhenJourneyRequiresForm" classname="com.marketinghub.facebookadsworker.facebookcampaign.FacebookCampaignServiceTest" time="0.505">
    <system-out><![CDATA[01:11:15.295 [main] INFO com.marketinghub.facebookadsworker.FacebookAdsService -- Configured Facebook Graph API version: v23.0
01:11:15.295 [main] INFO com.marketinghub.facebookadsworker.FacebookAdsService -- Facebook access token updated: previousToken=null, newToken=***
01:11:15.300 [main] INFO com.marketinghub.facebookadsworker.facebookcampaign.FacebookCampaignService -- Requesting experiments ready for Facebook campaigns from backend: url==>http://localhost:53679/api/facebook-campaigns/experiments-ready, params={}
01:11:15.321 [main] INFO com.marketinghub.facebookadsworker.facebookcampaign.FacebookCampaignService -- Received experiments response from backend: url<==http://localhost:53679/api/facebook-campaigns/experiments-ready, response=[{"id":1,"name":"Exp","pageId":"84","dailyBudget":35.5,"facebookPage":{"id":9,"pageId":"84","name":"Estúdio"},"instagramAccount":{"id":55,"handle":"@estudio","code":"IG-EST","name":"Estúdio"},"facebookInstantForm":{"id":33,"facebookFormId":"987654321","name":"Lead","status":"DRAFT","approved":true,"published":false,"shareLink":null},"nextStepInstantForm":true,"leadPortalFlow":null}]
01:11:15.326 [main] INFO com.marketinghub.facebookadsworker.facebookcampaign.FacebookCampaignService -- Requesting creatives for experiment from backend: url==>http://localhost:53679/api/experiments/1/creatives, params={}
01:11:15.371 [main] INFO com.marketinghub.facebookadsworker.facebookcampaign.FacebookCampaignService -- Received creatives response from backend: url<==http://localhost:53679/api/experiments/1/creatives, response=[{"id":101,"experimentId":1,"format":null,"headline":"HL","primaryText":"Texto Criativo","imageUrl":"https://cdn.example/img.jpg","description":"Desc","cta":"SHOP_NOW","destinationUrl":"","leadGenFormId":null,"instagramUserId":"21","status":"READY"}]
01:11:15.373 [main] INFO com.marketinghub.facebookadsworker.facebookcampaign.FacebookCampaignService -- Publishing approved instant form before creating Facebook campaign: experimentId=1, formId=987654321
01:11:15.373 [main] INFO com.marketinghub.facebookadsworker.FacebookAdsService -- Sending GET request to Facebook API: path==>/v23.0/987654321?access_***=***
01:11:15.376 [main] INFO com.marketinghub.facebookadsworker.FacebookAdsService -- Facebook API response received: method=GET, path<==/v23.0/987654321?access_***=***, status=200 200 OK, headers={"Content-Length":["***"],"Content-Type":["app...son"]}, body={"status":"DRAFT"}
01:11:15.377 [main] INFO com.marketinghub.facebookadsworker.FacebookAdsService -- Sending POST request to Facebook API: path==>/v23.0/987654321, body={"access_token":"***","status":"ACTIVE"}
01:11:15.419 [main] INFO com.marketinghub.facebookadsworker.FacebookAdsService -- Facebook API response received: method=POST, path<==/v23.0/987654321, status=200 200 OK, headers={"Content-Length":["***"],"Content-Type":["app...son"]}, body={"success":true}
01:11:15.420 [main] INFO com.marketinghub.facebookadsworker.FacebookAdsService -- Sending GET request to Facebook API: path==>/v23.0/987654321?access_***=***
01:11:15.463 [main] INFO com.marketinghub.facebookadsworker.FacebookAdsService -- Facebook API response received: method=GET, path<==/v23.0/987654321?access_***=***, status=200 200 OK, headers={"Content-Length":["***"],"Content-Type":["app...son"]}, body={"status":"ACTIVE"}
01:11:15.463 [main] INFO com.marketinghub.facebookadsworker.facebookcampaign.FacebookCampaignService -- Using instant form share link as destination URL for experiment 1: link=https://www.facebook.com/ads/leadgen/?id=987654321
01:11:15.464 [main] INFO com.marketinghub.facebookadsworker.facebookcampaign.FacebookCampaignService -- Using instant form ID as lead generation destination for experiment 1: formId=987654321
01:11:15.465 [main] INFO com.marketinghub.facebookadsworker.facebookcampaign.FacebookCampaignService -- Using instant form share link as destination URL for experiment 1: link=https://www.facebook.com/ads/leadgen/?id=987654321
01:11:15.465 [main] INFO com.marketinghub.facebookadsworker.facebookcampaign.FacebookCampaignService -- Using instant form ID as lead generation destination for experiment 1: formId=987654321
01:11:15.465 [main] INFO com.marketinghub.facebookadsworker.FacebookAdsService -- Sending POST request to Facebook API: path==>/v23.0/act_1/campaigns, body={"access_token":"***","special_ad_categories":[],"name":"Exp","status":"PAUSED","objective":"OUTCOME_LEADS"}
01:11:15.508 [main] INFO com.marketinghub.facebookadsworker.FacebookAdsService -- Facebook API response received: method=POST, path<==/v23.0/act_1/campaigns, status=200 200 OK, headers={"Content-Length":["***"],"Content-Type":["app...son"]}, body={"id":"10"}
01:11:15.517 [main] WARN com.marketinghub.facebookadsworker.FacebookAdsService -- Ignoring bid_amount for ad set 'Exp - Ad Set' because the lowest cost strategy does not accept manual bids
01:11:15.518 [main] INFO com.marketinghub.facebookadsworker.FacebookAdsService -- Sending POST request to Facebook API: path==>/v23.0/act_1/adsets, body={"optimization_goal":"LEAD_GENERATION","access_token":"***","destination_type":"ON_AD","targeting":{"targeting_automation":{"advantage_audience":0},"geo_locations":{"countries":["BR"]}},"billing_event":"IMPRESSIONS","bid_strategy":"LOWEST_COST_WITHOUT_CAP","promoted_object":{"page_id":"42"},"name":"Exp - Ad Set","daily_budget":"3550","campaign_id":"10","status":"PAUSED"}
01:11:15.561 [main] INFO com.marketinghub.facebookadsworker.FacebookAdsService -- Facebook API response received: method=POST, path<==/v23.0/act_1/adsets, status=200 200 OK, headers={"Content-Length":["***"],"Content-Type":["app...son"]}, body={"id":"20"}
01:11:15.564 [main] INFO com.marketinghub.facebookadsworker.FacebookAdsService -- Sending POST request to Facebook API: path==>/v23.0/act_1/adcreatives, body={"object_story_spec":{"page_id":"42","instagram_user_id":"21","link_data":{"call_to_action":{"type":"SHOP_NOW","value":{"lead_gen_form_id":"987654321","link":"https://www.facebook.com/ads/leadgen/?id=987654321"}},"link":"https://www.facebook.com/ads/leadgen/?id=987654321","name":"HL","description":"Desc","message":"Texto Criativo","picture":"https://cdn.example/img.jpg"}},"access_token":"***","name":"Exp - Creative"}
01:11:15.606 [main] INFO com.marketinghub.facebookadsworker.FacebookAdsService -- Facebook API response received: method=POST, path<==/v23.0/act_1/adcreatives, status=200 200 OK, headers={"Content-Length":["***"],"Content-Type":["app...son"]}, body={"id":"30"}
01:11:15.610 [main] INFO com.marketinghub.facebookadsworker.FacebookAdsService -- Sending POST request to Facebook API: path==>/v23.0/act_1/ads, body={"access_token":"***","name":"Exp - Ad","adset_id":"20","creative":{"creative_id":"30"},"status":"PAUSED"}
01:11:15.652 [main] INFO com.marketinghub.facebookadsworker.FacebookAdsService -- Facebook API response received: method=POST, path<==/v23.0/act_1/ads, status=200 200 OK, headers={"Content-Length":["***"],"Content-Type":["app...son"]}, body={"id":"40"}
01:11:15.656 [main] INFO com.marketinghub.facebookadsworker.facebookcampaign.FacebookCampaignService -- Reporting Facebook campaign creation to backend: url==>http://localhost:53679/api/facebook-campaigns, params={}, payload={"id":"10","adAccountId":"1","name":"Exp","objective":"OUTCOME_LEADS","budgetMode":"CAMPAIGN","experimentId":1,"facebookAccountId":1,"adSet":{"id":"20","name":"Exp - Ad Set","billingEvent":"IMPRESSIONS","optimizationGoal":"LEAD_GENERATION","bidStrategy":"LOWEST_COST_WITHOUT_CAP","bidAmount":"150","dailyBudget":"3550","lifetimeBudget":null,"targetCountry":"BR","destinationType":"ON_AD","pageId":"42","targetingJson":null,"experimentAdSetId":null},"adCreative":{"id":"30","pageId":"42","instagramActorId":"21","websiteUrl":"https://www.facebook.com/ads/leadgen/?id=987654321","leadGenFormId":"987654321","message":"Texto Criativo","imageHash":null,"imageUrl":"https://cdn.example/img.jpg","callToActionType":"SHOP_NOW","headline":"HL","description":"Desc"},"ad":{"id":"40","name":"Exp - Ad","adSetId":"20","creativeId":"30"},"adCreatives":[{"id":"30","pageId":"42","instagramActorId":"21","websiteUrl":"https://www.facebook.com/ads/leadgen/?id=987654321","leadGenFormId":"987654321","message":"Texto Criativo","imageHash":null,"imageUrl":"https://cdn.example/img.jpg","callToActionType":"SHOP_NOW","headline":"HL","description":"Desc"}],"ads":[{"id":"40","name":"Exp - Ad","adSetId":"20","creativeId":"30"}]}
01:11:15.705 [main] INFO com.marketinghub.facebookadsworker.facebookcampaign.FacebookCampaignService -- Successfully reported Facebook campaign creation to backend: url<==http://localhost:53679/api/facebook-campaigns, experimentId=1, campaignId=10
01:11:15.706 [main] INFO com.marketinghub.facebookadsworker.facebookcampaign.FacebookCampaignService -- Reporting instant form publication to backend: url==>http://localhost:53679/api/instant-forms/33/publication, payload={"published":true,"publishedAt":1776215475.463647170,"shareLink":"https://www.facebook.com/ads/leadgen/?id=987654321","status":"ACTIVE","facebookFormId":"987654321"}
01:11:15.753 [main] INFO com.marketinghub.facebookadsworker.facebookcampaign.FacebookCampaignService -- Successfully reported instant form publication to backend: url<==http://localhost:53679/api/instant-forms/33/publication
01:11:15.754 [main] INFO com.marketinghub.facebookadsworker.facebookcampaign.FacebookCampaignService -- Marking experiment as RUNNING in backend after Facebook campaign publication: url==>http://localhost:53679/api/experiments/1/status?status=RUNNING, params={}, campaignId=10
01:11:15.796 [main] INFO com.marketinghub.facebookadsworker.facebookcampaign.FacebookCampaignService -- Marked experiment 1 as RUNNING after Facebook campaign publication: campaignId=10
]]></system-out>
  </testcase>
  <testcase name="resolvesPageIdFromAssociatedFacebookPageAlias" classname="com.marketinghub.facebookadsworker.facebookcampaign.FacebookCampaignServiceTest" time="0.417">
    <system-out><![CDATA[01:11:15.801 [main] INFO com.marketinghub.facebookadsworker.FacebookAdsService -- Configured Facebook Graph API version: v23.0
01:11:15.801 [main] INFO com.marketinghub.facebookadsworker.FacebookAdsService -- Facebook access token updated: previousToken=null, newToken=***
01:11:15.801 [main] INFO com.marketinghub.facebookadsworker.facebookcampaign.FacebookCampaignService -- Requesting experiments ready for Facebook campaigns from backend: url==>http://localhost:55439/api/facebook-campaigns/experiments-ready, params={}
01:11:15.804 [main] INFO com.marketinghub.facebookadsworker.facebookcampaign.FacebookCampaignService -- Received experiments response from backend: url<==http://localhost:55439/api/facebook-campaigns/experiments-ready, response=[{"id":1,"name":"Exp","pageId":null,"dailyBudget":null,"facebookPage":{"id":9,"pageId":"84","name":"Estúdio"},"instagramAccount":null,"facebookInstantForm":null,"nextStepInstantForm":false,"leadPortalFlow":null}]
01:11:15.806 [main] INFO com.marketinghub.facebookadsworker.facebookcampaign.FacebookCampaignService -- Requesting creatives for experiment from backend: url==>http://localhost:55439/api/experiments/1/creatives, params={}
01:11:15.848 [main] INFO com.marketinghub.facebookadsworker.facebookcampaign.FacebookCampaignService -- Received creatives response from backend: url<==http://localhost:55439/api/experiments/1/creatives, response=[{"id":101,"experimentId":1,"format":null,"headline":"HL","primaryText":"Texto Criativo","imageUrl":"https://cdn.example/img.jpg","description":"Desc","cta":"SHOP_NOW","destinationUrl":"https://exp.example/landing","leadGenFormId":null,"instagramUserId":"21","status":"READY"}]
01:11:15.893 [main] WARN com.marketinghub.facebookadsworker.facebookcampaign.FacebookCampaignService -- Failed to fetch ad set playbook for experiment 1: JSON decoding error: Cannot deserialize value of type `com.marketinghub.facebookadsworker.facebookcampaign.FacebookCampaignService$AdSetPlaybookWorkflowResponse` from Array value (token `JsonToken.START_ARRAY`)
01:11:15.893 [main] INFO com.marketinghub.facebookadsworker.facebookcampaign.FacebookCampaignService -- Requesting ad sets for experiment from backend: url==>http://localhost:55439/api/adsets?experimentId=1, params={"experimentId":1}
01:11:15.938 [main] INFO com.marketinghub.facebookadsworker.facebookcampaign.FacebookCampaignService -- Received ad sets response from backend: url<==http://localhost:55439/api/adsets?experimentId=1, response=[{"id":null,"experimentId":null,"location":null,"interests":null,"jobTitles":null,"behaviors":null,"targetingJson":null,"targetingRequestId":null,"prompt":null,"model":null}]
01:11:15.939 [main] WARN com.marketinghub.facebookadsworker.facebookcampaign.FacebookCampaignService -- Experiment ad set null does not provide targetingRequestId. Falling back to legacy line-based targeting fields.
01:11:15.939 [main] INFO com.marketinghub.facebookadsworker.FacebookAdsService -- Sending POST request to Facebook API: path==>/v23.0/act_1/campaigns, body={"access_token":"***","special_ad_categories":[],"name":"Exp","status":"PAUSED","objective":"OUTCOME_TRAFFIC"}
01:11:15.943 [main] INFO com.marketinghub.facebookadsworker.FacebookAdsService -- Facebook API response received: method=POST, path<==/v23.0/act_1/campaigns, status=200 200 OK, headers={"Content-Length":["***"],"Content-Type":["app...son"]}, body={"id":"10"}
01:11:15.986 [main] WARN com.marketinghub.facebookadsworker.FacebookAdsService -- Ignoring bid_amount for ad set 'Exp - Ad Set' because the lowest cost strategy does not accept manual bids
01:11:15.987 [main] INFO com.marketinghub.facebookadsworker.FacebookAdsService -- Sending POST request to Facebook API: path==>/v23.0/act_1/adsets, body={"optimization_goal":"LINK_CLICKS","access_token":"***","destination_type":"WEBSITE","targeting":{"targeting_automation":{"advantage_audience":0},"geo_locations":{"countries":["BR"]}},"billing_event":"IMPRESSIONS","bid_strategy":"LOWEST_COST_WITHOUT_CAP","promoted_object":{"page_id":"84"},"name":"Exp - Ad Set","daily_budget":"2000","campaign_id":"10","status":"PAUSED"}
01:11:15.990 [main] INFO com.marketinghub.facebookadsworker.FacebookAdsService -- Facebook API response received: method=POST, path<==/v23.0/act_1/adsets, status=200 200 OK, headers={"Content-Length":["***"],"Content-Type":["app...son"]}, body={"id":"20"}
01:11:16.033 [main] INFO com.marketinghub.facebookadsworker.FacebookAdsService -- Sending POST request to Facebook API: path==>/v23.0/act_1/adcreatives, body={"object_story_spec":{"page_id":"84","instagram_user_id":"21","link_data":{"call_to_action":{"type":"SHOP_NOW","value":{"link":"https://exp.example/landing"}},"link":"https://exp.example/landing","name":"HL","description":"Desc","message":"Texto Criativo","picture":"https://cdn.example/img.jpg"}},"access_token":"***","name":"Exp - Creative"}
01:11:16.036 [main] INFO com.marketinghub.facebookadsworker.FacebookAdsService -- Facebook API response received: method=POST, path<==/v23.0/act_1/adcreatives, status=200 200 OK, headers={"Content-Length":["***"],"Content-Type":["app...son"]}, body={"id":"30"}
01:11:16.079 [main] INFO com.marketinghub.facebookadsworker.FacebookAdsService -- Sending POST request to Facebook API: path==>/v23.0/act_1/ads, body={"access_token":"***","name":"Exp - Ad","adset_id":"20","creative":{"creative_id":"30"},"status":"PAUSED"}
01:11:16.084 [main] INFO com.marketinghub.facebookadsworker.FacebookAdsService -- Facebook API response received: method=POST, path<==/v23.0/act_1/ads, status=200 200 OK, headers={"Content-Length":["***"],"Content-Type":["app...son"]}, body={"id":"40"}
01:11:16.126 [main] INFO com.marketinghub.facebookadsworker.facebookcampaign.FacebookCampaignService -- Reporting Facebook campaign creation to backend: url==>http://localhost:55439/api/facebook-campaigns, params={}, payload={"id":"10","adAccountId":"1","name":"Exp","objective":"OUTCOME_TRAFFIC","budgetMode":"CAMPAIGN","experimentId":1,"facebookAccountId":1,"adSet":{"id":"20","name":"Exp - Ad Set","billingEvent":"IMPRESSIONS","optimizationGoal":"LINK_CLICKS","bidStrategy":"LOWEST_COST_WITHOUT_CAP","bidAmount":"150","dailyBudget":"2000","lifetimeBudget":null,"targetCountry":"BR","destinationType":"WEBSITE","pageId":"84","targetingJson":null,"experimentAdSetId":null},"adCreative":{"id":"30","pageId":"84","instagramActorId":"21","websiteUrl":"https://exp.example/landing","leadGenFormId":null,"message":"Texto Criativo","imageHash":null,"imageUrl":"https://cdn.example/img.jpg","callToActionType":"SHOP_NOW","headline":"HL","description":"Desc"},"ad":{"id":"40","name":"Exp - Ad","adSetId":"20","creativeId":"30"},"adCreatives":[{"id":"30","pageId":"84","instagramActorId":"21","websiteUrl":"https://exp.example/landing","leadGenFormId":null,"message":"Texto Criativo","imageHash":null,"imageUrl":"https://cdn.example/img.jpg","callToActionType":"SHOP_NOW","headline":"HL","description":"Desc"}],"ads":[{"id":"40","name":"Exp - Ad","adSetId":"20","creativeId":"30"}]}
01:11:16.172 [main] INFO com.marketinghub.facebookadsworker.facebookcampaign.FacebookCampaignService -- Successfully reported Facebook campaign creation to backend: url<==http://localhost:55439/api/facebook-campaigns, experimentId=1, campaignId=10
01:11:16.172 [main] INFO com.marketinghub.facebookadsworker.facebookcampaign.FacebookCampaignService -- Marking experiment as RUNNING in backend after Facebook campaign publication: url==>http://localhost:55439/api/experiments/1/status?status=RUNNING, params={}, campaignId=10
01:11:16.215 [main] INFO com.marketinghub.facebookadsworker.facebookcampaign.FacebookCampaignService -- Marked experiment 1 as RUNNING after Facebook campaign publication: campaignId=10
]]></system-out>
  </testcase>
  <testcase name="pausesCampaignWhenStopRequestIsReturned" classname="com.marketinghub.facebookadsworker.facebookcampaign.FacebookCampaignServiceTest" time="0.019">
    <system-out><![CDATA[01:11:16.219 [main] INFO com.marketinghub.facebookadsworker.FacebookAdsService -- Configured Facebook Graph API version: v23.0
01:11:16.219 [main] INFO com.marketinghub.facebookadsworker.FacebookAdsService -- Facebook access token updated: previousToken=null, newToken=***
01:11:16.219 [main] INFO com.marketinghub.facebookadsworker.facebookcampaign.FacebookCampaignService -- Requesting Facebook campaign stop requests from backend: url==>http://localhost:50119/api/facebook-campaigns/stop-requests, params={}
01:11:16.227 [main] INFO com.marketinghub.facebookadsworker.facebookcampaign.FacebookCampaignService -- Received stop requests from backend: url<==http://localhost:50119/api/facebook-campaigns/stop-requests, response=[{"id":"camp-1","externalId":"98765","adAccountId":null,"experimentId":55,"stopReason":null}]
01:11:16.228 [main] INFO com.marketinghub.facebookadsworker.FacebookAdsService -- Sending POST request to Facebook API: path==>/v23.0/98765, body={"access_token":"***","status":"PAUSED"}
01:11:16.232 [main] INFO com.marketinghub.facebookadsworker.FacebookAdsService -- Facebook API response received: method=POST, path<==/v23.0/98765, status=200 200 OK, headers={"Content-Length":["***"],"Content-Type":["app...son"]}, body={"success":true}
01:11:16.232 [main] INFO com.marketinghub.facebookadsworker.facebookcampaign.FacebookCampaignService -- Paused Facebook campaign 98765 requested for experiment 55
01:11:16.233 [main] INFO com.marketinghub.facebookadsworker.facebookcampaign.FacebookCampaignService -- Reporting Facebook campaign stop result to backend: url==>http://localhost:50119/api/facebook-campaigns/camp-1/stop-results, payload={"success":true,"message":null}
]]></system-out>
  </testcase>
  <testcase name="logsConfigurationUnavailableWarningOnlyOncePerOutage" classname="com.marketinghub.facebookadsworker.facebookcampaign.FacebookCampaignServiceTest" time="0.008">
    <system-out><![CDATA[01:11:16.238 [main] INFO com.marketinghub.facebookadsworker.FacebookAdsService -- Configured Facebook Graph API version: v23.0
01:11:16.239 [main] INFO com.marketinghub.facebookadsworker.FacebookAdsService -- Facebook access token updated: previousToken=null, newToken=***
01:11:16.239 [main] WARN com.marketinghub.facebookadsworker.facebookcampaign.FacebookCampaignService -- Facebook worker configuration is unavailable; skipping campaign creation
01:11:16.239 [main] INFO com.marketinghub.facebookadsworker.facebookcampaign.FacebookCampaignService -- Requesting experiments ready for Facebook campaigns from backend: url==>http://localhost:48655/api/facebook-campaigns/experiments-ready, params={}
01:11:16.243 [main] INFO com.marketinghub.facebookadsworker.facebookcampaign.FacebookCampaignService -- Received experiments response from backend: url<==http://localhost:48655/api/facebook-campaigns/experiments-ready, response=[]
01:11:16.243 [main] WARN com.marketinghub.facebookadsworker.facebookcampaign.FacebookCampaignService -- Facebook worker configuration is unavailable; skipping campaign creation
]]></system-out>
  </testcase>
  <testcase name="publishesInstantFormUsingShareLinkWhenFormIdMissing" classname="com.marketinghub.facebookadsworker.facebookcampaign.FacebookCampaignServiceTest" time="0.461">
    <system-out><![CDATA[01:11:16.246 [main] INFO com.marketinghub.facebookadsworker.FacebookAdsService -- Configured Facebook Graph API version: v23.0
01:11:16.246 [main] INFO com.marketinghub.facebookadsworker.FacebookAdsService -- Facebook access token updated: previousToken=null, newToken=***
01:11:16.246 [main] INFO com.marketinghub.facebookadsworker.facebookcampaign.FacebookCampaignService -- Requesting experiments ready for Facebook campaigns from backend: url==>http://localhost:55579/api/facebook-campaigns/experiments-ready, params={}
01:11:16.249 [main] INFO com.marketinghub.facebookadsworker.facebookcampaign.FacebookCampaignService -- Received experiments response from backend: url<==http://localhost:55579/api/facebook-campaigns/experiments-ready, response=[{"id":1,"name":"Exp","pageId":"84","dailyBudget":null,"facebookPage":{"id":9,"pageId":"84","name":"Estúdio"},"instagramAccount":{"id":55,"handle":"@estudio","code":"IG-EST","name":"Estúdio"},"facebookInstantForm":{"id":33,"facebookFormId":null,"name":"Lead","status":"DRAFT","approved":true,"published":false,"shareLink":"https://www.facebook.com/ads/leadgen/?id=2468"},"nextStepInstantForm":true,"leadPortalFlow":null}]
01:11:16.252 [main] INFO com.marketinghub.facebookadsworker.facebookcampaign.FacebookCampaignService -- Requesting creatives for experiment from backend: url==>http://localhost:55579/api/experiments/1/creatives, params={}
01:11:16.295 [main] INFO com.marketinghub.facebookadsworker.facebookcampaign.FacebookCampaignService -- Received creatives response from backend: url<==http://localhost:55579/api/experiments/1/creatives, response=[{"id":101,"experimentId":1,"format":null,"headline":"HL","primaryText":"Texto Criativo","imageUrl":"https://cdn.example/img.jpg","description":"Desc","cta":"SHOP_NOW","destinationUrl":"","leadGenFormId":null,"instagramUserId":"21","status":"READY"}]
01:11:16.297 [main] INFO com.marketinghub.facebookadsworker.facebookcampaign.FacebookCampaignService -- Publishing approved instant form before creating Facebook campaign: experimentId=1, formId=2468
01:11:16.297 [main] INFO com.marketinghub.facebookadsworker.FacebookAdsService -- Sending GET request to Facebook API: path==>/v23.0/2468?access_***=***
01:11:16.300 [main] INFO com.marketinghub.facebookadsworker.FacebookAdsService -- Facebook API response received: method=GET, path<==/v23.0/2468?access_***=***, status=200 200 OK, headers={"Content-Length":["***"],"Content-Type":["app...son"]}, body={"status":"DRAFT"}
01:11:16.300 [main] INFO com.marketinghub.facebookadsworker.FacebookAdsService -- Sending POST request to Facebook API: path==>/v23.0/2468, body={"access_token":"***","status":"ACTIVE"}
01:11:16.343 [main] INFO com.marketinghub.facebookadsworker.FacebookAdsService -- Facebook API response received: method=POST, path<==/v23.0/2468, status=200 200 OK, headers={"Content-Length":["***"],"Content-Type":["app...son"]}, body={"success":true}
01:11:16.343 [main] INFO com.marketinghub.facebookadsworker.FacebookAdsService -- Sending GET request to Facebook API: path==>/v23.0/2468?access_***=***
01:11:16.386 [main] INFO com.marketinghub.facebookadsworker.FacebookAdsService -- Facebook API response received: method=GET, path<==/v23.0/2468?access_***=***, status=200 200 OK, headers={"Content-Length":["***"],"Content-Type":["app...son"]}, body={"id":"2468","status":"ACTIVE","share_link":"https://www.facebook.com/ads/leadgen/?id=2468"}
01:11:16.386 [main] INFO com.marketinghub.facebookadsworker.facebookcampaign.FacebookCampaignService -- Using instant form share link as destination URL for experiment 1: link=https://www.facebook.com/ads/leadgen/?id=2468
01:11:16.386 [main] INFO com.marketinghub.facebookadsworker.facebookcampaign.FacebookCampaignService -- Using instant form ID as lead generation destination for experiment 1: formId=2468
01:11:16.386 [main] INFO com.marketinghub.facebookadsworker.facebookcampaign.FacebookCampaignService -- Using instant form share link as destination URL for experiment 1: link=https://www.facebook.com/ads/leadgen/?id=2468
01:11:16.386 [main] INFO com.marketinghub.facebookadsworker.facebookcampaign.FacebookCampaignService -- Using instant form ID as lead generation destination for experiment 1: formId=2468
01:11:16.386 [main] INFO com.marketinghub.facebookadsworker.FacebookAdsService -- Sending POST request to Facebook API: path==>/v23.0/act_1/campaigns, body={"access_token":"***","special_ad_categories":[],"name":"Exp","status":"PAUSED","objective":"OUTCOME_LEADS"}
01:11:16.429 [main] INFO com.marketinghub.facebookadsworker.FacebookAdsService -- Facebook API response received: method=POST, path<==/v23.0/act_1/campaigns, status=200 200 OK, headers={"Content-Length":["***"],"Content-Type":["app...son"]}, body={"id":"10"}
01:11:16.432 [main] WARN com.marketinghub.facebookadsworker.FacebookAdsService -- Ignoring bid_amount for ad set 'Exp - Ad Set' because the lowest cost strategy does not accept manual bids
01:11:16.433 [main] INFO com.marketinghub.facebookadsworker.FacebookAdsService -- Sending POST request to Facebook API: path==>/v23.0/act_1/adsets, body={"optimization_goal":"LEAD_GENERATION","access_token":"***","destination_type":"ON_AD","targeting":{"targeting_automation":{"advantage_audience":0},"geo_locations":{"countries":["BR"]}},"billing_event":"IMPRESSIONS","bid_strategy":"LOWEST_COST_WITHOUT_CAP","promoted_object":{"page_id":"42"},"name":"Exp - Ad Set","daily_budget":"2000","campaign_id":"10","status":"PAUSED"}
01:11:16.476 [main] INFO com.marketinghub.facebookadsworker.FacebookAdsService -- Facebook API response received: method=POST, path<==/v23.0/act_1/adsets, status=200 200 OK, headers={"Content-Length":["***"],"Content-Type":["app...son"]}, body={"id":"20"}
01:11:16.479 [main] INFO com.marketinghub.facebookadsworker.FacebookAdsService -- Sending POST request to Facebook API: path==>/v23.0/act_1/adcreatives, body={"object_story_spec":{"page_id":"42","instagram_user_id":"21","link_data":{"call_to_action":{"type":"SHOP_NOW","value":{"lead_gen_form_id":"2468","link":"https://www.facebook.com/ads/leadgen/?id=2468"}},"link":"https://www.facebook.com/ads/leadgen/?id=2468","name":"HL","description":"Desc","message":"Texto Criativo","picture":"https://cdn.example/img.jpg"}},"access_token":"***","name":"Exp - Creative"}
01:11:16.523 [main] INFO com.marketinghub.facebookadsworker.FacebookAdsService -- Facebook API response received: method=POST, path<==/v23.0/act_1/adcreatives, status=200 200 OK, headers={"Content-Length":["***"],"Content-Type":["app...son"]}, body={"id":"30"}
01:11:16.526 [main] INFO com.marketinghub.facebookadsworker.FacebookAdsService -- Sending POST request to Facebook API: path==>/v23.0/act_1/ads, body={"access_token":"***","name":"Exp - Ad","adset_id":"20","creative":{"creative_id":"30"},"status":"PAUSED"}
01:11:16.569 [main] INFO com.marketinghub.facebookadsworker.FacebookAdsService -- Facebook API response received: method=POST, path<==/v23.0/act_1/ads, status=200 200 OK, headers={"Content-Length":["***"],"Content-Type":["app...son"]}, body={"id":"40"}
01:11:16.572 [main] INFO com.marketinghub.facebookadsworker.facebookcampaign.FacebookCampaignService -- Reporting Facebook campaign creation to backend: url==>http://localhost:55579/api/facebook-campaigns, params={}, payload={"id":"10","adAccountId":"1","name":"Exp","objective":"OUTCOME_LEADS","budgetMode":"CAMPAIGN","experimentId":1,"facebookAccountId":1,"adSet":{"id":"20","name":"Exp - Ad Set","billingEvent":"IMPRESSIONS","optimizationGoal":"LEAD_GENERATION","bidStrategy":"LOWEST_COST_WITHOUT_CAP","bidAmount":"150","dailyBudget":"2000","lifetimeBudget":null,"targetCountry":"BR","destinationType":"ON_AD","pageId":"42","targetingJson":null,"experimentAdSetId":null},"adCreative":{"id":"30","pageId":"42","instagramActorId":"21","websiteUrl":"https://www.facebook.com/ads/leadgen/?id=2468","leadGenFormId":"2468","message":"Texto Criativo","imageHash":null,"imageUrl":"https://cdn.example/img.jpg","callToActionType":"SHOP_NOW","headline":"HL","description":"Desc"},"ad":{"id":"40","name":"Exp - Ad","adSetId":"20","creativeId":"30"},"adCreatives":[{"id":"30","pageId":"42","instagramActorId":"21","websiteUrl":"https://www.facebook.com/ads/leadgen/?id=2468","leadGenFormId":"2468","message":"Texto Criativo","imageHash":null,"imageUrl":"https://cdn.example/img.jpg","callToActionType":"SHOP_NOW","headline":"HL","description":"Desc"}],"ads":[{"id":"40","name":"Exp - Ad","adSetId":"20","creativeId":"30"}]}
01:11:16.618 [main] INFO com.marketinghub.facebookadsworker.facebookcampaign.FacebookCampaignService -- Successfully reported Facebook campaign creation to backend: url<==http://localhost:55579/api/facebook-campaigns, experimentId=1, campaignId=10
01:11:16.618 [main] INFO com.marketinghub.facebookadsworker.facebookcampaign.FacebookCampaignService -- Reporting instant form publication to backend: url==>http://localhost:55579/api/instant-forms/33/publication, payload={"published":true,"publishedAt":1776215476.386703084,"shareLink":"https://www.facebook.com/ads/leadgen/?id=2468","status":"ACTIVE","facebookFormId":"2468"}
01:11:16.662 [main] INFO com.marketinghub.facebookadsworker.facebookcampaign.FacebookCampaignService -- Successfully reported instant form publication to backend: url<==http://localhost:55579/api/instant-forms/33/publication
01:11:16.662 [main] INFO com.marketinghub.facebookadsworker.facebookcampaign.FacebookCampaignService -- Marking experiment as RUNNING in backend after Facebook campaign publication: url==>http://localhost:55579/api/experiments/1/status?status=RUNNING, params={}, campaignId=10
01:11:16.704 [main] INFO com.marketinghub.facebookadsworker.facebookcampaign.FacebookCampaignService -- Marked experiment 1 as RUNNING after Facebook campaign publication: campaignId=10
]]></system-out>
  </testcase>
  <testcase name="skipsExperimentAfterPermissionErrorEvenIfBackendKeepsReturningIt" classname="com.marketinghub.facebookadsworker.facebookcampaign.FacebookCampaignServiceTest" time="0.228">
    <system-out><![CDATA[01:11:16.707 [main] INFO com.marketinghub.facebookadsworker.FacebookAdsService -- Configured Facebook Graph API version: v23.0
01:11:16.707 [main] INFO com.marketinghub.facebookadsworker.FacebookAdsService -- Facebook access token updated: previousToken=null, newToken=***
01:11:16.708 [main] INFO com.marketinghub.facebookadsworker.facebookcampaign.FacebookCampaignService -- Requesting experiments ready for Facebook campaigns from backend: url==>http://localhost:56479/api/facebook-campaigns/experiments-ready, params={}
01:11:16.711 [main] INFO com.marketinghub.facebookadsworker.facebookcampaign.FacebookCampaignService -- Received experiments response from backend: url<==http://localhost:56479/api/facebook-campaigns/experiments-ready, response=[{"id":1,"name":"Exp","pageId":null,"dailyBudget":null,"facebookPage":{"id":9,"pageId":"84","name":"Estúdio"},"instagramAccount":{"id":55,"handle":"@estudio","code":"IG-EST","name":"Estúdio"},"facebookInstantForm":null,"nextStepInstantForm":false,"leadPortalFlow":null}]
01:11:16.712 [main] INFO com.marketinghub.facebookadsworker.facebookcampaign.FacebookCampaignService -- Requesting creatives for experiment from backend: url==>http://localhost:56479/api/experiments/1/creatives, params={}
01:11:16.754 [main] INFO com.marketinghub.facebookadsworker.facebookcampaign.FacebookCampaignService -- Received creatives response from backend: url<==http://localhost:56479/api/experiments/1/creatives, response=[{"id":101,"experimentId":1,"format":null,"headline":"HL","primaryText":"Texto Criativo","imageUrl":"https://cdn.example/img.jpg","description":"Desc","cta":"SHOP_NOW","destinationUrl":"https://exp.example/landing","leadGenFormId":null,"instagramUserId":"21","status":"READY"}]
01:11:16.798 [main] INFO com.marketinghub.facebookadsworker.facebookcampaign.FacebookCampaignService -- Requesting ad sets for experiment from backend: url==>http://localhost:56479/api/adsets?experimentId=1, params={"experimentId":1}
01:11:16.840 [main] INFO com.marketinghub.facebookadsworker.facebookcampaign.FacebookCampaignService -- Received ad sets response from backend: url<==http://localhost:56479/api/adsets?experimentId=1, response=[]
01:11:16.840 [main] INFO com.marketinghub.facebookadsworker.FacebookAdsService -- Sending POST request to Facebook API: path==>/v23.0/act_1/campaigns, body={"access_token":"***","special_ad_categories":[],"name":"Exp","status":"PAUSED","objective":"OUTCOME_TRAFFIC"}
01:11:16.844 [main] ERROR com.marketinghub.facebookadsworker.FacebookAdsService -- Facebook API POST request failed: path<==/v23.0/act_1/campaigns, status=400, responseBody={"e...6}}, errorDetails={"type":"OAuthException","code":200,"error_subcode":1815066,"message":"Permissions error"}, headers={"Content-Length":["***"],"Content-Type":["app...son"]}
org.springframework.web.reactive.function.client.WebClientResponseException$BadRequest: 400 Bad Request from POST http://localhost:50719/v23.0/act_1/campaigns
	at org.springframework.web.reactive.function.client.WebClientResponseException.create(WebClientResponseException.java:307)
	at org.springframework.web.reactive.function.client.DefaultClientResponse.lambda$createException$1(DefaultClientResponse.java:214)
	at reactor.core.publisher.FluxMap$MapSubscriber.onNext(FluxMap.java:106)
	at reactor.core.publisher.FluxOnErrorReturn$ReturnSubscriber.onNext(FluxOnErrorReturn.java:162)
	at reactor.core.publisher.FluxDefaultIfEmpty$DefaultIfEmptySubscriber.onNext(FluxDefaultIfEmpty.java:122)
	at reactor.core.publisher.FluxOnAssembly$OnAssemblySubscriber.onNext(FluxOnAssembly.java:539)
	at reactor.core.publisher.FluxMapFuseable$MapFuseableSubscriber.onNext(FluxMapFuseable.java:129)
	at reactor.core.publisher.FluxContextWrite$ContextWriteSubscriber.onNext(FluxContextWrite.java:107)
	at reactor.core.publisher.FluxMapFuseable$MapFuseableConditionalSubscriber.onNext(FluxMapFuseable.java:299)
	at reactor.core.publisher.FluxFilterFuseable$FilterFuseableConditionalSubscriber.onNext(FluxFilterFuseable.java:337)
	at reactor.core.publisher.Operators$BaseFluxToMonoOperator.completePossiblyEmpty(Operators.java:2097)
	at reactor.core.publisher.MonoCollect$CollectSubscriber.onComplete(MonoCollect.java:145)
	at reactor.core.publisher.FluxMap$MapSubscriber.onComplete(FluxMap.java:144)
	at reactor.core.publisher.FluxPeek$PeekSubscriber.onComplete(FluxPeek.java:260)
	at reactor.core.publisher.FluxMap$MapSubscriber.onComplete(FluxMap.java:144)
	at reactor.netty.channel.FluxReceive.onInboundComplete(FluxReceive.java:415)
	at reactor.netty.channel.ChannelOperations.onInboundComplete(ChannelOperations.java:446)
	at reactor.netty.channel.ChannelOperations.terminate(ChannelOperations.java:500)
	at reactor.netty.http.client.HttpClientOperations.onInboundNext(HttpClientOperations.java:793)
	at reactor.netty.channel.ChannelOperationsHandler.channelRead(ChannelOperationsHandler.java:114)
	at io.netty.channel.AbstractChannelHandlerContext.invokeChannelRead(AbstractChannelHandlerContext.java:444)
	at io.netty.channel.AbstractChannelHandlerContext.invokeChannelRead(AbstractChannelHandlerContext.java:420)
	at io.netty.channel.AbstractChannelHandlerContext.fireChannelRead(AbstractChannelHandlerContext.java:412)
	at io.netty.handler.timeout.IdleStateHandler.channelRead(IdleStateHandler.java:289)
	at io.netty.channel.AbstractChannelHandlerContext.invokeChannelRead(AbstractChannelHandlerContext.java:442)
	at io.netty.channel.AbstractChannelHandlerContext.invokeChannelRead(AbstractChannelHandlerContext.java:420)
	at io.netty.channel.AbstractChannelHandlerContext.fireChannelRead(AbstractChannelHandlerContext.java:412)
	at io.netty.channel.CombinedChannelDuplexHandler$DelegatingChannelHandlerContext.fireChannelRead(CombinedChannelDuplexHandler.java:436)
	at io.netty.handler.codec.ByteToMessageDecoder.fireChannelRead(ByteToMessageDecoder.java:346)
	at io.netty.handler.codec.ByteToMessageDecoder.channelRead(ByteToMessageDecoder.java:318)
	at io.netty.channel.CombinedChannelDuplexHandler.channelRead(CombinedChannelDuplexHandler.java:251)
	at io.netty.channel.AbstractChannelHandlerContext.invokeChannelRead(AbstractChannelHandlerContext.java:442)
	at io.netty.channel.AbstractChannelHandlerContext.invokeChannelRead(AbstractChannelHandlerContext.java:420)
	at io.netty.channel.AbstractChannelHandlerContext.fireChannelRead(AbstractChannelHandlerContext.java:412)
	at io.netty.channel.DefaultChannelPipeline$HeadContext.channelRead(DefaultChannelPipeline.java:1410)
	at io.netty.channel.AbstractChannelHandlerContext.invokeChannelRead(AbstractChannelHandlerContext.java:440)
	at io.netty.channel.AbstractChannelHandlerContext.invokeChannelRead(AbstractChannelHandlerContext.java:420)
	at io.netty.channel.DefaultChannelPipeline.fireChannelRead(DefaultChannelPipeline.java:919)
	at io.netty.channel.epoll.AbstractEpollStreamChannel$EpollStreamUnsafe.epollInReady(AbstractEpollStreamChannel.java:801)
	at io.netty.channel.epoll.EpollEventLoop.processReady(EpollEventLoop.java:501)
	at io.netty.channel.epoll.EpollEventLoop.run(EpollEventLoop.java:399)
	at io.netty.util.concurrent.SingleThreadEventExecutor$4.run(SingleThreadEventExecutor.java:997)
	at io.netty.util.internal.ThreadExecutorMap$2.run(ThreadExecutorMap.java:74)
	at io.netty.util.concurrent.FastThreadLocalRunnable.run(FastThreadLocalRunnable.java:30)
	at java.base/java.lang.Thread.run(Thread.java:1583)
	Suppressed: java.lang.Exception: #block terminated with an error
		at reactor.core.publisher.BlockingSingleSubscriber.blockingGet(BlockingSingleSubscriber.java:104)
		at reactor.core.publisher.Mono.block(Mono.java:1779)
		at com.marketinghub.facebookadsworker.FacebookAdsService.executePost(FacebookAdsService.java:2278)
		at com.marketinghub.facebookadsworker.FacebookAdsService.createInstagramCampaign(FacebookAdsService.java:171)
		at com.marketinghub.facebookadsworker.FacebookAdsService.createCampaign(FacebookAdsService.java:180)
		at com.marketinghub.facebookadsworker.facebookcampaign.FacebookCampaignService.lambda$processExperiment$5(FacebookCampaignService.java:364)
		at com.marketinghub.facebookadsworker.facebookcampaign.FacebookCampaignService.executeFacebookCallWithLogging(FacebookCampaignService.java:1220)
		at com.marketinghub.facebookadsworker.facebookcampaign.FacebookCampaignService.processExperiment(FacebookCampaignService.java:361)
		at com.marketinghub.facebookadsworker.facebookcampaign.FacebookCampaignService.lambda$createCampaignsFromExperiments$1(FacebookCampaignService.java:202)
		at java.base/java.util.ArrayList.forEach(ArrayList.java:1596)
		at com.marketinghub.facebookadsworker.facebookcampaign.FacebookCampaignService.createCampaignsFromExperiments(FacebookCampaignService.java:194)
		at com.marketinghub.facebookadsworker.facebookcampaign.FacebookCampaignServiceTest.skipsExperimentAfterPermissionErrorEvenIfBackendKeepsReturningIt(FacebookCampaignServiceTest.java:828)
		at java.base/jdk.internal.reflect.DirectMethodHandleAccessor.invoke(DirectMethodHandleAccessor.java:103)
		at java.base/java.lang.reflect.Method.invoke(Method.java:580)
		at org.junit.platform.commons.util.ReflectionUtils.invokeMethod(ReflectionUtils.java:728)
		at org.junit.jupiter.engine.execution.MethodInvocation.proceed(MethodInvocation.java:60)
		at org.junit.jupiter.engine.execution.InvocationInterceptorChain$ValidatingInvocation.proceed(InvocationInterceptorChain.java:131)
		at org.junit.jupiter.engine.extension.SameThreadTimeoutInvocation.proceed(SameThreadTimeoutInvocation.java:45)
		at org.junit.jupiter.engine.extension.TimeoutExtension.intercept(TimeoutExtension.java:156)
		at org.junit.jupiter.engine.extension.TimeoutExtension.interceptTestableMethod(TimeoutExtension.java:147)
		at org.junit.jupiter.engine.extension.TimeoutExtension.interceptTestMethod(TimeoutExtension.java:86)
		at org.junit.jupiter.engine.execution.InterceptingExecutableInvoker$ReflectiveInterceptorCall.lambda$ofVoidMethod$0(InterceptingExecutableInvoker.java:103)
		at org.junit.jupiter.engine.execution.InterceptingExecutableInvoker.lambda$invoke$0(InterceptingExecutableInvoker.java:93)
		at org.junit.jupiter.engine.execution.InvocationInterceptorChain$InterceptedInvocation.proceed(InvocationInterceptorChain.java:106)
		at org.junit.jupiter.engine.execution.InvocationInterceptorChain.proceed(InvocationInterceptorChain.java:64)
		at org.junit.jupiter.engine.execution.InvocationInterceptorChain.chainAndInvoke(InvocationInterceptorChain.java:45)
		at org.junit.jupiter.engine.execution.InvocationInterceptorChain.invoke(InvocationInterceptorChain.java:37)
		at org.junit.jupiter.engine.execution.InterceptingExecutableInvoker.invoke(InterceptingExecutableInvoker.java:92)
		at org.junit.jupiter.engine.execution.InterceptingExecutableInvoker.invoke(InterceptingExecutableInvoker.java:86)
		at org.junit.jupiter.engine.descriptor.TestMethodTestDescriptor.lambda$invokeTestMethod$7(TestMethodTestDescriptor.java:218)
		at org.junit.platform.engine.support.hierarchical.ThrowableCollector.execute(ThrowableCollector.java:73)
		at org.junit.jupiter.engine.descriptor.TestMethodTestDescriptor.invokeTestMethod(TestMethodTestDescriptor.java:214)
		at org.junit.jupiter.engine.descriptor.TestMethodTestDescriptor.execute(TestMethodTestDescriptor.java:139)
		at org.junit.jupiter.engine.descriptor.TestMethodTestDescriptor.execute(TestMethodTestDescriptor.java:69)
		at org.junit.platform.engine.support.hierarchical.NodeTestTask.lambda$executeRecursively$6(NodeTestTask.java:151)
		at org.junit.platform.engine.support.hierarchical.ThrowableCollector.execute(ThrowableCollector.java:73)
		at org.junit.platform.engine.support.hierarchical.NodeTestTask.lambda$executeRecursively$8(NodeTestTask.java:141)
		at org.junit.platform.engine.support.hierarchical.Node.around(Node.java:137)
		at org.junit.platform.engine.support.hierarchical.NodeTestTask.lambda$executeRecursively$9(NodeTestTask.java:139)
		at org.junit.platform.engine.support.hierarchical.ThrowableCollector.execute(ThrowableCollector.java:73)
		at org.junit.platform.engine.support.hierarchical.NodeTestTask.executeRecursively(NodeTestTask.java:138)
		at org.junit.platform.engine.support.hierarchical.NodeTestTask.execute(NodeTestTask.java:95)
		at java.base/java.util.ArrayList.forEach(ArrayList.java:1596)
		at org.junit.platform.engine.support.hierarchical.SameThreadHierarchicalTestExecutorService.invokeAll(SameThreadHierarchicalTestExecutorService.java:41)
		at org.junit.platform.engine.support.hierarchical.NodeTestTask.lambda$executeRecursively$6(NodeTestTask.java:155)
		at org.junit.platform.engine.support.hierarchical.ThrowableCollector.execute(ThrowableCollector.java:73)
		at org.junit.platform.engine.support.hierarchical.NodeTestTask.lambda$executeRecursively$8(NodeTestTask.java:141)
		at org.junit.platform.engine.support.hierarchical.Node.around(Node.java:137)
		at org.junit.platform.engine.support.hierarchical.NodeTestTask.lambda$executeRecursively$9(NodeTestTask.java:139)
		at org.junit.platform.engine.support.hierarchical.ThrowableCollector.execute(ThrowableCollector.java:73)
		at org.junit.platform.engine.support.hierarchical.NodeTestTask.executeRecursively(NodeTestTask.java:138)
		at org.junit.platform.engine.support.hierarchical.NodeTestTask.execute(NodeTestTask.java:95)
		at java.base/java.util.ArrayList.forEach(ArrayList.java:1596)
		at org.junit.platform.engine.support.hierarchical.SameThreadHierarchicalTestExecutorService.invokeAll(SameThreadHierarchicalTestExecutorService.java:41)
		at org.junit.platform.engine.support.hierarchical.NodeTestTask.lambda$executeRecursively$6(NodeTestTask.java:155)
		at org.junit.platform.engine.support.hierarchical.ThrowableCollector.execute(ThrowableCollector.java:73)
		at org.junit.platform.engine.support.hierarchical.NodeTestTask.lambda$executeRecursively$8(NodeTestTask.java:141)
		at org.junit.platform.engine.support.hierarchical.Node.around(Node.java:137)
		at org.junit.platform.engine.support.hierarchical.NodeTestTask.lambda$executeRecursively$9(NodeTestTask.java:139)
		at org.junit.platform.engine.support.hierarchical.ThrowableCollector.execute(ThrowableCollector.java:73)
		at org.junit.platform.engine.support.hierarchical.NodeTestTask.executeRecursively(NodeTestTask.java:138)
		at org.junit.platform.engine.support.hierarchical.NodeTestTask.execute(NodeTestTask.java:95)
		at org.junit.platform.engine.support.hierarchical.SameThreadHierarchicalTestExecutorService.submit(SameThreadHierarchicalTestExecutorService.java:35)
		at org.junit.platform.engine.support.hierarchical.HierarchicalTestExecutor.execute(HierarchicalTestExecutor.java:57)
		at org.junit.platform.engine.support.hierarchical.HierarchicalTestEngine.execute(HierarchicalTestEngine.java:54)
		at org.junit.platform.launcher.core.EngineExecutionOrchestrator.execute(EngineExecutionOrchestrator.java:198)
		at org.junit.platform.launcher.core.EngineExecutionOrchestrator.execute(EngineExecutionOrchestrator.java:169)
		at org.junit.platform.launcher.core.EngineExecutionOrchestrator.execute(EngineExecutionOrchestrator.java:93)
		at org.junit.platform.launcher.core.EngineExecutionOrchestrator.lambda$execute$0(EngineExecutionOrchestrator.java:58)
		at org.junit.platform.launcher.core.EngineExecutionOrchestrator.withInterceptedStreams(EngineExecutionOrchestrator.java:141)
		at org.junit.platform.launcher.core.EngineExecutionOrchestrator.execute(EngineExecutionOrchestrator.java:57)
		at org.junit.platform.launcher.core.DefaultLauncher.execute(DefaultLauncher.java:103)
		at org.junit.platform.launcher.core.DefaultLauncher.execute(DefaultLauncher.java:85)
		at org.junit.platform.launcher.core.DelegatingLauncher.execute(DelegatingLauncher.java:47)
		at org.apache.maven.surefire.junitplatform.LazyLauncher.execute(LazyLauncher.java:56)
		at org.apache.maven.surefire.junitplatform.JUnitPlatformProvider.execute(JUnitPlatformProvider.java:184)
		at org.apache.maven.surefire.junitplatform.JUnitPlatformProvider.invokeAllTests(JUnitPlatformProvider.java:148)
		at org.apache.maven.surefire.junitplatform.JUnitPlatformProvider.invoke(JUnitPlatformProvider.java:122)
		at org.apache.maven.surefire.booter.ForkedBooter.runSuitesInProcess(ForkedBooter.java:385)
		at org.apache.maven.surefire.booter.ForkedBooter.execute(ForkedBooter.java:162)
		at org.apache.maven.surefire.booter.ForkedBooter.run(ForkedBooter.java:507)
		at org.apache.maven.surefire.booter.ForkedBooter.main(ForkedBooter.java:495)
01:11:16.846 [main] WARN com.marketinghub.facebookadsworker.facebookcampaign.FacebookCampaignService -- Experiment 1 blocked after Facebook permission error; the worker will keep it skipped until restart
01:11:16.846 [main] WARN com.marketinghub.facebookadsworker.facebookcampaign.FacebookCampaignService -- Skipping experiment due to Facebook permission error: id=1, name=Exp, message=Permissions error, details={"type":"OAuthException","code":200,"error_subcode":1815066,"message":"Permissions error"}
01:11:16.846 [main] INFO com.marketinghub.facebookadsworker.facebookcampaign.FacebookCampaignService -- Marking experiment as FAILED in backend: url==>http://localhost:56479/api/experiments/1/status?status=FAILED, params={}, reason=Permissions error
01:11:16.888 [main] INFO com.marketinghub.facebookadsworker.facebookcampaign.FacebookCampaignService -- Marked experiment 1 as FAILED after campaign processing error: Permissions error
01:11:16.888 [main] INFO com.marketinghub.facebookadsworker.facebookcampaign.FacebookCampaignService -- Requesting experiments ready for Facebook campaigns from backend: url==>http://localhost:56479/api/facebook-campaigns/experiments-ready, params={}
01:11:16.932 [main] INFO com.marketinghub.facebookadsworker.facebookcampaign.FacebookCampaignService -- Received experiments response from backend: url<==http://localhost:56479/api/facebook-campaigns/experiments-ready, response=[]
]]></system-out>
  </testcase>
  <testcase name="normalizesAiInstantFormIdentifierBeforeCallingFacebook" classname="com.marketinghub.facebookadsworker.facebookcampaign.FacebookCampaignServiceTest" time="0.41">
    <system-out><![CDATA[01:11:16.936 [main] INFO com.marketinghub.facebookadsworker.FacebookAdsService -- Configured Facebook Graph API version: v23.0
01:11:16.936 [main] INFO com.marketinghub.facebookadsworker.FacebookAdsService -- Facebook access token updated: previousToken=null, newToken=***
01:11:16.936 [main] INFO com.marketinghub.facebookadsworker.facebookcampaign.FacebookCampaignService -- Requesting experiments ready for Facebook campaigns from backend: url==>http://localhost:42007/api/facebook-campaigns/experiments-ready, params={}
01:11:16.940 [main] INFO com.marketinghub.facebookadsworker.facebookcampaign.FacebookCampaignService -- Received experiments response from backend: url<==http://localhost:42007/api/facebook-campaigns/experiments-ready, response=[{"id":1,"name":"Exp","pageId":"84","dailyBudget":null,"facebookPage":{"id":9,"pageId":"84","name":"Estúdio"},"instagramAccount":{"id":55,"handle":"@estudio","code":"IG-EST","name":"Estúdio"},"facebookInstantForm":{"id":33,"facebookFormId":"ai_form_3_1_token","name":"Lead","status":"DRAFT","approved":true,"published":false,"shareLink":null},"nextStepInstantForm":true,"leadPortalFlow":null}]
01:11:16.942 [main] INFO com.marketinghub.facebookadsworker.facebookcampaign.FacebookCampaignService -- Requesting creatives for experiment from backend: url==>http://localhost:42007/api/experiments/1/creatives, params={}
01:11:16.984 [main] INFO com.marketinghub.facebookadsworker.facebookcampaign.FacebookCampaignService -- Received creatives response from backend: url<==http://localhost:42007/api/experiments/1/creatives, response=[{"id":101,"experimentId":1,"format":null,"headline":"HL","primaryText":"Texto Criativo","imageUrl":"https://cdn.example/img.jpg","description":"Desc","cta":"SHOP_NOW","destinationUrl":"","leadGenFormId":null,"instagramUserId":"21","status":"READY"}]
01:11:16.985 [main] INFO com.marketinghub.facebookadsworker.facebookcampaign.FacebookCampaignService -- Normalized placeholder instant form identifier ai_form_3_1_token to form_3_1_token while waiting for Meta confirmation
01:11:16.985 [main] INFO com.marketinghub.facebookadsworker.facebookcampaign.FacebookCampaignService -- Publishing approved instant form before creating Facebook campaign: experimentId=1, formId=form_3_1_token
01:11:16.985 [main] INFO com.marketinghub.facebookadsworker.FacebookAdsService -- Sending GET request to Facebook API: path==>/v23.0/form_3_1_***?access_***=***
01:11:16.988 [main] INFO com.marketinghub.facebookadsworker.FacebookAdsService -- Facebook API response received: method=GET, path<==/v23.0/form_3_1_***?access_***=***, status=200 200 OK, headers={"Content-Length":["***"],"Content-Type":["app...son"]}, body={"status":"DRAFT"}
01:11:16.988 [main] INFO com.marketinghub.facebookadsworker.FacebookAdsService -- Sending POST request to Facebook API: path==>/v23.0/form_3_1_***, body={"access_token":"***","status":"ACTIVE"}
01:11:17.030 [main] INFO com.marketinghub.facebookadsworker.FacebookAdsService -- Facebook API response received: method=POST, path<==/v23.0/form_3_1_***, status=200 200 OK, headers={"Content-Length":["***"],"Content-Type":["app...son"]}, body={"success":true}
01:11:17.031 [main] INFO com.marketinghub.facebookadsworker.FacebookAdsService -- Sending GET request to Facebook API: path==>/v23.0/form_3_1_***?access_***=***
01:11:17.033 [main] INFO com.marketinghub.facebookadsworker.FacebookAdsService -- Facebook API response received: method=GET, path<==/v23.0/form_3_1_***?access_***=***, status=200 200 OK, headers={"Content-Length":["***"],"Content-Type":["app...son"]}, body={"id":"form_3_1_token","status":"ACTIVE"}
01:11:17.033 [main] INFO com.marketinghub.facebookadsworker.facebookcampaign.FacebookCampaignService -- Using instant form share link as destination URL for experiment 1: link=https://www.facebook.com/ads/leadgen/?id=form_3_1_token
01:11:17.033 [main] INFO com.marketinghub.facebookadsworker.facebookcampaign.FacebookCampaignService -- Using instant form ID as lead generation destination for experiment 1: formId=form_3_1_token
01:11:17.033 [main] INFO com.marketinghub.facebookadsworker.facebookcampaign.FacebookCampaignService -- Using instant form share link as destination URL for experiment 1: link=https://www.facebook.com/ads/leadgen/?id=form_3_1_token
01:11:17.033 [main] INFO com.marketinghub.facebookadsworker.facebookcampaign.FacebookCampaignService -- Using instant form ID as lead generation destination for experiment 1: formId=form_3_1_token
01:11:17.033 [main] INFO com.marketinghub.facebookadsworker.FacebookAdsService -- Sending POST request to Facebook API: path==>/v23.0/act_1/campaigns, body={"access_token":"***","special_ad_categories":[],"name":"Exp","status":"PAUSED","objective":"OUTCOME_LEADS"}
01:11:17.075 [main] INFO com.marketinghub.facebookadsworker.FacebookAdsService -- Facebook API response received: method=POST, path<==/v23.0/act_1/campaigns, status=200 200 OK, headers={"Content-Length":["***"],"Content-Type":["app...son"]}, body={"id":"10"}
01:11:17.078 [main] WARN com.marketinghub.facebookadsworker.FacebookAdsService -- Ignoring bid_amount for ad set 'Exp - Ad Set' because the lowest cost strategy does not accept manual bids
01:11:17.079 [main] INFO com.marketinghub.facebookadsworker.FacebookAdsService -- Sending POST request to Facebook API: path==>/v23.0/act_1/adsets, body={"optimization_goal":"LEAD_GENERATION","access_token":"***","destination_type":"ON_AD","targeting":{"targeting_automation":{"advantage_audience":0},"geo_locations":{"countries":["BR"]}},"billing_event":"IMPRESSIONS","bid_strategy":"LOWEST_COST_WITHOUT_CAP","promoted_object":{"page_id":"42"},"name":"Exp - Ad Set","daily_budget":"2000","campaign_id":"10","status":"PAUSED"}
01:11:17.080 [main] INFO com.marketinghub.facebookadsworker.FacebookAdsService -- Facebook API response received: method=POST, path<==/v23.0/act_1/adsets, status=200 200 OK, headers={"Content-Length":["***"],"Content-Type":["app...son"]}, body={"id":"20"}
01:11:17.123 [main] INFO com.marketinghub.facebookadsworker.FacebookAdsService -- Sending POST request to Facebook API: path==>/v23.0/act_1/adcreatives, body={"object_story_spec":{"page_id":"42","instagram_user_id":"21","link_data":{"call_to_action":{"type":"SHOP_NOW","value":{"lead_gen_form_id":"form_3_1_token","link":"https://www.facebook.com/ads/leadgen/?id=form_3_1_token"}},"link":"https://www.facebook.com/ads/leadgen/?id=form_3_1_token","name":"HL","description":"Desc","message":"Texto Criativo","picture":"https://cdn.example/img.jpg"}},"access_token":"***","name":"Exp - Creative"}
01:11:17.126 [main] INFO com.marketinghub.facebookadsworker.FacebookAdsService -- Facebook API response received: method=POST, path<==/v23.0/act_1/adcreatives, status=200 200 OK, headers={"Content-Length":["***"],"Content-Type":["app...son"]}, body={"id":"30"}
01:11:17.168 [main] INFO com.marketinghub.facebookadsworker.FacebookAdsService -- Sending POST request to Facebook API: path==>/v23.0/act_1/ads, body={"access_token":"***","name":"Exp - Ad","adset_id":"20","creative":{"creative_id":"30"},"status":"PAUSED"}
01:11:17.170 [main] INFO com.marketinghub.facebookadsworker.FacebookAdsService -- Facebook API response received: method=POST, path<==/v23.0/act_1/ads, status=200 200 OK, headers={"Content-Length":["***"],"Content-Type":["app...son"]}, body={"id":"40"}
01:11:17.212 [main] INFO com.marketinghub.facebookadsworker.facebookcampaign.FacebookCampaignService -- Reporting Facebook campaign creation to backend: url==>http://localhost:42007/api/facebook-campaigns, params={}, payload={"id":"10","adAccountId":"1","name":"Exp","objective":"OUTCOME_LEADS","budgetMode":"CAMPAIGN","experimentId":1,"facebookAccountId":1,"adSet":{"id":"20","name":"Exp - Ad Set","billingEvent":"IMPRESSIONS","optimizationGoal":"LEAD_GENERATION","bidStrategy":"LOWEST_COST_WITHOUT_CAP","bidAmount":"150","dailyBudget":"2000","lifetimeBudget":null,"targetCountry":"BR","destinationType":"ON_AD","pageId":"42","targetingJson":null,"experimentAdSetId":null},"adCreative":{"id":"30","pageId":"42","instagramActorId":"21","websiteUrl":"https://www.facebook.com/ads/leadgen/?id=form_3_1_token","leadGenFormId":"form_3_1_token","message":"Texto Criativo","imageHash":null,"imageUrl":"https://cdn.example/img.jpg","callToActionType":"SHOP_NOW","headline":"HL","description":"Desc"},"ad":{"id":"40","name":"Exp - Ad","adSetId":"20","creativeId":"30"},"adCreatives":[{"id":"30","pageId":"42","instagramActorId":"21","websiteUrl":"https://www.facebook.com/ads/leadgen/?id=form_3_1_token","leadGenFormId":"form_3_1_token","message":"Texto Criativo","imageHash":null,"imageUrl":"https://cdn.example/img.jpg","callToActionType":"SHOP_NOW","headline":"HL","description":"Desc"}],"ads":[{"id":"40","name":"Exp - Ad","adSetId":"20","creativeId":"30"}]}
01:11:17.256 [main] INFO com.marketinghub.facebookadsworker.facebookcampaign.FacebookCampaignService -- Successfully reported Facebook campaign creation to backend: url<==http://localhost:42007/api/facebook-campaigns, experimentId=1, campaignId=10
01:11:17.256 [main] INFO com.marketinghub.facebookadsworker.facebookcampaign.FacebookCampaignService -- Reporting instant form publication to backend: url==>http://localhost:42007/api/instant-forms/33/publication, payload={"published":true,"publishedAt":1776215477.033727797,"shareLink":"https://www.facebook.com/ads/leadgen/?id=form_3_1_token","status":"ACTIVE","facebookFormId":"form_3_1_token"}
01:11:17.300 [main] INFO com.marketinghub.facebookadsworker.facebookcampaign.FacebookCampaignService -- Successfully reported instant form publication to backend: url<==http://localhost:42007/api/instant-forms/33/publication
01:11:17.300 [main] INFO com.marketinghub.facebookadsworker.facebookcampaign.FacebookCampaignService -- Marking experiment as RUNNING in backend after Facebook campaign publication: url==>http://localhost:42007/api/experiments/1/status?status=RUNNING, params={}, campaignId=10
01:11:17.342 [main] INFO com.marketinghub.facebookadsworker.facebookcampaign.FacebookCampaignService -- Marked experiment 1 as RUNNING after Facebook campaign publication: campaignId=10
]]></system-out>
  </testcase>
  <testcase name="createsCampaignHierarchyForEachExperiment" classname="com.marketinghub.facebookadsworker.facebookcampaign.FacebookCampaignServiceTest" time="0.414">
    <system-out><![CDATA[01:11:17.347 [main] INFO com.marketinghub.facebookadsworker.FacebookAdsService -- Configured Facebook Graph API version: v23.0
01:11:17.347 [main] INFO com.marketinghub.facebookadsworker.FacebookAdsService -- Facebook access token updated: previousToken=null, newToken=***
01:11:17.347 [main] INFO com.marketinghub.facebookadsworker.facebookcampaign.FacebookCampaignService -- Requesting experiments ready for Facebook campaigns from backend: url==>http://localhost:56923/api/facebook-campaigns/experiments-ready, params={}
01:11:17.350 [main] INFO com.marketinghub.facebookadsworker.facebookcampaign.FacebookCampaignService -- Received experiments response from backend: url<==http://localhost:56923/api/facebook-campaigns/experiments-ready, response=[{"id":1,"name":"Exp","pageId":null,"dailyBudget":25.0,"facebookPage":{"id":9,"pageId":"84","name":"Estúdio"},"instagramAccount":{"id":55,"handle":"@estudio","code":"IG-EST","name":"Estúdio"},"facebookInstantForm":null,"nextStepInstantForm":false,"leadPortalFlow":null}]
01:11:17.353 [main] INFO com.marketinghub.facebookadsworker.facebookcampaign.FacebookCampaignService -- Requesting creatives for experiment from backend: url==>http://localhost:56923/api/experiments/1/creatives, params={}
01:11:17.395 [main] INFO com.marketinghub.facebookadsworker.facebookcampaign.FacebookCampaignService -- Received creatives response from backend: url<==http://localhost:56923/api/experiments/1/creatives, response=[{"id":101,"experimentId":1,"format":null,"headline":"HL","primaryText":"Texto Criativo","imageUrl":"https://cdn.example/img.jpg","description":"Desc","cta":"SHOP_NOW","destinationUrl":"https://exp.example/landing","leadGenFormId":null,"instagramUserId":"21","status":"READY"}]
01:11:17.439 [main] WARN com.marketinghub.facebookadsworker.facebookcampaign.FacebookCampaignService -- Failed to fetch ad set playbook for experiment 1: JSON decoding error: Cannot deserialize value of type `com.marketinghub.facebookadsworker.facebookcampaign.FacebookCampaignService$AdSetPlaybookWorkflowResponse` from Array value (token `JsonToken.START_ARRAY`)
01:11:17.439 [main] INFO com.marketinghub.facebookadsworker.facebookcampaign.FacebookCampaignService -- Requesting ad sets for experiment from backend: url==>http://localhost:56923/api/adsets?experimentId=1, params={"experimentId":1}
01:11:17.481 [main] INFO com.marketinghub.facebookadsworker.facebookcampaign.FacebookCampaignService -- Received ad sets response from backend: url<==http://localhost:56923/api/adsets?experimentId=1, response=[{"id":null,"experimentId":null,"location":null,"interests":null,"jobTitles":null,"behaviors":null,"targetingJson":null,"targetingRequestId":null,"prompt":null,"model":null}]
01:11:17.483 [main] WARN com.marketinghub.facebookadsworker.facebookcampaign.FacebookCampaignService -- Experiment ad set null does not provide targetingRequestId. Falling back to legacy line-based targeting fields.
01:11:17.483 [main] INFO com.marketinghub.facebookadsworker.FacebookAdsService -- Sending POST request to Facebook API: path==>/v23.0/act_1/campaigns, body={"access_token":"***","special_ad_categories":[],"name":"Exp","status":"PAUSED","objective":"OUTCOME_TRAFFIC"}
01:11:17.486 [main] INFO com.marketinghub.facebookadsworker.FacebookAdsService -- Facebook API response received: method=POST, path<==/v23.0/act_1/campaigns, status=200 200 OK, headers={"Content-Length":["***"],"Content-Type":["app...son"]}, body={"id":"10"}
01:11:17.528 [main] WARN com.marketinghub.facebookadsworker.FacebookAdsService -- Ignoring bid_amount for ad set 'Exp - Ad Set' because the lowest cost strategy does not accept manual bids
01:11:17.529 [main] INFO com.marketinghub.facebookadsworker.FacebookAdsService -- Sending POST request to Facebook API: path==>/v23.0/act_1/adsets, body={"optimization_goal":"LINK_CLICKS","access_token":"***","destination_type":"WEBSITE","targeting":{"targeting_automation":{"advantage_audience":0},"geo_locations":{"countries":["BR"]}},"billing_event":"IMPRESSIONS","bid_strategy":"LOWEST_COST_WITHOUT_CAP","promoted_object":{"page_id":"42"},"name":"Exp - Ad Set","daily_budget":"2500","campaign_id":"10","status":"PAUSED"}
01:11:17.532 [main] INFO com.marketinghub.facebookadsworker.FacebookAdsService -- Facebook API response received: method=POST, path<==/v23.0/act_1/adsets, status=200 200 OK, headers={"Content-Length":["***"],"Content-Type":["app...son"]}, body={"id":"20"}
01:11:17.575 [main] INFO com.marketinghub.facebookadsworker.FacebookAdsService -- Sending POST request to Facebook API: path==>/v23.0/act_1/adcreatives, body={"object_story_spec":{"page_id":"42","instagram_user_id":"21","link_data":{"call_to_action":{"type":"SHOP_NOW","value":{"link":"https://exp.example/landing"}},"link":"https://exp.example/landing","name":"HL","description":"Desc","message":"Texto Criativo","picture":"https://cdn.example/img.jpg"}},"access_token":"***","name":"Exp - Creative"}
01:11:17.579 [main] INFO com.marketinghub.facebookadsworker.FacebookAdsService -- Facebook API response received: method=POST, path<==/v23.0/act_1/adcreatives, status=200 200 OK, headers={"Content-Length":["***"],"Content-Type":["app...son"]}, body={"id":"30"}
01:11:17.622 [main] INFO com.marketinghub.facebookadsworker.FacebookAdsService -- Sending POST request to Facebook API: path==>/v23.0/act_1/ads, body={"access_token":"***","name":"Exp - Ad","adset_id":"20","creative":{"creative_id":"30"},"status":"PAUSED"}
01:11:17.626 [main] INFO com.marketinghub.facebookadsworker.FacebookAdsService -- Facebook API response received: method=POST, path<==/v23.0/act_1/ads, status=200 200 OK, headers={"Content-Length":["***"],"Content-Type":["app...son"]}, body={"id":"40"}
01:11:17.669 [main] INFO com.marketinghub.facebookadsworker.facebookcampaign.FacebookCampaignService -- Reporting Facebook campaign creation to backend: url==>http://localhost:56923/api/facebook-campaigns, params={}, payload={"id":"10","adAccountId":"1","name":"Exp","objective":"OUTCOME_TRAFFIC","budgetMode":"CAMPAIGN","experimentId":1,"facebookAccountId":1,"adSet":{"id":"20","name":"Exp - Ad Set","billingEvent":"IMPRESSIONS","optimizationGoal":"LINK_CLICKS","bidStrategy":"LOWEST_COST_WITHOUT_CAP","bidAmount":"150","dailyBudget":"2500","lifetimeBudget":null,"targetCountry":"BR","destinationType":"WEBSITE","pageId":"42","targetingJson":null,"experimentAdSetId":null},"adCreative":{"id":"30","pageId":"42","instagramActorId":"21","websiteUrl":"https://exp.example/landing","leadGenFormId":null,"message":"Texto Criativo","imageHash":null,"imageUrl":"https://cdn.example/img.jpg","callToActionType":"SHOP_NOW","headline":"HL","description":"Desc"},"ad":{"id":"40","name":"Exp - Ad","adSetId":"20","creativeId":"30"},"adCreatives":[{"id":"30","pageId":"42","instagramActorId":"21","websiteUrl":"https://exp.example/landing","leadGenFormId":null,"message":"Texto Criativo","imageHash":null,"imageUrl":"https://cdn.example/img.jpg","callToActionType":"SHOP_NOW","headline":"HL","description":"Desc"}],"ads":[{"id":"40","name":"Exp - Ad","adSetId":"20","creativeId":"30"}]}
01:11:17.714 [main] INFO com.marketinghub.facebookadsworker.facebookcampaign.FacebookCampaignService -- Successfully reported Facebook campaign creation to backend: url<==http://localhost:56923/api/facebook-campaigns, experimentId=1, campaignId=10
01:11:17.714 [main] INFO com.marketinghub.facebookadsworker.facebookcampaign.FacebookCampaignService -- Marking experiment as RUNNING in backend after Facebook campaign publication: url==>http://localhost:56923/api/experiments/1/status?status=RUNNING, params={}, campaignId=10
01:11:17.757 [main] INFO com.marketinghub.facebookadsworker.facebookcampaign.FacebookCampaignService -- Marked experiment 1 as RUNNING after Facebook campaign publication: campaignId=10
]]></system-out>
  </testcase>
  <testcase name="resolvesStopRequestWithoutExternalId" classname="com.marketinghub.facebookadsworker.facebookcampaign.FacebookCampaignServiceTest" time="0.006">
    <system-out><![CDATA[01:11:17.760 [main] INFO com.marketinghub.facebookadsworker.FacebookAdsService -- Configured Facebook Graph API version: v23.0
01:11:17.760 [main] INFO com.marketinghub.facebookadsworker.FacebookAdsService -- Facebook access token updated: previousToken=null, newToken=***
01:11:17.761 [main] INFO com.marketinghub.facebookadsworker.facebookcampaign.FacebookCampaignService -- Requesting Facebook campaign stop requests from backend: url==>http://localhost:34325/api/facebook-campaigns/stop-requests, params={}
01:11:17.763 [main] INFO com.marketinghub.facebookadsworker.facebookcampaign.FacebookCampaignService -- Received stop requests from backend: url<==http://localhost:34325/api/facebook-campaigns/stop-requests, response=[{"id":"camp-2","externalId":null,"adAccountId":null,"experimentId":77,"stopReason":null}]
01:11:17.764 [main] INFO com.marketinghub.facebookadsworker.facebookcampaign.FacebookCampaignService -- Campaign camp-2 has no externalId on Facebook; marking stop request as completed without calling the API.
01:11:17.764 [main] INFO com.marketinghub.facebookadsworker.facebookcampaign.FacebookCampaignService -- Reporting Facebook campaign stop result to backend: url==>http://localhost:34325/api/facebook-campaigns/camp-2/stop-results, payload={"success":true,"message":"Campaign not published on Facebook yet"}
]]></system-out>
  </testcase>
  <testcase name="deletesFacebookCampaignWhenAdSetCreationFails" classname="com.marketinghub.facebookadsworker.facebookcampaign.FacebookCampaignServiceTest" time="0.28">
    <system-out><![CDATA[01:11:17.767 [main] INFO com.marketinghub.facebookadsworker.FacebookAdsService -- Configured Facebook Graph API version: v23.0
01:11:17.767 [main] INFO com.marketinghub.facebookadsworker.FacebookAdsService -- Facebook access token updated: previousToken=null, newToken=***
01:11:17.767 [main] INFO com.marketinghub.facebookadsworker.facebookcampaign.FacebookCampaignService -- Requesting experiments ready for Facebook campaigns from backend: url==>http://localhost:49463/api/facebook-campaigns/experiments-ready, params={}
01:11:17.769 [main] INFO com.marketinghub.facebookadsworker.facebookcampaign.FacebookCampaignService -- Received experiments response from backend: url<==http://localhost:49463/api/facebook-campaigns/experiments-ready, response=[{"id":1,"name":"Exp","pageId":null,"dailyBudget":25.0,"facebookPage":{"id":9,"pageId":"84","name":"Estúdio"},"instagramAccount":{"id":55,"handle":"@estudio","code":"IG-EST","name":"Estúdio"},"facebookInstantForm":null,"nextStepInstantForm":false,"leadPortalFlow":null}]
01:11:17.771 [main] INFO com.marketinghub.facebookadsworker.facebookcampaign.FacebookCampaignService -- Requesting creatives for experiment from backend: url==>http://localhost:49463/api/experiments/1/creatives, params={}
01:11:17.814 [main] INFO com.marketinghub.facebookadsworker.facebookcampaign.FacebookCampaignService -- Received creatives response from backend: url<==http://localhost:49463/api/experiments/1/creatives, response=[{"id":101,"experimentId":1,"format":null,"headline":"HL","primaryText":"Texto Criativo","imageUrl":"https://cdn.example/img.jpg","description":"Desc","cta":"SHOP_NOW","destinationUrl":"https://exp.example/landing","leadGenFormId":null,"instagramUserId":"21","status":"READY"}]
01:11:17.858 [main] INFO com.marketinghub.facebookadsworker.facebookcampaign.FacebookCampaignService -- Requesting ad sets for experiment from backend: url==>http://localhost:49463/api/adsets?experimentId=1, params={"experimentId":1}
01:11:17.901 [main] INFO com.marketinghub.facebookadsworker.facebookcampaign.FacebookCampaignService -- Received ad sets response from backend: url<==http://localhost:49463/api/adsets?experimentId=1, response=[{"id":null,"experimentId":null,"location":null,"interests":null,"jobTitles":null,"behaviors":null,"targetingJson":null,"targetingRequestId":null,"prompt":null,"model":null}]
01:11:17.902 [main] WARN com.marketinghub.facebookadsworker.facebookcampaign.FacebookCampaignService -- Experiment ad set null does not provide targetingRequestId. Falling back to legacy line-based targeting fields.
01:11:17.902 [main] INFO com.marketinghub.facebookadsworker.FacebookAdsService -- Sending POST request to Facebook API: path==>/v23.0/act_1/campaigns, body={"access_token":"***","special_ad_categories":[],"name":"Exp","status":"PAUSED","objective":"OUTCOME_TRAFFIC"}
01:11:17.906 [main] INFO com.marketinghub.facebookadsworker.FacebookAdsService -- Facebook API response received: method=POST, path<==/v23.0/act_1/campaigns, status=200 200 OK, headers={"Content-Length":["***"],"Content-Type":["app...son"]}, body={"id":"99"}
01:11:17.948 [main] WARN com.marketinghub.facebookadsworker.FacebookAdsService -- Ignoring bid_amount for ad set 'Exp - Ad Set' because the lowest cost strategy does not accept manual bids
01:11:17.949 [main] INFO com.marketinghub.facebookadsworker.FacebookAdsService -- Sending POST request to Facebook API: path==>/v23.0/act_1/adsets, body={"optimization_goal":"LINK_CLICKS","access_token":"***","destination_type":"WEBSITE","targeting":{"targeting_automation":{"advantage_audience":0},"geo_locations":{"countries":["BR"]}},"billing_event":"IMPRESSIONS","bid_strategy":"LOWEST_COST_WITHOUT_CAP","promoted_object":{"page_id":"42"},"name":"Exp - Ad Set","daily_budget":"2500","campaign_id":"99","status":"PAUSED"}
01:11:17.952 [main] ERROR com.marketinghub.facebookadsworker.FacebookAdsService -- Facebook API POST request failed: path<==/v23.0/act_1/adsets, status=400, responseBody={"e...0}}, errorDetails={"code":100,"message":"Invalid"}, headers={"Content-Length":["***"],"Content-Type":["app...son"]}
org.springframework.web.reactive.function.client.WebClientResponseException$BadRequest: 400 Bad Request from POST http://localhost:37815/v23.0/act_1/adsets
	at org.springframework.web.reactive.function.client.WebClientResponseException.create(WebClientResponseException.java:307)
	at org.springframework.web.reactive.function.client.DefaultClientResponse.lambda$createException$1(DefaultClientResponse.java:214)
	at reactor.core.publisher.FluxMap$MapSubscriber.onNext(FluxMap.java:106)
	at reactor.core.publisher.FluxOnErrorReturn$ReturnSubscriber.onNext(FluxOnErrorReturn.java:162)
	at reactor.core.publisher.FluxDefaultIfEmpty$DefaultIfEmptySubscriber.onNext(FluxDefaultIfEmpty.java:122)
	at reactor.core.publisher.FluxOnAssembly$OnAssemblySubscriber.onNext(FluxOnAssembly.java:539)
	at reactor.core.publisher.FluxMapFuseable$MapFuseableSubscriber.onNext(FluxMapFuseable.java:129)
	at reactor.core.publisher.FluxContextWrite$ContextWriteSubscriber.onNext(FluxContextWrite.java:107)
	at reactor.core.publisher.FluxMapFuseable$MapFuseableConditionalSubscriber.onNext(FluxMapFuseable.java:299)
	at reactor.core.publisher.FluxFilterFuseable$FilterFuseableConditionalSubscriber.onNext(FluxFilterFuseable.java:337)
	at reactor.core.publisher.Operators$BaseFluxToMonoOperator.completePossiblyEmpty(Operators.java:2097)
	at reactor.core.publisher.MonoCollect$CollectSubscriber.onComplete(MonoCollect.java:145)
	at reactor.core.publisher.FluxMap$MapSubscriber.onComplete(FluxMap.java:144)
	at reactor.core.publisher.FluxPeek$PeekSubscriber.onComplete(FluxPeek.java:260)
	at reactor.core.publisher.FluxMap$MapSubscriber.onComplete(FluxMap.java:144)
	at reactor.netty.channel.FluxReceive.onInboundComplete(FluxReceive.java:415)
	at reactor.netty.channel.ChannelOperations.onInboundComplete(ChannelOperations.java:446)
	at reactor.netty.channel.ChannelOperations.terminate(ChannelOperations.java:500)
	at reactor.netty.http.client.HttpClientOperations.onInboundNext(HttpClientOperations.java:793)
	at reactor.netty.channel.ChannelOperationsHandler.channelRead(ChannelOperationsHandler.java:114)
	at io.netty.channel.AbstractChannelHandlerContext.invokeChannelRead(AbstractChannelHandlerContext.java:444)
	at io.netty.channel.AbstractChannelHandlerContext.invokeChannelRead(AbstractChannelHandlerContext.java:420)
	at io.netty.channel.AbstractChannelHandlerContext.fireChannelRead(AbstractChannelHandlerContext.java:412)
	at io.netty.handler.timeout.IdleStateHandler.channelRead(IdleStateHandler.java:289)
	at io.netty.channel.AbstractChannelHandlerContext.invokeChannelRead(AbstractChannelHandlerContext.java:442)
	at io.netty.channel.AbstractChannelHandlerContext.invokeChannelRead(AbstractChannelHandlerContext.java:420)
	at io.netty.channel.AbstractChannelHandlerContext.fireChannelRead(AbstractChannelHandlerContext.java:412)
	at io.netty.channel.CombinedChannelDuplexHandler$DelegatingChannelHandlerContext.fireChannelRead(CombinedChannelDuplexHandler.java:436)
	at io.netty.handler.codec.ByteToMessageDecoder.fireChannelRead(ByteToMessageDecoder.java:346)
	at io.netty.handler.codec.ByteToMessageDecoder.channelRead(ByteToMessageDecoder.java:318)
	at io.netty.channel.CombinedChannelDuplexHandler.channelRead(CombinedChannelDuplexHandler.java:251)
	at io.netty.channel.AbstractChannelHandlerContext.invokeChannelRead(AbstractChannelHandlerContext.java:442)
	at io.netty.channel.AbstractChannelHandlerContext.invokeChannelRead(AbstractChannelHandlerContext.java:420)
	at io.netty.channel.AbstractChannelHandlerContext.fireChannelRead(AbstractChannelHandlerContext.java:412)
	at io.netty.channel.DefaultChannelPipeline$HeadContext.channelRead(DefaultChannelPipeline.java:1410)
	at io.netty.channel.AbstractChannelHandlerContext.invokeChannelRead(AbstractChannelHandlerContext.java:440)
	at io.netty.channel.AbstractChannelHandlerContext.invokeChannelRead(AbstractChannelHandlerContext.java:420)
	at io.netty.channel.DefaultChannelPipeline.fireChannelRead(DefaultChannelPipeline.java:919)
	at io.netty.channel.epoll.AbstractEpollStreamChannel$EpollStreamUnsafe.epollInReady(AbstractEpollStreamChannel.java:801)
	at io.netty.channel.epoll.EpollEventLoop.processReady(EpollEventLoop.java:501)
	at io.netty.channel.epoll.EpollEventLoop.run(EpollEventLoop.java:399)
	at io.netty.util.concurrent.SingleThreadEventExecutor$4.run(SingleThreadEventExecutor.java:997)
	at io.netty.util.internal.ThreadExecutorMap$2.run(ThreadExecutorMap.java:74)
	at io.netty.util.concurrent.FastThreadLocalRunnable.run(FastThreadLocalRunnable.java:30)
	at java.base/java.lang.Thread.run(Thread.java:1583)
	Suppressed: java.lang.Exception: #block terminated with an error
		at reactor.core.publisher.BlockingSingleSubscriber.blockingGet(BlockingSingleSubscriber.java:104)
		at reactor.core.publisher.Mono.block(Mono.java:1779)
		at com.marketinghub.facebookadsworker.FacebookAdsService.executePost(FacebookAdsService.java:2278)
		at com.marketinghub.facebookadsworker.FacebookAdsService.executeAdSetPost(FacebookAdsService.java:306)
		at com.marketinghub.facebookadsworker.FacebookAdsService.createAdSet(FacebookAdsService.java:296)
		at com.marketinghub.facebookadsworker.facebookcampaign.FacebookCampaignService.lambda$processExperiment$6(FacebookCampaignService.java:393)
		at com.marketinghub.facebookadsworker.facebookcampaign.FacebookCampaignService.executeFacebookCallWithLogging(FacebookCampaignService.java:1220)
		at com.marketinghub.facebookadsworker.facebookcampaign.FacebookCampaignService.processExperiment(FacebookCampaignService.java:390)
		at com.marketinghub.facebookadsworker.facebookcampaign.FacebookCampaignService.lambda$createCampaignsFromExperiments$1(FacebookCampaignService.java:202)
		at java.base/java.util.ArrayList.forEach(ArrayList.java:1596)
		at com.marketinghub.facebookadsworker.facebookcampaign.FacebookCampaignService.createCampaignsFromExperiments(FacebookCampaignService.java:194)
[...]
01:11:20.288 [main] INFO com.marketinghub.facebookadsworker.facebookcampaign.FacebookCampaignService -- Requesting ad sets for experiment from backend: url==>http://localhost:54667/api/adsets?experimentId=1, params={"experimentId":1}
01:11:20.331 [main] INFO com.marketinghub.facebookadsworker.facebookcampaign.FacebookCampaignService -- Received ad sets response from backend: url<==http://localhost:54667/api/adsets?experimentId=1, response=[]
01:11:20.332 [main] INFO com.marketinghub.facebookadsworker.FacebookAdsService -- Sending POST request to Facebook API: path==>/v23.0/act_1/campaigns, body={"access_token":"***","special_ad_categories":[],"name":"Exp","status":"PAUSED","objective":"OUTCOME_TRAFFIC"}
01:11:20.335 [main] ERROR com.marketinghub.facebookadsworker.FacebookAdsService -- Facebook API POST request failed: path<==/v23.0/act_1/campaigns, status=400, responseBody={"e...3}}, errorDetails={"type":"OAuthException","code":190,"error_subcode":463,"message":"Error validating access token: Session has expired"}, headers={"Content-Length":["***"],"Content-Type":["app...son"]}
org.springframework.web.reactive.function.client.WebClientResponseException$BadRequest: 400 Bad Request from POST http://localhost:56009/v23.0/act_1/campaigns
	at org.springframework.web.reactive.function.client.WebClientResponseException.create(WebClientResponseException.java:307)
	at org.springframework.web.reactive.function.client.DefaultClientResponse.lambda$createException$1(DefaultClientResponse.java:214)
	at reactor.core.publisher.FluxMap$MapSubscriber.onNext(FluxMap.java:106)
	at reactor.core.publisher.FluxOnErrorReturn$ReturnSubscriber.onNext(FluxOnErrorReturn.java:162)
	at reactor.core.publisher.FluxDefaultIfEmpty$DefaultIfEmptySubscriber.onNext(FluxDefaultIfEmpty.java:122)
	at reactor.core.publisher.FluxOnAssembly$OnAssemblySubscriber.onNext(FluxOnAssembly.java:539)
	at reactor.core.publisher.FluxMapFuseable$MapFuseableSubscriber.onNext(FluxMapFuseable.java:129)
	at reactor.core.publisher.FluxContextWrite$ContextWriteSubscriber.onNext(FluxContextWrite.java:107)
	at reactor.core.publisher.FluxMapFuseable$MapFuseableConditionalSubscriber.onNext(FluxMapFuseable.java:299)
	at reactor.core.publisher.FluxFilterFuseable$FilterFuseableConditionalSubscriber.onNext(FluxFilterFuseable.java:337)
	at reactor.core.publisher.Operators$BaseFluxToMonoOperator.completePossiblyEmpty(Operators.java:2097)
	at reactor.core.publisher.MonoCollect$CollectSubscriber.onComplete(MonoCollect.java:145)
	at reactor.core.publisher.FluxMap$MapSubscriber.onComplete(FluxMap.java:144)
	at reactor.core.publisher.FluxPeek$PeekSubscriber.onComplete(FluxPeek.java:260)
	at reactor.core.publisher.FluxMap$MapSubscriber.onComplete(FluxMap.java:144)
	at reactor.netty.channel.FluxReceive.onInboundComplete(FluxReceive.java:415)
	at reactor.netty.channel.ChannelOperations.onInboundComplete(ChannelOperations.java:446)
	at reactor.netty.channel.ChannelOperations.terminate(ChannelOperations.java:500)
	at reactor.netty.http.client.HttpClientOperations.onInboundNext(HttpClientOperations.java:793)
	at reactor.netty.channel.ChannelOperationsHandler.channelRead(ChannelOperationsHandler.java:114)
	at io.netty.channel.AbstractChannelHandlerContext.invokeChannelRead(AbstractChannelHandlerContext.java:444)
	at io.netty.channel.AbstractChannelHandlerContext.invokeChannelRead(AbstractChannelHandlerContext.java:420)
	at io.netty.channel.AbstractChannelHandlerContext.fireChannelRead(AbstractChannelHandlerContext.java:412)
	at io.netty.handler.timeout.IdleStateHandler.channelRead(IdleStateHandler.java:289)
	at io.netty.channel.AbstractChannelHandlerContext.invokeChannelRead(AbstractChannelHandlerContext.java:442)
	at io.netty.channel.AbstractChannelHandlerContext.invokeChannelRead(AbstractChannelHandlerContext.java:420)
	at io.netty.channel.AbstractChannelHandlerContext.fireChannelRead(AbstractChannelHandlerContext.java:412)
	at io.netty.channel.CombinedChannelDuplexHandler$DelegatingChannelHandlerContext.fireChannelRead(CombinedChannelDuplexHandler.java:436)
	at io.netty.handler.codec.ByteToMessageDecoder.fireChannelRead(ByteToMessageDecoder.java:346)
	at io.netty.handler.codec.ByteToMessageDecoder.channelRead(ByteToMessageDecoder.java:318)
	at io.netty.channel.CombinedChannelDuplexHandler.channelRead(CombinedChannelDuplexHandler.java:251)
	at io.netty.channel.AbstractChannelHandlerContext.invokeChannelRead(AbstractChannelHandlerContext.java:442)
	at io.netty.channel.AbstractChannelHandlerContext.invokeChannelRead(AbstractChannelHandlerContext.java:420)
	at io.netty.channel.AbstractChannelHandlerContext.fireChannelRead(AbstractChannelHandlerContext.java:412)
	at io.netty.channel.DefaultChannelPipeline$HeadContext.channelRead(DefaultChannelPipeline.java:1410)
	at io.netty.channel.AbstractChannelHandlerContext.invokeChannelRead(AbstractChannelHandlerContext.java:440)
	at io.netty.channel.AbstractChannelHandlerContext.invokeChannelRead(AbstractChannelHandlerContext.java:420)
	at io.netty.channel.DefaultChannelPipeline.fireChannelRead(DefaultChannelPipeline.java:919)
	at io.netty.channel.epoll.AbstractEpollStreamChannel$EpollStreamUnsafe.epollInReady(AbstractEpollStreamChannel.java:801)
	at io.netty.channel.epoll.EpollEventLoop.processReady(EpollEventLoop.java:501)
	at io.netty.channel.epoll.EpollEventLoop.run(EpollEventLoop.java:399)
	at io.netty.util.concurrent.SingleThreadEventExecutor$4.run(SingleThreadEventExecutor.java:997)
	at io.netty.util.internal.ThreadExecutorMap$2.run(ThreadExecutorMap.java:74)
	at io.netty.util.concurrent.FastThreadLocalRunnable.run(FastThreadLocalRunnable.java:30)
	at java.base/java.lang.Thread.run(Thread.java:1583)
	Suppressed: java.lang.Exception: #block terminated with an error
		at reactor.core.publisher.BlockingSingleSubscriber.blockingGet(BlockingSingleSubscriber.java:104)
		at reactor.core.publisher.Mono.block(Mono.java:1779)
		at com.marketinghub.facebookadsworker.FacebookAdsService.executePost(FacebookAdsService.java:2278)
		at com.marketinghub.facebookadsworker.FacebookAdsService.createInstagramCampaign(FacebookAdsService.java:171)
		at com.marketinghub.facebookadsworker.FacebookAdsService.createCampaign(FacebookAdsService.java:180)
		at com.marketinghub.facebookadsworker.facebookcampaign.FacebookCampaignService.lambda$processExperiment$5(FacebookCampaignService.java:364)
		at com.marketinghub.facebookadsworker.facebookcampaign.FacebookCampaignService.executeFacebookCallWithLogging(FacebookCampaignService.java:1220)
		at com.marketinghub.facebookadsworker.facebookcampaign.FacebookCampaignService.processExperiment(FacebookCampaignService.java:361)
		at com.marketinghub.facebookadsworker.facebookcampaign.FacebookCampaignService.lambda$createCampaignsFromExperiments$1(FacebookCampaignService.java:202)
		at java.base/java.util.ArrayList.forEach(ArrayList.java:1596)
		at com.marketinghub.facebookadsworker.facebookcampaign.FacebookCampaignService.createCampaignsFromExperiments(FacebookCampaignService.java:194)
		at com.marketinghub.facebookadsworker.facebookcampaign.FacebookCampaignServiceTest.resumesProcessingAfterAutomaticTokenRenewalWhenPreviouslyExpired(FacebookCampaignServiceTest.java:918)
		at java.base/jdk.internal.reflect.DirectMethodHandleAccessor.invoke(DirectMethodHandleAccessor.java:103)
		at java.base/java.lang.reflect.Method.invoke(Method.java:580)
		at org.junit.platform.commons.util.ReflectionUtils.invokeMethod(ReflectionUtils.java:728)
		at org.junit.jupiter.engine.execution.MethodInvocation.proceed(MethodInvocation.java:60)
		at org.junit.jupiter.engine.execution.InvocationInterceptorChain$ValidatingInvocation.proceed(InvocationInterceptorChain.java:131)
		at org.junit.jupiter.engine.extension.SameThreadTimeoutInvocation.proceed(SameThreadTimeoutInvocation.java:45)
		at org.junit.jupiter.engine.extension.TimeoutExtension.intercept(TimeoutExtension.java:156)
		at org.junit.jupiter.engine.extension.TimeoutExtension.interceptTestableMethod(TimeoutExtension.java:147)
		at org.junit.jupiter.engine.extension.TimeoutExtension.interceptTestMethod(TimeoutExtension.java:86)
		at org.junit.jupiter.engine.execution.InterceptingExecutableInvoker$ReflectiveInterceptorCall.lambda$ofVoidMethod$0(InterceptingExecutableInvoker.java:103)
		at org.junit.jupiter.engine.execution.InterceptingExecutableInvoker.lambda$invoke$0(InterceptingExecutableInvoker.java:93)
		at org.junit.jupiter.engine.execution.InvocationInterceptorChain$InterceptedInvocation.proceed(InvocationInterceptorChain.java:106)
		at org.junit.jupiter.engine.execution.InvocationInterceptorChain.proceed(InvocationInterceptorChain.java:64)
		at org.junit.jupiter.engine.execution.InvocationInterceptorChain.chainAndInvoke(InvocationInterceptorChain.java:45)
		at org.junit.jupiter.engine.execution.InvocationInterceptorChain.invoke(InvocationInterceptorChain.java:37)
		at org.junit.jupiter.engine.execution.InterceptingExecutableInvoker.invoke(InterceptingExecutableInvoker.java:92)
		at org.junit.jupiter.engine.execution.InterceptingExecutableInvoker.invoke(InterceptingExecutableInvoker.java:86)
		at org.junit.jupiter.engine.descriptor.TestMethodTestDescriptor.lambda$invokeTestMethod$7(TestMethodTestDescriptor.java:218)
		at org.junit.platform.engine.support.hierarchical.ThrowableCollector.execute(ThrowableCollector.java:73)
		at org.junit.jupiter.engine.descriptor.TestMethodTestDescriptor.invokeTestMethod(TestMethodTestDescriptor.java:214)
		at org.junit.jupiter.engine.descriptor.TestMethodTestDescriptor.execute(TestMethodTestDescriptor.java:139)
		at org.junit.jupiter.engine.descriptor.TestMethodTestDescriptor.execute(TestMethodTestDescriptor.java:69)
		at org.junit.platform.engine.support.hierarchical.NodeTestTask.lambda$executeRecursively$6(NodeTestTask.java:151)
		at org.junit.platform.engine.support.hierarchical.ThrowableCollector.execute(ThrowableCollector.java:73)
		at org.junit.platform.engine.support.hierarchical.NodeTestTask.lambda$executeRecursively$8(NodeTestTask.java:141)
		at org.junit.platform.engine.support.hierarchical.Node.around(Node.java:137)
		at org.junit.platform.engine.support.hierarchical.NodeTestTask.lambda$executeRecursively$9(NodeTestTask.java:139)
		at org.junit.platform.engine.support.hierarchical.ThrowableCollector.execute(ThrowableCollector.java:73)
		at org.junit.platform.engine.support.hierarchical.NodeTestTask.executeRecursively(NodeTestTask.java:138)
		at org.junit.platform.engine.support.hierarchical.NodeTestTask.execute(NodeTestTask.java:95)
		at java.base/java.util.ArrayList.forEach(ArrayList.java:1596)
		at org.junit.platform.engine.support.hierarchical.SameThreadHierarchicalTestExecutorService.invokeAll(SameThreadHierarchicalTestExecutorService.java:41)
		at org.junit.platform.engine.support.hierarchical.NodeTestTask.lambda$executeRecursively$6(NodeTestTask.java:155)
		at org.junit.platform.engine.support.hierarchical.ThrowableCollector.execute(ThrowableCollector.java:73)
		at org.junit.platform.engine.support.hierarchical.NodeTestTask.lambda$executeRecursively$8(NodeTestTask.java:141)
		at org.junit.platform.engine.support.hierarchical.Node.around(Node.java:137)
		at org.junit.platform.engine.support.hierarchical.NodeTestTask.lambda$executeRecursively$9(NodeTestTask.java:139)
		at org.junit.platform.engine.support.hierarchical.ThrowableCollector.execute(ThrowableCollector.java:73)
		at org.junit.platform.engine.support.hierarchical.NodeTestTask.executeRecursively(NodeTestTask.java:138)
		at org.junit.platform.engine.support.hierarchical.NodeTestTask.execute(NodeTestTask.java:95)
		at java.base/java.util.ArrayList.forEach(ArrayList.java:1596)
		at org.junit.platform.engine.support.hierarchical.SameThreadHierarchicalTestExecutorService.invokeAll(SameThreadHierarchicalTestExecutorService.java:41)
		at org.junit.platform.engine.support.hierarchical.NodeTestTask.lambda$executeRecursively$6(NodeTestTask.java:155)
		at org.junit.platform.engine.support.hierarchical.ThrowableCollector.execute(ThrowableCollector.java:73)
		at org.junit.platform.engine.support.hierarchical.NodeTestTask.lambda$executeRecursively$8(NodeTestTask.java:141)
		at org.junit.platform.engine.support.hierarchical.Node.around(Node.java:137)
		at org.junit.platform.engine.support.hierarchical.NodeTestTask.lambda$executeRecursively$9(NodeTestTask.java:139)
		at org.junit.platform.engine.support.hierarchical.ThrowableCollector.execute(ThrowableCollector.java:73)
		at org.junit.platform.engine.support.hierarchical.NodeTestTask.executeRecursively(NodeTestTask.java:138)
		at org.junit.platform.engine.support.hierarchical.NodeTestTask.execute(NodeTestTask.java:95)
		at org.junit.platform.engine.support.hierarchical.SameThreadHierarchicalTestExecutorService.submit(SameThreadHierarchicalTestExecutorService.java:35)
		at org.junit.platform.engine.support.hierarchical.HierarchicalTestExecutor.execute(HierarchicalTestExecutor.java:57)
		at org.junit.platform.engine.support.hierarchical.HierarchicalTestEngine.execute(HierarchicalTestEngine.java:54)
		at org.junit.platform.launcher.core.EngineExecutionOrchestrator.execute(EngineExecutionOrchestrator.java:198)
		at org.junit.platform.launcher.core.EngineExecutionOrchestrator.execute(EngineExecutionOrchestrator.java:169)
		at org.junit.platform.launcher.core.EngineExecutionOrchestrator.execute(EngineExecutionOrchestrator.java:93)
		at org.junit.platform.launcher.core.EngineExecutionOrchestrator.lambda$execute$0(EngineExecutionOrchestrator.java:58)
		at org.junit.platform.launcher.core.EngineExecutionOrchestrator.withInterceptedStreams(EngineExecutionOrchestrator.java:141)
		at org.junit.platform.launcher.core.EngineExecutionOrchestrator.execute(EngineExecutionOrchestrator.java:57)
		at org.junit.platform.launcher.core.DefaultLauncher.execute(DefaultLauncher.java:103)
		at org.junit.platform.launcher.core.DefaultLauncher.execute(DefaultLauncher.java:85)
		at org.junit.platform.launcher.core.DelegatingLauncher.execute(DelegatingLauncher.java:47)
		at org.apache.maven.surefire.junitplatform.LazyLauncher.execute(LazyLauncher.java:56)
		at org.apache.maven.surefire.junitplatform.JUnitPlatformProvider.execute(JUnitPlatformProvider.java:184)
		at org.apache.maven.surefire.junitplatform.JUnitPlatformProvider.invokeAllTests(JUnitPlatformProvider.java:148)
		at org.apache.maven.surefire.junitplatform.JUnitPlatformProvider.invoke(JUnitPlatformProvider.java:122)
		at org.apache.maven.surefire.booter.ForkedBooter.runSuitesInProcess(ForkedBooter.java:385)
		at org.apache.maven.surefire.booter.ForkedBooter.execute(ForkedBooter.java:162)
		at org.apache.maven.surefire.booter.ForkedBooter.run(ForkedBooter.java:507)
		at org.apache.maven.surefire.booter.ForkedBooter.main(ForkedBooter.java:495)
01:11:20.379 [main] INFO com.marketinghub.facebookadsworker.facebookcampaign.FacebookCampaignService -- Requesting ad sets for experiment from backend: url==>http://localhost:54667/api/adsets?experimentId=1, params={"experimentId":1}
01:11:20.421 [main] INFO com.marketinghub.facebookadsworker.facebookcampaign.FacebookCampaignService -- Received ad sets response from backend: url<==http://localhost:54667/api/adsets?experimentId=1, response=[{"id":1,"experimentId":null,"location":null,"interests":null,"jobTitles":null,"behaviors":null,"targetingJson":null,"targetingRequestId":null,"prompt":null,"model":null}]
01:11:20.422 [main] ERROR com.marketinghub.facebookadsworker.facebookcampaign.FacebookCampaignService -- Facebook access token expired; the worker will pause campaign creation until the token is renewed. message=Error validating access token: Session has expired, details={"type":"OAuthException","code":190,"error_subcode":463,"message":"Error validating access token: Session has expired"}
01:11:20.422 [main] ERROR com.marketinghub.facebookadsworker.facebookcampaign.FacebookCampaignService -- Automatic token renewal is not configured. Provide facebook.app-id and facebook.app-secret so the worker can revalidate the access token without manual intervention.
01:11:20.422 [main] WARN com.marketinghub.facebookadsworker.facebookcampaign.FacebookCampaignService -- Skipping experiment 1 because the Facebook access token has expired; it will be retried after updating the token.
01:11:20.422 [main] INFO com.marketinghub.facebookadsworker.FacebookAdsService -- Facebook access token updated: previousToken=***, newToken=fre...ken
01:11:20.422 [main] INFO com.marketinghub.facebookadsworker.facebookcampaign.FacebookCampaignService -- Facebook access token renewed automatically after a previous expiration; resuming campaign creation.
01:11:20.422 [main] INFO com.marketinghub.facebookadsworker.facebookcampaign.FacebookCampaignService -- Requesting experiments ready for Facebook campaigns from backend: url==>http://localhost:54667/api/facebook-campaigns/experiments-ready, params={}
01:11:20.464 [main] INFO com.marketinghub.facebookadsworker.facebookcampaign.FacebookCampaignService -- Received experiments response from backend: url<==http://localhost:54667/api/facebook-campaigns/experiments-ready, response=[{"id":101,"name":null,"pageId":null,"dailyBudget":null,"facebookPage":null,"instagramAccount":null,"facebookInstantForm":null,"nextStepInstantForm":false,"leadPortalFlow":null}]
01:11:20.465 [main] INFO com.marketinghub.facebookadsworker.facebookcampaign.FacebookCampaignService -- Requesting creatives for experiment from backend: url==>http://localhost:54667/api/experiments/101/creatives, params={}
01:11:20.506 [main] INFO com.marketinghub.facebookadsworker.facebookcampaign.FacebookCampaignService -- Received creatives response from backend: url<==http://localhost:54667/api/experiments/101/creatives, response=[]
01:11:20.506 [main] WARN com.marketinghub.facebookadsworker.facebookcampaign.FacebookCampaignService -- Skipping experiment 101 because no creative is available or could be fetched
]]></system-out>
  </testcase>
  <testcase name="skipsExperimentWhenNoPageCanBeResolved" classname="com.marketinghub.facebookadsworker.facebookcampaign.FacebookCampaignServiceTest" time="0.049">
    <system-out><![CDATA[01:11:20.509 [main] INFO com.marketinghub.facebookadsworker.FacebookAdsService -- Configured Facebook Graph API version: v23.0
01:11:20.509 [main] INFO com.marketinghub.facebookadsworker.FacebookAdsService -- Facebook access token updated: previousToken=null, newToken=***
01:11:20.509 [main] INFO com.marketinghub.facebookadsworker.facebookcampaign.FacebookCampaignService -- Requesting experiments ready for Facebook campaigns from backend: url==>http://localhost:41341/api/facebook-campaigns/experiments-ready, params={}
01:11:20.513 [main] INFO com.marketinghub.facebookadsworker.facebookcampaign.FacebookCampaignService -- Received experiments response from backend: url<==http://localhost:41341/api/facebook-campaigns/experiments-ready, response=[{"id":1,"name":"Exp","pageId":null,"dailyBudget":null,"facebookPage":null,"instagramAccount":null,"facebookInstantForm":null,"nextStepInstantForm":false,"leadPortalFlow":null}]
01:11:20.514 [main] INFO com.marketinghub.facebookadsworker.facebookcampaign.FacebookCampaignService -- Requesting creatives for experiment from backend: url==>http://localhost:41341/api/experiments/1/creatives, params={}
01:11:20.555 [main] INFO com.marketinghub.facebookadsworker.facebookcampaign.FacebookCampaignService -- Received creatives response from backend: url<==http://localhost:41341/api/experiments/1/creatives, response=[{"id":101,"experimentId":1,"format":null,"headline":"HL","primaryText":"Texto Criativo","imageUrl":"https://cdn.example/img.jpg","description":"Desc","cta":"SHOP_NOW","destinationUrl":"https://exp.example/landing","leadGenFormId":null,"instagramUserId":"21","status":"READY"}]
01:11:20.556 [main] WARN com.marketinghub.facebookadsworker.facebookcampaign.FacebookCampaignService -- Skipping experiment 1 because no Facebook page ID is configured
]]></system-out>
  </testcase>
</testsuite>
