<?xml version="1.0" encoding="UTF-8"?>
<testsuite xmlns:xsi="http://www.w3.org/2001/XMLSchema-instance" xsi:noNamespaceSchemaLocation="https://maven.apache.org/surefire/maven-surefire-plugin/xsd/surefire-test-report-3.0.xsd" version="3.0" name="com.marketinghub.facebookadsworker.facebookcampaign.FacebookCampaignServiceTest" time="3.492" tests="15" errors="0" skipped="0" failures="0">
  <properties>
[...]
</properties>
  <testcase name="usesInstantFormShareLinkWhenJourneyRequiresForm" classname="com.marketinghub.facebookadsworker.facebookcampaign.FacebookCampaignServiceTest" time="0.333">
    <system-out><![CDATA[23:47:31.068 [main] INFO com.marketinghub.facebookadsworker.FacebookAdsService -- Configured Facebook Graph API version: v23.0
23:47:31.069 [main] INFO com.marketinghub.facebookadsworker.FacebookAdsService -- Facebook access token updated: previousToken=null, newToken=***
23:47:31.074 [main] INFO com.marketinghub.facebookadsworker.facebookcampaign.FacebookCampaignService -- Requesting experiments ready for Facebook campaigns from backend: url==>http://localhost:37971/api/facebook-campaigns/experiments-ready, params={}
23:47:31.110 [main] INFO com.marketinghub.facebookadsworker.facebookcampaign.FacebookCampaignService -- Received experiments response from backend: url<==http://localhost:37971/api/facebook-campaigns/experiments-ready, response=[{"id":1,"name":"Exp","pageId":"84","dailyBudget":35.5,"facebookPage":{"id":9,"pageId":"84","name":"Estúdio"},"instagramAccount":{"id":55,"handle":"@estudio","code":"IG-EST","name":"Estúdio"},"facebookInstantForm":{"id":33,"facebookFormId":"987654321","name":"Lead","status":"DRAFT","approved":true,"published":false,"shareLink":null},"nextStepInstantForm":true}]
23:47:31.125 [main] INFO com.marketinghub.facebookadsworker.facebookcampaign.FacebookCampaignService -- Requesting creatives for experiment from backend: url==>http://localhost:37971/api/experiments/1/creatives, params={}
23:47:31.133 [main] INFO com.marketinghub.facebookadsworker.facebookcampaign.FacebookCampaignService -- Received creatives response from backend: url<==http://localhost:37971/api/experiments/1/creatives, response=[{"id":101,"experimentId":1,"format":null,"headline":"HL","primaryText":"Texto Criativo","imageUrl":"https://cdn.example/img.jpg","description":"Desc","cta":"SHOP_NOW","destinationUrl":"","leadGenFormId":null,"instagramUserId":"21","status":"READY"}]
23:47:31.134 [main] INFO com.marketinghub.facebookadsworker.facebookcampaign.FacebookCampaignService -- Publishing approved instant form before creating Facebook campaign: experimentId=1, formId=987654321
23:47:31.135 [main] INFO com.marketinghub.facebookadsworker.FacebookAdsService -- Sending GET request to Facebook API: path==>/v23.0/987654321?access_***=***
23:47:31.139 [main] INFO com.marketinghub.facebookadsworker.FacebookAdsService -- Facebook API response received: method=GET, path<==/v23.0/987654321?access_***=***, status=200 200 OK, headers={"Content-Length":["***"],"Content-Type":["app...son"]}, body={"status":"DRAFT"}
23:47:31.140 [main] INFO com.marketinghub.facebookadsworker.FacebookAdsService -- Sending POST request to Facebook API: path==>/v23.0/987654321, body={"access_token":"***","status":"ACTIVE"}
23:47:31.183 [main] INFO com.marketinghub.facebookadsworker.FacebookAdsService -- Facebook API response received: method=POST, path<==/v23.0/987654321, status=200 200 OK, headers={"Content-Length":["***"],"Content-Type":["app...son"]}, body={"success":true}
23:47:31.184 [main] INFO com.marketinghub.facebookadsworker.FacebookAdsService -- Sending GET request to Facebook API: path==>/v23.0/987654321?access_***=***
23:47:31.190 [main] INFO com.marketinghub.facebookadsworker.FacebookAdsService -- Facebook API response received: method=GET, path<==/v23.0/987654321?access_***=***, status=200 200 OK, headers={"Content-Length":["***"],"Content-Type":["app...son"]}, body={"status":"ACTIVE"}
23:47:31.191 [main] INFO com.marketinghub.facebookadsworker.facebookcampaign.FacebookCampaignService -- Using instant form share link as destination URL for experiment 1: link=https://www.facebook.com/ads/leadgen/?id=987654321
23:47:31.191 [main] INFO com.marketinghub.facebookadsworker.facebookcampaign.FacebookCampaignService -- Using instant form ID as lead generation destination for experiment 1: formId=987654321
23:47:31.191 [main] INFO com.marketinghub.facebookadsworker.FacebookAdsService -- Sending POST request to Facebook API: path==>/v23.0/act_1/campaigns, body={"access_token":"***","special_ad_categories":[],"name":"Exp","objective":"OUTCOME_LEADS","status":"PAUSED"}
23:47:31.236 [main] INFO com.marketinghub.facebookadsworker.FacebookAdsService -- Facebook API response received: method=POST, path<==/v23.0/act_1/campaigns, status=200 200 OK, headers={"Content-Length":["***"],"Content-Type":["app...son"]}, body={"id":"10"}
23:47:31.236 [main] INFO com.marketinghub.facebookadsworker.FacebookAdsService -- Sending POST request to Facebook API: path==>/v23.0/act_1/adsets, body={"optimization_goal":"LEAD_GENERATION","access_token":"***","destination_type":"ON_AD","targeting":{"targeting_automation":{"advantage_audience":1},"geo_locations":{"countries":["BR"]}},"bid_amount":"150","billing_event":"IMPRESSIONS","bid_strategy":"LOWEST_COST_WITHOUT_CAP","promoted_object":{"page_id":"42"},"name":"Exp - Ad Set","daily_budget":"3550","campaign_id":"10","status":"PAUSED"}
23:47:31.240 [main] INFO com.marketinghub.facebookadsworker.FacebookAdsService -- Facebook API response received: method=POST, path<==/v23.0/act_1/adsets, status=200 200 OK, headers={"Content-Length":["***"],"Content-Type":["app...son"]}, body={"id":"20"}
23:47:31.241 [main] INFO com.marketinghub.facebookadsworker.FacebookAdsService -- Sending POST request to Facebook API: path==>/v23.0/act_1/adcreatives, body={"object_story_spec":{"page_id":"42","instagram_user_id":"21","link_data":{"call_to_action":{"type":"SHOP_NOW","value":{"lead_gen_form_id":"987654321","link":"https://www.facebook.com/ads/leadgen/?id=987654321"}},"link":"https://www.facebook.com/ads/leadgen/?id=987654321","name":"HL","description":"Desc","message":"Texto Criativo","picture":"https://cdn.example/img.jpg"}},"access_token":"***","name":"Exp - Creative"}
23:47:31.284 [main] INFO com.marketinghub.facebookadsworker.FacebookAdsService -- Facebook API response received: method=POST, path<==/v23.0/act_1/adcreatives, status=200 200 OK, headers={"Content-Length":["***"],"Content-Type":["app...son"]}, body={"id":"30"}
23:47:31.285 [main] INFO com.marketinghub.facebookadsworker.FacebookAdsService -- Sending POST request to Facebook API: path==>/v23.0/act_1/ads, body={"access_token":"***","name":"Exp - Ad","adset_id":"20","creative":{"creative_id":"30"},"status":"PAUSED"}
23:47:31.288 [main] INFO com.marketinghub.facebookadsworker.FacebookAdsService -- Facebook API response received: method=POST, path<==/v23.0/act_1/ads, status=200 200 OK, headers={"Content-Length":["***"],"Content-Type":["app...son"]}, body={"id":"40"}
23:47:31.289 [main] INFO com.marketinghub.facebookadsworker.facebookcampaign.FacebookCampaignService -- Reporting Facebook campaign creation to backend: url==>http://localhost:37971/api/facebook-campaigns, params={}, payload={"id":"10","adAccountId":"1","name":"Exp","objective":"OUTCOME_TRAFFIC","budgetMode":"CAMPAIGN","experimentId":1,"facebookAccountId":1,"adSet":{"id":"20","name":"Exp - Ad Set","billingEvent":"IMPRESSIONS","optimizationGoal":"LEAD_GENERATION","bidStrategy":"LOWEST_COST_WITHOUT_CAP","bidAmount":"150","dailyBudget":"3550","lifetimeBudget":null,"targetCountry":"BR","destinationType":"ON_AD","pageId":"42","targetingJson":null,"experimentAdSetId":null},"adCreative":{"id":"30","pageId":"42","instagramActorId":"21","websiteUrl":"https://www.facebook.com/ads/leadgen/?id=987654321","leadGenFormId":"987654321","message":"Texto Criativo","imageHash":null,"imageUrl":"https://cdn.example/img.jpg","callToActionType":"SHOP_NOW","headline":"HL","description":"Desc"},"ad":{"id":"40","name":"Exp - Ad","adSetId":"20","creativeId":"30"}}
23:47:31.300 [main] INFO com.marketinghub.facebookadsworker.facebookcampaign.FacebookCampaignService -- Successfully reported Facebook campaign creation to backend: url<==http://localhost:37971/api/facebook-campaigns, experimentId=1, campaignId=10
23:47:31.301 [main] INFO com.marketinghub.facebookadsworker.facebookcampaign.FacebookCampaignService -- Reporting instant form publication to backend: url==>http://localhost:37971/api/instant-forms/33/publication, payload={"published":true,"publishedAt":1769644051.191457258,"shareLink":"https://www.facebook.com/ads/leadgen/?id=987654321","status":"ACTIVE","facebookFormId":"987654321"}
23:47:31.351 [main] INFO com.marketinghub.facebookadsworker.facebookcampaign.FacebookCampaignService -- Successfully reported instant form publication to backend: url<==http://localhost:37971/api/instant-forms/33/publication
23:47:31.351 [main] INFO com.marketinghub.facebookadsworker.facebookcampaign.FacebookCampaignService -- Marking experiment as RUNNING in backend after Facebook campaign publication: url==>http://localhost:37971/api/experiments/1/status?status=RUNNING, params={}, campaignId=10
23:47:31.395 [main] INFO com.marketinghub.facebookadsworker.facebookcampaign.FacebookCampaignService -- Marked experiment 1 as RUNNING after Facebook campaign publication: campaignId=10
]]></system-out>
  </testcase>
  <testcase name="resolvesPageIdFromAssociatedFacebookPageAlias" classname="com.marketinghub.facebookadsworker.facebookcampaign.FacebookCampaignServiceTest" time="0.244">
    <system-out><![CDATA[23:47:31.401 [main] INFO com.marketinghub.facebookadsworker.FacebookAdsService -- Configured Facebook Graph API version: v23.0
23:47:31.401 [main] INFO com.marketinghub.facebookadsworker.FacebookAdsService -- Facebook access token updated: previousToken=null, newToken=***
23:47:31.402 [main] INFO com.marketinghub.facebookadsworker.facebookcampaign.FacebookCampaignService -- Requesting experiments ready for Facebook campaigns from backend: url==>http://localhost:58545/api/facebook-campaigns/experiments-ready, params={}
23:47:31.405 [main] INFO com.marketinghub.facebookadsworker.facebookcampaign.FacebookCampaignService -- Received experiments response from backend: url<==http://localhost:58545/api/facebook-campaigns/experiments-ready, response=[{"id":1,"name":"Exp","pageId":null,"dailyBudget":null,"facebookPage":{"id":9,"pageId":"84","name":"Estúdio"},"instagramAccount":null,"facebookInstantForm":null,"nextStepInstantForm":false}]
23:47:31.408 [main] INFO com.marketinghub.facebookadsworker.facebookcampaign.FacebookCampaignService -- Requesting creatives for experiment from backend: url==>http://localhost:58545/api/experiments/1/creatives, params={}
23:47:31.450 [main] INFO com.marketinghub.facebookadsworker.facebookcampaign.FacebookCampaignService -- Received creatives response from backend: url<==http://localhost:58545/api/experiments/1/creatives, response=[{"id":101,"experimentId":1,"format":null,"headline":"HL","primaryText":"Texto Criativo","imageUrl":"https://cdn.example/img.jpg","description":"Desc","cta":"SHOP_NOW","destinationUrl":"https://exp.example/landing","leadGenFormId":null,"instagramUserId":"21","status":"READY"}]
23:47:31.451 [main] INFO com.marketinghub.facebookadsworker.FacebookAdsService -- Sending POST request to Facebook API: path==>/v23.0/act_1/campaigns, body={"access_token":"***","special_ad_categories":[],"name":"Exp","objective":"OUTCOME_TRAFFIC","status":"PAUSED"}
23:47:31.456 [main] INFO com.marketinghub.facebookadsworker.FacebookAdsService -- Facebook API response received: method=POST, path<==/v23.0/act_1/campaigns, status=200 200 OK, headers={"Content-Length":["***"],"Content-Type":["app...son"]}, body={"id":"10"}
23:47:31.456 [main] INFO com.marketinghub.facebookadsworker.facebookcampaign.FacebookCampaignService -- Requesting ad sets for experiment from backend: url==>http://localhost:58545/api/adsets?experimentId=1, params={"experimentId":1}
23:47:31.500 [main] INFO com.marketinghub.facebookadsworker.facebookcampaign.FacebookCampaignService -- Received ad sets response from backend: url<==http://localhost:58545/api/adsets?experimentId=1, response=[]
23:47:31.500 [main] INFO com.marketinghub.facebookadsworker.FacebookAdsService -- Sending POST request to Facebook API: path==>/v23.0/act_1/adsets, body={"optimization_goal":"LINK_CLICKS","access_token":"***","destination_type":"WEBSITE","targeting":{"targeting_automation":{"advantage_audience":1},"geo_locations":{"countries":["BR"]}},"bid_amount":"150","billing_event":"IMPRESSIONS","bid_strategy":"LOWEST_COST_WITHOUT_CAP","promoted_object":{"page_id":"84"},"name":"Exp - Ad Set","daily_budget":"2000","campaign_id":"10","status":"PAUSED"}
23:47:31.504 [main] INFO com.marketinghub.facebookadsworker.FacebookAdsService -- Facebook API response received: method=POST, path<==/v23.0/act_1/adsets, status=200 200 OK, headers={"Content-Length":["***"],"Content-Type":["app...son"]}, body={"id":"20"}
23:47:31.504 [main] INFO com.marketinghub.facebookadsworker.FacebookAdsService -- Sending POST request to Facebook API: path==>/v23.0/act_1/adcreatives, body={"object_story_spec":{"page_id":"84","instagram_user_id":"21","link_data":{"call_to_action":{"type":"SHOP_NOW","value":{"link":"https://exp.example/landing"}},"link":"https://exp.example/landing","name":"HL","description":"Desc","message":"Texto Criativo","picture":"https://cdn.example/img.jpg"}},"access_token":"***","name":"Exp - Creative"}
23:47:31.548 [main] INFO com.marketinghub.facebookadsworker.FacebookAdsService -- Facebook API response received: method=POST, path<==/v23.0/act_1/adcreatives, status=200 200 OK, headers={"Content-Length":["***"],"Content-Type":["app...son"]}, body={"id":"30"}
23:47:31.549 [main] INFO com.marketinghub.facebookadsworker.FacebookAdsService -- Sending POST request to Facebook API: path==>/v23.0/act_1/ads, body={"access_token":"***","name":"Exp - Ad","adset_id":"20","creative":{"creative_id":"30"},"status":"PAUSED"}
23:47:31.593 [main] INFO com.marketinghub.facebookadsworker.FacebookAdsService -- Facebook API response received: method=POST, path<==/v23.0/act_1/ads, status=200 200 OK, headers={"Content-Length":["***"],"Content-Type":["app...son"]}, body={"id":"40"}
23:47:31.593 [main] INFO com.marketinghub.facebookadsworker.facebookcampaign.FacebookCampaignService -- Reporting Facebook campaign creation to backend: url==>http://localhost:58545/api/facebook-campaigns, params={}, payload={"id":"10","adAccountId":"1","name":"Exp","objective":"OUTCOME_TRAFFIC","budgetMode":"CAMPAIGN","experimentId":1,"facebookAccountId":1,"adSet":{"id":"20","name":"Exp - Ad Set","billingEvent":"IMPRESSIONS","optimizationGoal":"LINK_CLICKS","bidStrategy":"LOWEST_COST_WITHOUT_CAP","bidAmount":"150","dailyBudget":"2000","lifetimeBudget":null,"targetCountry":"BR","destinationType":"WEBSITE","pageId":"84","targetingJson":null,"experimentAdSetId":null},"adCreative":{"id":"30","pageId":"84","instagramActorId":"21","websiteUrl":"https://exp.example/landing","leadGenFormId":null,"message":"Texto Criativo","imageHash":null,"imageUrl":"https://cdn.example/img.jpg","callToActionType":"SHOP_NOW","headline":"HL","description":"Desc"},"ad":{"id":"40","name":"Exp - Ad","adSetId":"20","creativeId":"30"}}
23:47:31.598 [main] INFO com.marketinghub.facebookadsworker.facebookcampaign.FacebookCampaignService -- Successfully reported Facebook campaign creation to backend: url<==http://localhost:58545/api/facebook-campaigns, experimentId=1, campaignId=10
23:47:31.598 [main] INFO com.marketinghub.facebookadsworker.facebookcampaign.FacebookCampaignService -- Marking experiment as RUNNING in backend after Facebook campaign publication: url==>http://localhost:58545/api/experiments/1/status?status=RUNNING, params={}, campaignId=10
23:47:31.641 [main] INFO com.marketinghub.facebookadsworker.facebookcampaign.FacebookCampaignService -- Marked experiment 1 as RUNNING after Facebook campaign publication: campaignId=10
]]></system-out>
  </testcase>
  <testcase name="logsConfigurationUnavailableWarningOnlyOncePerOutage" classname="com.marketinghub.facebookadsworker.facebookcampaign.FacebookCampaignServiceTest" time="0.008">
    <system-out><![CDATA[23:47:31.646 [main] INFO com.marketinghub.facebookadsworker.FacebookAdsService -- Configured Facebook Graph API version: v23.0
23:47:31.647 [main] INFO com.marketinghub.facebookadsworker.FacebookAdsService -- Facebook access token updated: previousToken=null, newToken=***
23:47:31.647 [main] WARN com.marketinghub.facebookadsworker.facebookcampaign.FacebookCampaignService -- Facebook worker configuration is unavailable; skipping campaign creation
23:47:31.647 [main] INFO com.marketinghub.facebookadsworker.facebookcampaign.FacebookCampaignService -- Requesting experiments ready for Facebook campaigns from backend: url==>http://localhost:36109/api/facebook-campaigns/experiments-ready, params={}
23:47:31.651 [main] INFO com.marketinghub.facebookadsworker.facebookcampaign.FacebookCampaignService -- Received experiments response from backend: url<==http://localhost:36109/api/facebook-campaigns/experiments-ready, response=[]
23:47:31.651 [main] WARN com.marketinghub.facebookadsworker.facebookcampaign.FacebookCampaignService -- Facebook worker configuration is unavailable; skipping campaign creation
]]></system-out>
  </testcase>
  <testcase name="publishesInstantFormUsingShareLinkWhenFormIdMissing" classname="com.marketinghub.facebookadsworker.facebookcampaign.FacebookCampaignServiceTest" time="0.418">
    <system-out><![CDATA[23:47:31.655 [main] INFO com.marketinghub.facebookadsworker.FacebookAdsService -- Configured Facebook Graph API version: v23.0
23:47:31.655 [main] INFO com.marketinghub.facebookadsworker.FacebookAdsService -- Facebook access token updated: previousToken=null, newToken=***
23:47:31.656 [main] INFO com.marketinghub.facebookadsworker.facebookcampaign.FacebookCampaignService -- Requesting experiments ready for Facebook campaigns from backend: url==>http://localhost:42457/api/facebook-campaigns/experiments-ready, params={}
23:47:31.660 [main] INFO com.marketinghub.facebookadsworker.facebookcampaign.FacebookCampaignService -- Received experiments response from backend: url<==http://localhost:42457/api/facebook-campaigns/experiments-ready, response=[{"id":1,"name":"Exp","pageId":"84","dailyBudget":null,"facebookPage":{"id":9,"pageId":"84","name":"Estúdio"},"instagramAccount":{"id":55,"handle":"@estudio","code":"IG-EST","name":"Estúdio"},"facebookInstantForm":{"id":33,"facebookFormId":null,"name":"Lead","status":"DRAFT","approved":true,"published":false,"shareLink":"https://www.facebook.com/ads/leadgen/?id=2468"},"nextStepInstantForm":true}]
23:47:31.663 [main] INFO com.marketinghub.facebookadsworker.facebookcampaign.FacebookCampaignService -- Requesting creatives for experiment from backend: url==>http://localhost:42457/api/experiments/1/creatives, params={}
23:47:31.705 [main] INFO com.marketinghub.facebookadsworker.facebookcampaign.FacebookCampaignService -- Received creatives response from backend: url<==http://localhost:42457/api/experiments/1/creatives, response=[{"id":101,"experimentId":1,"format":null,"headline":"HL","primaryText":"Texto Criativo","imageUrl":"https://cdn.example/img.jpg","description":"Desc","cta":"SHOP_NOW","destinationUrl":"","leadGenFormId":null,"instagramUserId":"21","status":"READY"}]
23:47:31.707 [main] INFO com.marketinghub.facebookadsworker.facebookcampaign.FacebookCampaignService -- Publishing approved instant form before creating Facebook campaign: experimentId=1, formId=2468
23:47:31.707 [main] INFO com.marketinghub.facebookadsworker.FacebookAdsService -- Sending GET request to Facebook API: path==>/v23.0/2468?access_***=***
23:47:31.711 [main] INFO com.marketinghub.facebookadsworker.FacebookAdsService -- Facebook API response received: method=GET, path<==/v23.0/2468?access_***=***, status=200 200 OK, headers={"Content-Length":["***"],"Content-Type":["app...son"]}, body={"status":"DRAFT"}
23:47:31.711 [main] INFO com.marketinghub.facebookadsworker.FacebookAdsService -- Sending POST request to Facebook API: path==>/v23.0/2468, body={"access_token":"***","status":"ACTIVE"}
23:47:31.754 [main] INFO com.marketinghub.facebookadsworker.FacebookAdsService -- Facebook API response received: method=POST, path<==/v23.0/2468, status=200 200 OK, headers={"Content-Length":["***"],"Content-Type":["app...son"]}, body={"success":true}
23:47:31.755 [main] INFO com.marketinghub.facebookadsworker.FacebookAdsService -- Sending GET request to Facebook API: path==>/v23.0/2468?access_***=***
23:47:31.798 [main] INFO com.marketinghub.facebookadsworker.FacebookAdsService -- Facebook API response received: method=GET, path<==/v23.0/2468?access_***=***, status=200 200 OK, headers={"Content-Length":["***"],"Content-Type":["app...son"]}, body={"id":"2468","status":"ACTIVE","share_link":"https://www.facebook.com/ads/leadgen/?id=2468"}
23:47:31.799 [main] INFO com.marketinghub.facebookadsworker.facebookcampaign.FacebookCampaignService -- Using instant form share link as destination URL for experiment 1: link=https://www.facebook.com/ads/leadgen/?id=2468
23:47:31.799 [main] INFO com.marketinghub.facebookadsworker.facebookcampaign.FacebookCampaignService -- Using instant form ID as lead generation destination for experiment 1: formId=2468
23:47:31.799 [main] INFO com.marketinghub.facebookadsworker.FacebookAdsService -- Sending POST request to Facebook API: path==>/v23.0/act_1/campaigns, body={"access_token":"***","special_ad_categories":[],"name":"Exp","objective":"OUTCOME_LEADS","status":"PAUSED"}
23:47:31.842 [main] INFO com.marketinghub.facebookadsworker.FacebookAdsService -- Facebook API response received: method=POST, path<==/v23.0/act_1/campaigns, status=200 200 OK, headers={"Content-Length":["***"],"Content-Type":["app...son"]}, body={"id":"10"}
23:47:31.843 [main] INFO com.marketinghub.facebookadsworker.FacebookAdsService -- Sending POST request to Facebook API: path==>/v23.0/act_1/adsets, body={"optimization_goal":"LEAD_GENERATION","access_token":"***","destination_type":"ON_AD","targeting":{"targeting_automation":{"advantage_audience":1},"geo_locations":{"countries":["BR"]}},"bid_amount":"150","billing_event":"IMPRESSIONS","bid_strategy":"LOWEST_COST_WITHOUT_CAP","promoted_object":{"page_id":"42"},"name":"Exp - Ad Set","daily_budget":"2000","campaign_id":"10","status":"PAUSED"}
23:47:31.886 [main] INFO com.marketinghub.facebookadsworker.FacebookAdsService -- Facebook API response received: method=POST, path<==/v23.0/act_1/adsets, status=200 200 OK, headers={"Content-Length":["***"],"Content-Type":["app...son"]}, body={"id":"20"}
23:47:31.887 [main] INFO com.marketinghub.facebookadsworker.FacebookAdsService -- Sending POST request to Facebook API: path==>/v23.0/act_1/adcreatives, body={"object_story_spec":{"page_id":"42","instagram_user_id":"21","link_data":{"call_to_action":{"type":"SHOP_NOW","value":{"lead_gen_form_id":"2468","link":"https://www.facebook.com/ads/leadgen/?id=2468"}},"link":"https://www.facebook.com/ads/leadgen/?id=2468","name":"HL","description":"Desc","message":"Texto Criativo","picture":"https://cdn.example/img.jpg"}},"access_token":"***","name":"Exp - Creative"}
23:47:31.930 [main] INFO com.marketinghub.facebookadsworker.FacebookAdsService -- Facebook API response received: method=POST, path<==/v23.0/act_1/adcreatives, status=200 200 OK, headers={"Content-Length":["***"],"Content-Type":["app...son"]}, body={"id":"30"}
23:47:31.931 [main] INFO com.marketinghub.facebookadsworker.FacebookAdsService -- Sending POST request to Facebook API: path==>/v23.0/act_1/ads, body={"access_token":"***","name":"Exp - Ad","adset_id":"20","creative":{"creative_id":"30"},"status":"PAUSED"}
23:47:31.974 [main] INFO com.marketinghub.facebookadsworker.FacebookAdsService -- Facebook API response received: method=POST, path<==/v23.0/act_1/ads, status=200 200 OK, headers={"Content-Length":["***"],"Content-Type":["app...son"]}, body={"id":"40"}
23:47:31.975 [main] INFO com.marketinghub.facebookadsworker.facebookcampaign.FacebookCampaignService -- Reporting Facebook campaign creation to backend: url==>http://localhost:42457/api/facebook-campaigns, params={}, payload={"id":"10","adAccountId":"1","name":"Exp","objective":"OUTCOME_TRAFFIC","budgetMode":"CAMPAIGN","experimentId":1,"facebookAccountId":1,"adSet":{"id":"20","name":"Exp - Ad Set","billingEvent":"IMPRESSIONS","optimizationGoal":"LEAD_GENERATION","bidStrategy":"LOWEST_COST_WITHOUT_CAP","bidAmount":"150","dailyBudget":"2000","lifetimeBudget":null,"targetCountry":"BR","destinationType":"ON_AD","pageId":"42","targetingJson":null,"experimentAdSetId":null},"adCreative":{"id":"30","pageId":"42","instagramActorId":"21","websiteUrl":"https://www.facebook.com/ads/leadgen/?id=2468","leadGenFormId":"2468","message":"Texto Criativo","imageHash":null,"imageUrl":"https://cdn.example/img.jpg","callToActionType":"SHOP_NOW","headline":"HL","description":"Desc"},"ad":{"id":"40","name":"Exp - Ad","adSetId":"20","creativeId":"30"}}
23:47:31.981 [main] INFO com.marketinghub.facebookadsworker.facebookcampaign.FacebookCampaignService -- Successfully reported Facebook campaign creation to backend: url<==http://localhost:42457/api/facebook-campaigns, experimentId=1, campaignId=10
23:47:31.981 [main] INFO com.marketinghub.facebookadsworker.facebookcampaign.FacebookCampaignService -- Reporting instant form publication to backend: url==>http://localhost:42457/api/instant-forms/33/publication, payload={"published":true,"publishedAt":1769644051.799280235,"shareLink":"https://www.facebook.com/ads/leadgen/?id=2468","status":"ACTIVE","facebookFormId":"2468"}
23:47:32.025 [main] INFO com.marketinghub.facebookadsworker.facebookcampaign.FacebookCampaignService -- Successfully reported instant form publication to backend: url<==http://localhost:42457/api/instant-forms/33/publication
23:47:32.025 [main] INFO com.marketinghub.facebookadsworker.facebookcampaign.FacebookCampaignService -- Marking experiment as RUNNING in backend after Facebook campaign publication: url==>http://localhost:42457/api/experiments/1/status?status=RUNNING, params={}, campaignId=10
23:47:32.069 [main] INFO com.marketinghub.facebookadsworker.facebookcampaign.FacebookCampaignService -- Marked experiment 1 as RUNNING after Facebook campaign publication: campaignId=10
]]></system-out>
  </testcase>
  <testcase name="skipsExperimentAfterPermissionErrorEvenIfBackendKeepsReturningIt" classname="com.marketinghub.facebookadsworker.facebookcampaign.FacebookCampaignServiceTest" time="0.117">
    <system-out><![CDATA[23:47:32.073 [main] INFO com.marketinghub.facebookadsworker.FacebookAdsService -- Configured Facebook Graph API version: v23.0
23:47:32.074 [main] INFO com.marketinghub.facebookadsworker.FacebookAdsService -- Facebook access token updated: previousToken=null, newToken=***
23:47:32.074 [main] INFO com.marketinghub.facebookadsworker.facebookcampaign.FacebookCampaignService -- Requesting experiments ready for Facebook campaigns from backend: url==>http://localhost:56669/api/facebook-campaigns/experiments-ready, params={}
23:47:32.079 [main] INFO com.marketinghub.facebookadsworker.facebookcampaign.FacebookCampaignService -- Received experiments response from backend: url<==http://localhost:56669/api/facebook-campaigns/experiments-ready, response=[{"id":1,"name":"Exp","pageId":null,"dailyBudget":null,"facebookPage":{"id":9,"pageId":"84","name":"Estúdio"},"instagramAccount":{"id":55,"handle":"@estudio","code":"IG-EST","name":"Estúdio"},"facebookInstantForm":null,"nextStepInstantForm":false}]
23:47:32.081 [main] INFO com.marketinghub.facebookadsworker.facebookcampaign.FacebookCampaignService -- Requesting creatives for experiment from backend: url==>http://localhost:56669/api/experiments/1/creatives, params={}
23:47:32.124 [main] INFO com.marketinghub.facebookadsworker.facebookcampaign.FacebookCampaignService -- Received creatives response from backend: url<==http://localhost:56669/api/experiments/1/creatives, response=[{"id":101,"experimentId":1,"format":null,"headline":"HL","primaryText":"Texto Criativo","imageUrl":"https://cdn.example/img.jpg","description":"Desc","cta":"SHOP_NOW","destinationUrl":"https://exp.example/landing","leadGenFormId":null,"instagramUserId":"21","status":"READY"}]
23:47:32.126 [main] INFO com.marketinghub.facebookadsworker.FacebookAdsService -- Sending POST request to Facebook API: path==>/v23.0/act_1/campaigns, body={"access_token":"***","special_ad_categories":[],"name":"Exp","objective":"OUTCOME_TRAFFIC","status":"PAUSED"}
23:47:32.130 [main] ERROR com.marketinghub.facebookadsworker.FacebookAdsService -- Facebook API POST request failed: path<==/v23.0/act_1/campaigns, status=400, responseBody={"e...6}}, errorDetails={"type":"OAuthException","code":200,"error_subcode":1815066,"message":"Permissions error"}, headers={"Content-Length":["***"],"Content-Type":["app...son"]}
org.springframework.web.reactive.function.client.WebClientResponseException$BadRequest: 400 Bad Request from POST http://localhost:47457/v23.0/act_1/campaigns
	at org.springframework.web.reactive.function.client.WebClientResponseException.create(WebClientResponseException.java:307)
	at org.springframework.web.reactive.function.client.DefaultClientResponse.lambda$createException$1(DefaultClientResponse.java:214)
	at reactor.core.publisher.FluxMap$MapSubscriber.onNext(FluxMap.java:106)
	at reactor.core.publisher.FluxOnErrorReturn$ReturnSubscriber.onNext(FluxOnErrorReturn.java:162)
	at reactor.core.publisher.FluxDefaultIfEmpty$DefaultIfEmptySubscriber.onNext(FluxDefaultIfEmpty.java:122)
	at reactor.core.publisher.FluxOnAssembly$OnAssemblySubscriber.onNext(FluxOnAssembly.java:539)
	at reactor.core.publisher.FluxMapFuseable$MapFuseableSubscriber.onNext(FluxMapFuseable.java:129)
	at reactor.core.publisher.FluxContextWrite$ContextWriteSubscriber.onNext(FluxContextWrite.java:107)
	at reactor.core.publisher.FluxMapFuseable$MapFuseableConditionalSubscriber.onNext(FluxMapFuseable.java:299)
	at reactor.core.publisher.FluxFilterFuseable$FilterFuseableConditionalSubscriber.onNext(FluxFilterFuseable.java:337)
	at reactor.core.publisher.Operators$BaseFluxToMonoOperator.completePossiblyEmpty(Operators.java:2097)
	at reactor.core.publisher.MonoCollect$CollectSubscriber.onComplete(MonoCollect.java:145)
	at reactor.core.publisher.FluxMap$MapSubscriber.onComplete(FluxMap.java:144)
	at reactor.core.publisher.FluxPeek$PeekSubscriber.onComplete(FluxPeek.java:260)
	at reactor.core.publisher.FluxMap$MapSubscriber.onComplete(FluxMap.java:144)
	at reactor.netty.channel.FluxReceive.onInboundComplete(FluxReceive.java:415)
	at reactor.netty.channel.ChannelOperations.onInboundComplete(ChannelOperations.java:446)
	at reactor.netty.channel.ChannelOperations.terminate(ChannelOperations.java:500)
	at reactor.netty.http.client.HttpClientOperations.onInboundNext(HttpClientOperations.java:793)
	at reactor.netty.channel.ChannelOperationsHandler.channelRead(ChannelOperationsHandler.java:114)
	at io.netty.channel.AbstractChannelHandlerContext.invokeChannelRead(AbstractChannelHandlerContext.java:444)
	at io.netty.channel.AbstractChannelHandlerContext.invokeChannelRead(AbstractChannelHandlerContext.java:420)
	at io.netty.channel.AbstractChannelHandlerContext.fireChannelRead(AbstractChannelHandlerContext.java:412)
	at io.netty.handler.timeout.IdleStateHandler.channelRead(IdleStateHandler.java:289)
	at io.netty.channel.AbstractChannelHandlerContext.invokeChannelRead(AbstractChannelHandlerContext.java:442)
	at io.netty.channel.AbstractChannelHandlerContext.invokeChannelRead(AbstractChannelHandlerContext.java:420)
	at io.netty.channel.AbstractChannelHandlerContext.fireChannelRead(AbstractChannelHandlerContext.java:412)
	at io.netty.channel.CombinedChannelDuplexHandler$DelegatingChannelHandlerContext.fireChannelRead(CombinedChannelDuplexHandler.java:436)
	at io.netty.handler.codec.ByteToMessageDecoder.fireChannelRead(ByteToMessageDecoder.java:346)
	at io.netty.handler.codec.ByteToMessageDecoder.channelRead(ByteToMessageDecoder.java:318)
	at io.netty.channel.CombinedChannelDuplexHandler.channelRead(CombinedChannelDuplexHandler.java:251)
	at io.netty.channel.AbstractChannelHandlerContext.invokeChannelRead(AbstractChannelHandlerContext.java:442)
	at io.netty.channel.AbstractChannelHandlerContext.invokeChannelRead(AbstractChannelHandlerContext.java:420)
	at io.netty.channel.AbstractChannelHandlerContext.fireChannelRead(AbstractChannelHandlerContext.java:412)
	at io.netty.channel.DefaultChannelPipeline$HeadContext.channelRead(DefaultChannelPipeline.java:1410)
	at io.netty.channel.AbstractChannelHandlerContext.invokeChannelRead(AbstractChannelHandlerContext.java:440)
	at io.netty.channel.AbstractChannelHandlerContext.invokeChannelRead(AbstractChannelHandlerContext.java:420)
	at io.netty.channel.DefaultChannelPipeline.fireChannelRead(DefaultChannelPipeline.java:919)
	at io.netty.channel.epoll.AbstractEpollStreamChannel$EpollStreamUnsafe.epollInReady(AbstractEpollStreamChannel.java:801)
	at io.netty.channel.epoll.EpollEventLoop.processReady(EpollEventLoop.java:501)
	at io.netty.channel.epoll.EpollEventLoop.run(EpollEventLoop.java:399)
	at io.netty.util.concurrent.SingleThreadEventExecutor$4.run(SingleThreadEventExecutor.java:997)
	at io.netty.util.internal.ThreadExecutorMap$2.run(ThreadExecutorMap.java:74)
	at io.netty.util.concurrent.FastThreadLocalRunnable.run(FastThreadLocalRunnable.java:30)
	at java.base/java.lang.Thread.run(Thread.java:1583)
	Suppressed: java.lang.Exception: #block terminated with an error
		at reactor.core.publisher.BlockingSingleSubscriber.blockingGet(BlockingSingleSubscriber.java:104)
		at reactor.core.publisher.Mono.block(Mono.java:1779)
		at com.marketinghub.facebookadsworker.FacebookAdsService.executePost(FacebookAdsService.java:1282)
		at com.marketinghub.facebookadsworker.FacebookAdsService.createInstagramCampaign(FacebookAdsService.java:112)
		at com.marketinghub.facebookadsworker.FacebookAdsService.createCampaign(FacebookAdsService.java:121)
		at com.marketinghub.facebookadsworker.facebookcampaign.FacebookCampaignService.processExperiment(FacebookCampaignService.java:250)
		at com.marketinghub.facebookadsworker.facebookcampaign.FacebookCampaignService.lambda$createCampaignsFromExperiments$1(FacebookCampaignService.java:184)
		at java.base/java.util.ArrayList.forEach(ArrayList.java:1596)
		at com.marketinghub.facebookadsworker.facebookcampaign.FacebookCampaignService.createCampaignsFromExperiments(FacebookCampaignService.java:176)
		at com.marketinghub.facebookadsworker.facebookcampaign.FacebookCampaignServiceTest.skipsExperimentAfterPermissionErrorEvenIfBackendKeepsReturningIt(FacebookCampaignServiceTest.java:701)
		at java.base/jdk.internal.reflect.DirectMethodHandleAccessor.invoke(DirectMethodHandleAccessor.java:103)
		at java.base/java.lang.reflect.Method.invoke(Method.java:580)
		at org.junit.platform.commons.util.ReflectionUtils.invokeMethod(ReflectionUtils.java:728)
		at org.junit.jupiter.engine.execution.MethodInvocation.proceed(MethodInvocation.java:60)
		at org.junit.jupiter.engine.execution.InvocationInterceptorChain$ValidatingInvocation.proceed(InvocationInterceptorChain.java:131)
		at org.junit.jupiter.engine.extension.SameThreadTimeoutInvocation.proceed(SameThreadTimeoutInvocation.java:45)
		at org.junit.jupiter.engine.extension.TimeoutExtension.intercept(TimeoutExtension.java:156)
		at org.junit.jupiter.engine.extension.TimeoutExtension.interceptTestableMethod(TimeoutExtension.java:147)
		at org.junit.jupiter.engine.extension.TimeoutExtension.interceptTestMethod(TimeoutExtension.java:86)
		at org.junit.jupiter.engine.execution.InterceptingExecutableInvoker$ReflectiveInterceptorCall.lambda$ofVoidMethod$0(InterceptingExecutableInvoker.java:103)
		at org.junit.jupiter.engine.execution.InterceptingExecutableInvoker.lambda$invoke$0(InterceptingExecutableInvoker.java:93)
		at org.junit.jupiter.engine.execution.InvocationInterceptorChain$InterceptedInvocation.proceed(InvocationInterceptorChain.java:106)
		at org.junit.jupiter.engine.execution.InvocationInterceptorChain.proceed(InvocationInterceptorChain.java:64)
		at org.junit.jupiter.engine.execution.InvocationInterceptorChain.chainAndInvoke(InvocationInterceptorChain.java:45)
		at org.junit.jupiter.engine.execution.InvocationInterceptorChain.invoke(InvocationInterceptorChain.java:37)
		at org.junit.jupiter.engine.execution.InterceptingExecutableInvoker.invoke(InterceptingExecutableInvoker.java:92)
		at org.junit.jupiter.engine.execution.InterceptingExecutableInvoker.invoke(InterceptingExecutableInvoker.java:86)
		at org.junit.jupiter.engine.descriptor.TestMethodTestDescriptor.lambda$invokeTestMethod$7(TestMethodTestDescriptor.java:218)
		at org.junit.platform.engine.support.hierarchical.ThrowableCollector.execute(ThrowableCollector.java:73)
		at org.junit.jupiter.engine.descriptor.TestMethodTestDescriptor.invokeTestMethod(TestMethodTestDescriptor.java:214)
		at org.junit.jupiter.engine.descriptor.TestMethodTestDescriptor.execute(TestMethodTestDescriptor.java:139)
		at org.junit.jupiter.engine.descriptor.TestMethodTestDescriptor.execute(TestMethodTestDescriptor.java:69)
		at org.junit.platform.engine.support.hierarchical.NodeTestTask.lambda$executeRecursively$6(NodeTestTask.java:151)
		at org.junit.platform.engine.support.hierarchical.ThrowableCollector.execute(ThrowableCollector.java:73)
		at org.junit.platform.engine.support.hierarchical.NodeTestTask.lambda$executeRecursively$8(NodeTestTask.java:141)
		at org.junit.platform.engine.support.hierarchical.Node.around(Node.java:137)
		at org.junit.platform.engine.support.hierarchical.NodeTestTask.lambda$executeRecursively$9(NodeTestTask.java:139)
		at org.junit.platform.engine.support.hierarchical.ThrowableCollector.execute(ThrowableCollector.java:73)
		at org.junit.platform.engine.support.hierarchical.NodeTestTask.executeRecursively(NodeTestTask.java:138)
		at org.junit.platform.engine.support.hierarchical.NodeTestTask.execute(NodeTestTask.java:95)
		at java.base/java.util.ArrayList.forEach(ArrayList.java:1596)
		at org.junit.platform.engine.support.hierarchical.SameThreadHierarchicalTestExecutorService.invokeAll(SameThreadHierarchicalTestExecutorService.java:41)
		at org.junit.platform.engine.support.hierarchical.NodeTestTask.lambda$executeRecursively$6(NodeTestTask.java:155)
		at org.junit.platform.engine.support.hierarchical.ThrowableCollector.execute(ThrowableCollector.java:73)
		at org.junit.platform.engine.support.hierarchical.NodeTestTask.lambda$executeRecursively$8(NodeTestTask.java:141)
		at org.junit.platform.engine.support.hierarchical.Node.around(Node.java:137)
		at org.junit.platform.engine.support.hierarchical.NodeTestTask.lambda$executeRecursively$9(NodeTestTask.java:139)
		at org.junit.platform.engine.support.hierarchical.ThrowableCollector.execute(ThrowableCollector.java:73)
		at org.junit.platform.engine.support.hierarchical.NodeTestTask.executeRecursively(NodeTestTask.java:138)
		at org.junit.platform.engine.support.hierarchical.NodeTestTask.execute(NodeTestTask.java:95)
		at java.base/java.util.ArrayList.forEach(ArrayList.java:1596)
		at org.junit.platform.engine.support.hierarchical.SameThreadHierarchicalTestExecutorService.invokeAll(SameThreadHierarchicalTestExecutorService.java:41)
		at org.junit.platform.engine.support.hierarchical.NodeTestTask.lambda$executeRecursively$6(NodeTestTask.java:155)
		at org.junit.platform.engine.support.hierarchical.ThrowableCollector.execute(ThrowableCollector.java:73)
		at org.junit.platform.engine.support.hierarchical.NodeTestTask.lambda$executeRecursively$8(NodeTestTask.java:141)
		at org.junit.platform.engine.support.hierarchical.Node.around(Node.java:137)
		at org.junit.platform.engine.support.hierarchical.NodeTestTask.lambda$executeRecursively$9(NodeTestTask.java:139)
		at org.junit.platform.engine.support.hierarchical.ThrowableCollector.execute(ThrowableCollector.java:73)
		at org.junit.platform.engine.support.hierarchical.NodeTestTask.executeRecursively(NodeTestTask.java:138)
		at org.junit.platform.engine.support.hierarchical.NodeTestTask.execute(NodeTestTask.java:95)
		at org.junit.platform.engine.support.hierarchical.SameThreadHierarchicalTestExecutorService.submit(SameThreadHierarchicalTestExecutorService.java:35)
		at org.junit.platform.engine.support.hierarchical.HierarchicalTestExecutor.execute(HierarchicalTestExecutor.java:57)
		at org.junit.platform.engine.support.hierarchical.HierarchicalTestEngine.execute(HierarchicalTestEngine.java:54)
		at org.junit.platform.launcher.core.EngineExecutionOrchestrator.execute(EngineExecutionOrchestrator.java:198)
		at org.junit.platform.launcher.core.EngineExecutionOrchestrator.execute(EngineExecutionOrchestrator.java:169)
		at org.junit.platform.launcher.core.EngineExecutionOrchestrator.execute(EngineExecutionOrchestrator.java:93)
		at org.junit.platform.launcher.core.EngineExecutionOrchestrator.lambda$execute$0(EngineExecutionOrchestrator.java:58)
		at org.junit.platform.launcher.core.EngineExecutionOrchestrator.withInterceptedStreams(EngineExecutionOrchestrator.java:141)
		at org.junit.platform.launcher.core.EngineExecutionOrchestrator.execute(EngineExecutionOrchestrator.java:57)
		at org.junit.platform.launcher.core.DefaultLauncher.execute(DefaultLauncher.java:103)
		at org.junit.platform.launcher.core.DefaultLauncher.execute(DefaultLauncher.java:85)
		at org.junit.platform.launcher.core.DelegatingLauncher.execute(DelegatingLauncher.java:47)
		at org.apache.maven.surefire.junitplatform.LazyLauncher.execute(LazyLauncher.java:56)
		at org.apache.maven.surefire.junitplatform.JUnitPlatformProvider.execute(JUnitPlatformProvider.java:184)
		at org.apache.maven.surefire.junitplatform.JUnitPlatformProvider.invokeAllTests(JUnitPlatformProvider.java:148)
		at org.apache.maven.surefire.junitplatform.JUnitPlatformProvider.invoke(JUnitPlatformProvider.java:122)
		at org.apache.maven.surefire.booter.ForkedBooter.runSuitesInProcess(ForkedBooter.java:385)
		at org.apache.maven.surefire.booter.ForkedBooter.execute(ForkedBooter.java:162)
		at org.apache.maven.surefire.booter.ForkedBooter.run(ForkedBooter.java:507)
		at org.apache.maven.surefire.booter.ForkedBooter.main(ForkedBooter.java:495)
23:47:32.131 [main] WARN com.marketinghub.facebookadsworker.facebookcampaign.FacebookCampaignService -- Experiment 1 blocked after Facebook permission error; the worker will keep it skipped until restart
23:47:32.131 [main] WARN com.marketinghub.facebookadsworker.facebookcampaign.FacebookCampaignService -- Skipping experiment due to Facebook permission error: id=1, name=Exp, message=Permissions error, details={"type":"OAuthException","code":200,"error_subcode":1815066,"message":"Permissions error"}
23:47:32.131 [main] INFO com.marketinghub.facebookadsworker.facebookcampaign.FacebookCampaignService -- Marking experiment as FAILED in backend: url==>http://localhost:56669/api/experiments/1/status?status=FAILED, params={}
23:47:32.134 [main] WARN com.marketinghub.facebookadsworker.facebookcampaign.FacebookCampaignService -- Could not mark experiment 1 as FAILED after Facebook permission error: url==>http://localhost:56669/api/experiments/1/status?status=FAILED, message=500 Internal Server Error from PATCH http://localhost:56669/api/experiments/1/status
org.springframework.web.reactive.function.client.WebClientResponseException$InternalServerError: 500 Internal Server Error from PATCH http://localhost:56669/api/experiments/1/status
	at org.springframework.web.reactive.function.client.WebClientResponseException.create(WebClientResponseException.java:318)
	Suppressed: reactor.core.publisher.FluxOnAssembly$OnAssemblyException: 
Error has been observed at the following site(s):
	*__checkpoint ⇢ 500 INTERNAL_SERVER_ERROR from PATCH http://localhost:56669/api/experiments/1/status [DefaultWebClient]
Original Stack Trace:
		at org.springframework.web.reactive.function.client.WebClientResponseException.create(WebClientResponseException.java:318)
		at org.springframework.web.reactive.function.client.DefaultClientResponse.lambda$createException$1(DefaultClientResponse.java:214)
		at reactor.core.publisher.FluxMap$MapSubscriber.onNext(FluxMap.java:106)
		at reactor.core.publisher.FluxOnErrorReturn$ReturnSubscriber.onNext(FluxOnErrorReturn.java:162)
		at reactor.core.publisher.Operators$BaseFluxToMonoOperator.completePossiblyEmpty(Operators.java:2097)
		at reactor.core.publisher.FluxDefaultIfEmpty$DefaultIfEmptySubscriber.onComplete(FluxDefaultIfEmpty.java:134)
		at reactor.core.publisher.FluxMapFuseable$MapFuseableSubscriber.onComplete(FluxMapFuseable.java:152)
		at reactor.core.publisher.FluxContextWrite$ContextWriteSubscriber.onComplete(FluxContextWrite.java:126)
		at reactor.core.publisher.FluxMapFuseable$MapFuseableConditionalSubscriber.onComplete(FluxMapFuseable.java:350)
		at reactor.core.publisher.FluxFilterFuseable$FilterFuseableConditionalSubscriber.onComplete(FluxFilterFuseable.java:391)
		at reactor.core.publisher.Operators$BaseFluxToMonoOperator.completePossiblyEmpty(Operators.java:2098)
		at reactor.core.publisher.MonoCollect$CollectSubscriber.onComplete(MonoCollect.java:145)
		at reactor.core.publisher.FluxMap$MapSubscriber.onComplete(FluxMap.java:144)
		at reactor.core.publisher.FluxPeek$PeekSubscriber.onComplete(FluxPeek.java:260)
		at reactor.core.publisher.FluxMap$MapSubscriber.onComplete(FluxMap.java:144)
		at reactor.netty.channel.FluxReceive.onInboundComplete(FluxReceive.java:415)
		at reactor.netty.channel.ChannelOperations.onInboundComplete(ChannelOperations.java:446)
		at reactor.netty.channel.ChannelOperations.terminate(ChannelOperations.java:500)
		at reactor.netty.http.client.HttpClientOperations.onInboundNext(HttpClientOperations.java:793)
		at reactor.netty.channel.ChannelOperationsHandler.channelRead(ChannelOperationsHandler.java:114)
		at io.netty.channel.AbstractChannelHandlerContext.invokeChannelRead(AbstractChannelHandlerContext.java:444)
		at io.netty.channel.AbstractChannelHandlerContext.invokeChannelRead(AbstractChannelHandlerContext.java:420)
		at io.netty.channel.AbstractChannelHandlerContext.fireChannelRead(AbstractChannelHandlerContext.java:412)
		at io.netty.handler.timeout.IdleStateHandler.channelRead(IdleStateHandler.java:289)
		at io.netty.channel.AbstractChannelHandlerContext.invokeChannelRead(AbstractChannelHandlerContext.java:442)
		at io.netty.channel.AbstractChannelHandlerContext.invokeChannelRead(AbstractChannelHandlerContext.java:420)
		at io.netty.channel.AbstractChannelHandlerContext.fireChannelRead(AbstractChannelHandlerContext.java:412)
		at io.netty.channel.CombinedChannelDuplexHandler$DelegatingChannelHandlerContext.fireChannelRead(CombinedChannelDuplexHandler.java:436)
		at io.netty.handler.codec.ByteToMessageDecoder.fireChannelRead(ByteToMessageDecoder.java:346)
		at io.netty.handler.codec.ByteToMessageDecoder.channelRead(ByteToMessageDecoder.java:318)
		at io.netty.channel.CombinedChannelDuplexHandler.channelRead(CombinedChannelDuplexHandler.java:251)
		at io.netty.channel.AbstractChannelHandlerContext.invokeChannelRead(AbstractChannelHandlerContext.java:442)
		at io.netty.channel.AbstractChannelHandlerContext.invokeChannelRead(AbstractChannelHandlerContext.java:420)
		at io.netty.channel.AbstractChannelHandlerContext.fireChannelRead(AbstractChannelHandlerContext.java:412)
		at io.netty.channel.DefaultChannelPipeline$HeadContext.channelRead(DefaultChannelPipeline.java:1410)
		at io.netty.channel.AbstractChannelHandlerContext.invokeChannelRead(AbstractChannelHandlerContext.java:440)
		at io.netty.channel.AbstractChannelHandlerContext.invokeChannelRead(AbstractChannelHandlerContext.java:420)
		at io.netty.channel.DefaultChannelPipeline.fireChannelRead(DefaultChannelPipeline.java:919)
		at io.netty.channel.epoll.AbstractEpollStreamChannel$EpollStreamUnsafe.epollInReady(AbstractEpollStreamChannel.java:801)
		at io.netty.channel.epoll.EpollEventLoop.processReady(EpollEventLoop.java:501)
		at io.netty.channel.epoll.EpollEventLoop.run(EpollEventLoop.java:399)
		at io.netty.util.concurrent.SingleThreadEventExecutor$4.run(SingleThreadEventExecutor.java:997)
		at io.netty.util.internal.ThreadExecutorMap$2.run(ThreadExecutorMap.java:74)
		at io.netty.util.concurrent.FastThreadLocalRunnable.run(FastThreadLocalRunnable.java:30)
		at java.base/java.lang.Thread.run(Thread.java:1583)
	Suppressed: java.lang.Exception: #block terminated with an error
		at reactor.core.publisher.BlockingSingleSubscriber.blockingGet(BlockingSingleSubscriber.java:104)
		at reactor.core.publisher.Mono.block(Mono.java:1779)
		at com.marketinghub.facebookadsworker.facebookcampaign.FacebookCampaignService.markExperimentAsFailed(FacebookCampaignService.java:808)
		at com.marketinghub.facebookadsworker.facebookcampaign.FacebookCampaignService.processExperiment(FacebookCampaignService.java:384)
		at com.marketinghub.facebookadsworker.facebookcampaign.FacebookCampaignService.lambda$createCampaignsFromExperiments$1(FacebookCampaignService.java:184)
		at java.base/java.util.ArrayList.forEach(ArrayList.java:1596)
		at com.marketinghub.facebookadsworker.facebookcampaign.FacebookCampaignService.createCampaignsFromExperiments(FacebookCampaignService.java:176)
		at com.marketinghub.facebookadsworker.facebookcampaign.FacebookCampaignServiceTest.skipsExperimentAfterPermissionErrorEvenIfBackendKeepsReturningIt(FacebookCampaignServiceTest.java:701)
		at java.base/jdk.internal.reflect.DirectMethodHandleAccessor.invoke(DirectMethodHandleAccessor.java:103)
		at java.base/java.lang.reflect.Method.invoke(Method.java:580)
		at org.junit.platform.commons.util.ReflectionUtils.invokeMethod(ReflectionUtils.java:728)
		at org.junit.jupiter.engine.execution.MethodInvocation.proceed(MethodInvocation.java:60)
		at org.junit.jupiter.engine.execution.InvocationInterceptorChain$ValidatingInvocation.proceed(InvocationInterceptorChain.java:131)
		at org.junit.jupiter.engine.extension.SameThreadTimeoutInvocation.proceed(SameThreadTimeoutInvocation.java:45)
		at org.junit.jupiter.engine.extension.TimeoutExtension.intercept(TimeoutExtension.java:156)
		at org.junit.jupiter.engine.extension.TimeoutExtension.interceptTestableMethod(TimeoutExtension.java:147)
		at org.junit.jupiter.engine.extension.TimeoutExtension.interceptTestMethod(TimeoutExtension.java:86)
		at org.junit.jupiter.engine.execution.InterceptingExecutableInvoker$ReflectiveInterceptorCall.lambda$ofVoidMethod$0(InterceptingExecutableInvoker.java:103)
		at org.junit.jupiter.engine.execution.InterceptingExecutableInvoker.lambda$invoke$0(InterceptingExecutableInvoker.java:93)
		at org.junit.jupiter.engine.execution.InvocationInterceptorChain$InterceptedInvocation.proceed(InvocationInterceptorChain.java:106)
		at org.junit.jupiter.engine.execution.InvocationInterceptorChain.proceed(InvocationInterceptorChain.java:64)
		at org.junit.jupiter.engine.execution.InvocationInterceptorChain.chainAndInvoke(InvocationInterceptorChain.java:45)
		at org.junit.jupiter.engine.execution.InvocationInterceptorChain.invoke(InvocationInterceptorChain.java:37)
		at org.junit.jupiter.engine.execution.InterceptingExecutableInvoker.invoke(InterceptingExecutableInvoker.java:92)
		at org.junit.jupiter.engine.execution.InterceptingExecutableInvoker.invoke(InterceptingExecutableInvoker.java:86)
		at org.junit.jupiter.engine.descriptor.TestMethodTestDescriptor.lambda$invokeTestMethod$7(TestMethodTestDescriptor.java:218)
		at org.junit.platform.engine.support.hierarchical.ThrowableCollector.execute(ThrowableCollector.java:73)
		at org.junit.jupiter.engine.descriptor.TestMethodTestDescriptor.invokeTestMethod(TestMethodTestDescriptor.java:214)
		at org.junit.jupiter.engine.descriptor.TestMethodTestDescriptor.execute(TestMethodTestDescriptor.java:139)
		at org.junit.jupiter.engine.descriptor.TestMethodTestDescriptor.execute(TestMethodTestDescriptor.java:69)
		at org.junit.platform.engine.support.hierarchical.NodeTestTask.lambda$executeRecursively$6(NodeTestTask.java:151)
		at org.junit.platform.engine.support.hierarchical.ThrowableCollector.execute(ThrowableCollector.java:73)
		at org.junit.platform.engine.support.hierarchical.NodeTestTask.lambda$executeRecursively$8(NodeTestTask.java:141)
		at org.junit.platform.engine.support.hierarchical.Node.around(Node.java:137)
		at org.junit.platform.engine.support.hierarchical.NodeTestTask.lambda$executeRecursively$9(NodeTestTask.java:139)
		at org.junit.platform.engine.support.hierarchical.ThrowableCollector.execute(ThrowableCollector.java:73)
		at org.junit.platform.engine.support.hierarchical.NodeTestTask.executeRecursively(NodeTestTask.java:138)
		at org.junit.platform.engine.support.hierarchical.NodeTestTask.execute(NodeTestTask.java:95)
		at java.base/java.util.ArrayList.forEach(ArrayList.java:1596)
		at org.junit.platform.engine.support.hierarchical.SameThreadHierarchicalTestExecutorService.invokeAll(SameThreadHierarchicalTestExecutorService.java:41)
		at org.junit.platform.engine.support.hierarchical.NodeTestTask.lambda$executeRecursively$6(NodeTestTask.java:155)
		at org.junit.platform.engine.support.hierarchical.ThrowableCollector.execute(ThrowableCollector.java:73)
		at org.junit.platform.engine.support.hierarchical.NodeTestTask.lambda$executeRecursively$8(NodeTestTask.java:141)
		at org.junit.platform.engine.support.hierarchical.Node.around(Node.java:137)
		at org.junit.platform.engine.support.hierarchical.NodeTestTask.lambda$executeRecursively$9(NodeTestTask.java:139)
		at org.junit.platform.engine.support.hierarchical.ThrowableCollector.execute(ThrowableCollector.java:73)
		at org.junit.platform.engine.support.hierarchical.NodeTestTask.executeRecursively(NodeTestTask.java:138)
		at org.junit.platform.engine.support.hierarchical.NodeTestTask.execute(NodeTestTask.java:95)
		at java.base/java.util.ArrayList.forEach(ArrayList.java:1596)
		at org.junit.platform.engine.support.hierarchical.SameThreadHierarchicalTestExecutorService.invokeAll(SameThreadHierarchicalTestExecutorService.java:41)
		at org.junit.platform.engine.support.hierarchical.NodeTestTask.lambda$executeRecursively$6(NodeTestTask.java:155)
		at org.junit.platform.engine.support.hierarchical.ThrowableCollector.execute(ThrowableCollector.java:73)
		at org.junit.platform.engine.support.hierarchical.NodeTestTask.lambda$executeRecursively$8(NodeTestTask.java:141)
		at org.junit.platform.engine.support.hierarchical.Node.around(Node.java:137)
		at org.junit.platform.engine.support.hierarchical.NodeTestTask.lambda$executeRecursively$9(NodeTestTask.java:139)
		at org.junit.platform.engine.support.hierarchical.ThrowableCollector.execute(ThrowableCollector.java:73)
		at org.junit.platform.engine.support.hierarchical.NodeTestTask.executeRecursively(NodeTestTask.java:138)
		at org.junit.platform.engine.support.hierarchical.NodeTestTask.execute(NodeTestTask.java:95)
		at org.junit.platform.engine.support.hierarchical.SameThreadHierarchicalTestExecutorService.submit(SameThreadHierarchicalTestExecutorService.java:35)
		at org.junit.platform.engine.support.hierarchical.HierarchicalTestExecutor.execute(HierarchicalTestExecutor.java:57)
		at org.junit.platform.engine.support.hierarchical.HierarchicalTestEngine.execute(HierarchicalTestEngine.java:54)
		at org.junit.platform.launcher.core.EngineExecutionOrchestrator.execute(EngineExecutionOrchestrator.java:198)
		at org.junit.platform.launcher.core.EngineExecutionOrchestrator.execute(EngineExecutionOrchestrator.java:169)
		at org.junit.platform.launcher.core.EngineExecutionOrchestrator.execute(EngineExecutionOrchestrator.java:93)
		at org.junit.platform.launcher.core.EngineExecutionOrchestrator.lambda$execute$0(EngineExecutionOrchestrator.java:58)
		at org.junit.platform.launcher.core.EngineExecutionOrchestrator.withInterceptedStreams(EngineExecutionOrchestrator.java:141)
		at org.junit.platform.launcher.core.EngineExecutionOrchestrator.execute(EngineExecutionOrchestrator.java:57)
		at org.junit.platform.launcher.core.DefaultLauncher.execute(DefaultLauncher.java:103)
		at org.junit.platform.launcher.core.DefaultLauncher.execute(DefaultLauncher.java:85)
		at org.junit.platform.launcher.core.DelegatingLauncher.execute(DelegatingLauncher.java:47)
		at org.apache.maven.surefire.junitplatform.LazyLauncher.execute(LazyLauncher.java:56)
		at org.apache.maven.surefire.junitplatform.JUnitPlatformProvider.execute(JUnitPlatformProvider.java:184)
		at org.apache.maven.surefire.junitplatform.JUnitPlatformProvider.invokeAllTests(JUnitPlatformProvider.java:148)
		at org.apache.maven.surefire.junitplatform.JUnitPlatformProvider.invoke(JUnitPlatformProvider.java:122)
		at org.apache.maven.surefire.booter.ForkedBooter.runSuitesInProcess(ForkedBooter.java:385)
		at org.apache.maven.surefire.booter.ForkedBooter.execute(ForkedBooter.java:162)
		at org.apache.maven.surefire.booter.ForkedBooter.run(ForkedBooter.java:507)
		at org.apache.maven.surefire.booter.ForkedBooter.main(ForkedBooter.java:495)
23:47:32.137 [main] INFO com.marketinghub.facebookadsworker.facebookcampaign.FacebookCampaignService -- Requesting experiments ready for Facebook campaigns from backend: url==>http://localhost:56669/api/facebook-campaigns/experiments-ready, params={}
23:47:32.179 [main] INFO com.marketinghub.facebookadsworker.facebookcampaign.FacebookCampaignService -- Received experiments response from backend: url<==http://localhost:56669/api/facebook-campaigns/experiments-ready, response=[{"id":1,"name":"Exp","pageId":null,"dailyBudget":null,"facebookPage":null,"instagramAccount":null,"facebookInstantForm":null,"nextStepInstantForm":false}]
23:47:32.180 [main] WARN com.marketinghub.facebookadsworker.facebookcampaign.FacebookCampaignService -- Skipping experiment 1 due to unresolved Facebook permission error; retry requires manual intervention
]]></system-out>
  </testcase>
  <testcase name="normalizesAiInstantFormIdentifierBeforeCallingFacebook" classname="com.marketinghub.facebookadsworker.facebookcampaign.FacebookCampaignServiceTest" time="0.416">
    <system-out><![CDATA[23:47:32.192 [main] INFO com.marketinghub.facebookadsworker.FacebookAdsService -- Configured Facebook Graph API version: v23.0
23:47:32.192 [main] INFO com.marketinghub.facebookadsworker.FacebookAdsService -- Facebook access token updated: previousToken=null, newToken=***
23:47:32.193 [main] INFO com.marketinghub.facebookadsworker.facebookcampaign.FacebookCampaignService -- Requesting experiments ready for Facebook campaigns from backend: url==>http://localhost:47139/api/facebook-campaigns/experiments-ready, params={}
23:47:32.197 [main] INFO com.marketinghub.facebookadsworker.facebookcampaign.FacebookCampaignService -- Received experiments response from backend: url<==http://localhost:47139/api/facebook-campaigns/experiments-ready, response=[{"id":1,"name":"Exp","pageId":"84","dailyBudget":null,"facebookPage":{"id":9,"pageId":"84","name":"Estúdio"},"instagramAccount":{"id":55,"handle":"@estudio","code":"IG-EST","name":"Estúdio"},"facebookInstantForm":{"id":33,"facebookFormId":"ai_form_3_1_token","name":"Lead","status":"DRAFT","approved":true,"published":false,"shareLink":null},"nextStepInstantForm":true}]
23:47:32.199 [main] INFO com.marketinghub.facebookadsworker.facebookcampaign.FacebookCampaignService -- Requesting creatives for experiment from backend: url==>http://localhost:47139/api/experiments/1/creatives, params={}
23:47:32.241 [main] INFO com.marketinghub.facebookadsworker.facebookcampaign.FacebookCampaignService -- Received creatives response from backend: url<==http://localhost:47139/api/experiments/1/creatives, response=[{"id":101,"experimentId":1,"format":null,"headline":"HL","primaryText":"Texto Criativo","imageUrl":"https://cdn.example/img.jpg","description":"Desc","cta":"SHOP_NOW","destinationUrl":"","leadGenFormId":null,"instagramUserId":"21","status":"READY"}]
23:47:32.243 [main] INFO com.marketinghub.facebookadsworker.facebookcampaign.FacebookCampaignService -- Normalized placeholder instant form identifier ai_form_3_1_token to form_3_1_token while waiting for Meta confirmation
23:47:32.243 [main] INFO com.marketinghub.facebookadsworker.facebookcampaign.FacebookCampaignService -- Publishing approved instant form before creating Facebook campaign: experimentId=1, formId=form_3_1_token
23:47:32.243 [main] INFO com.marketinghub.facebookadsworker.FacebookAdsService -- Sending GET request to Facebook API: path==>/v23.0/form_3_1_***?access_***=***
23:47:32.246 [main] INFO com.marketinghub.facebookadsworker.FacebookAdsService -- Facebook API response received: method=GET, path<==/v23.0/form_3_1_***?access_***=***, status=200 200 OK, headers={"Content-Length":["***"],"Content-Type":["app...son"]}, body={"status":"DRAFT"}
23:47:32.247 [main] INFO com.marketinghub.facebookadsworker.FacebookAdsService -- Sending POST request to Facebook API: path==>/v23.0/form_3_1_***, body={"access_token":"***","status":"ACTIVE"}
23:47:32.290 [main] INFO com.marketinghub.facebookadsworker.FacebookAdsService -- Facebook API response received: method=POST, path<==/v23.0/form_3_1_***, status=200 200 OK, headers={"Content-Length":["***"],"Content-Type":["app...son"]}, body={"success":true}
23:47:32.291 [main] INFO com.marketinghub.facebookadsworker.FacebookAdsService -- Sending GET request to Facebook API: path==>/v23.0/form_3_1_***?access_***=***
23:47:32.334 [main] INFO com.marketinghub.facebookadsworker.FacebookAdsService -- Facebook API response received: method=GET, path<==/v23.0/form_3_1_***?access_***=***, status=200 200 OK, headers={"Content-Length":["***"],"Content-Type":["app...son"]}, body={"id":"form_3_1_token","status":"ACTIVE"}
23:47:32.334 [main] INFO com.marketinghub.facebookadsworker.facebookcampaign.FacebookCampaignService -- Using instant form share link as destination URL for experiment 1: link=https://www.facebook.com/ads/leadgen/?id=form_3_1_token
23:47:32.334 [main] INFO com.marketinghub.facebookadsworker.facebookcampaign.FacebookCampaignService -- Using instant form ID as lead generation destination for experiment 1: formId=form_3_1_token
23:47:32.335 [main] INFO com.marketinghub.facebookadsworker.FacebookAdsService -- Sending POST request to Facebook API: path==>/v23.0/act_1/campaigns, body={"access_token":"***","special_ad_categories":[],"name":"Exp","objective":"OUTCOME_LEADS","status":"PAUSED"}
23:47:32.379 [main] INFO com.marketinghub.facebookadsworker.FacebookAdsService -- Facebook API response received: method=POST, path<==/v23.0/act_1/campaigns, status=200 200 OK, headers={"Content-Length":["***"],"Content-Type":["app...son"]}, body={"id":"10"}
23:47:32.379 [main] INFO com.marketinghub.facebookadsworker.FacebookAdsService -- Sending POST request to Facebook API: path==>/v23.0/act_1/adsets, body={"optimization_goal":"LEAD_GENERATION","access_token":"***","destination_type":"ON_AD","targeting":{"targeting_automation":{"advantage_audience":1},"geo_locations":{"countries":["BR"]}},"bid_amount":"150","billing_event":"IMPRESSIONS","bid_strategy":"LOWEST_COST_WITHOUT_CAP","promoted_object":{"page_id":"42"},"name":"Exp - Ad Set","daily_budget":"2000","campaign_id":"10","status":"PAUSED"}
23:47:32.423 [main] INFO com.marketinghub.facebookadsworker.FacebookAdsService -- Facebook API response received: method=POST, path<==/v23.0/act_1/adsets, status=200 200 OK, headers={"Content-Length":["***"],"Content-Type":["app...son"]}, body={"id":"20"}
23:47:32.424 [main] INFO com.marketinghub.facebookadsworker.FacebookAdsService -- Sending POST request to Facebook API: path==>/v23.0/act_1/adcreatives, body={"object_story_spec":{"page_id":"42","instagram_user_id":"21","link_data":{"call_to_action":{"type":"SHOP_NOW","value":{"lead_gen_form_id":"form_3_1_token","link":"https://www.facebook.com/ads/leadgen/?id=form_3_1_token"}},"link":"https://www.facebook.com/ads/leadgen/?id=form_3_1_token","name":"HL","description":"Desc","message":"Texto Criativo","picture":"https://cdn.example/img.jpg"}},"access_token":"***","name":"Exp - Creative"}
23:47:32.467 [main] INFO com.marketinghub.facebookadsworker.FacebookAdsService -- Facebook API response received: method=POST, path<==/v23.0/act_1/adcreatives, status=200 200 OK, headers={"Content-Length":["***"],"Content-Type":["app...son"]}, body={"id":"30"}
23:47:32.468 [main] INFO com.marketinghub.facebookadsworker.FacebookAdsService -- Sending POST request to Facebook API: path==>/v23.0/act_1/ads, body={"access_token":"***","name":"Exp - Ad","adset_id":"20","creative":{"creative_id":"30"},"status":"PAUSED"}
23:47:32.512 [main] INFO com.marketinghub.facebookadsworker.FacebookAdsService -- Facebook API response received: method=POST, path<==/v23.0/act_1/ads, status=200 200 OK, headers={"Content-Length":["***"],"Content-Type":["app...son"]}, body={"id":"40"}
23:47:32.513 [main] INFO com.marketinghub.facebookadsworker.facebookcampaign.FacebookCampaignService -- Reporting Facebook campaign creation to backend: url==>http://localhost:47139/api/facebook-campaigns, params={}, payload={"id":"10","adAccountId":"1","name":"Exp","objective":"OUTCOME_TRAFFIC","budgetMode":"CAMPAIGN","experimentId":1,"facebookAccountId":1,"adSet":{"id":"20","name":"Exp - Ad Set","billingEvent":"IMPRESSIONS","optimizationGoal":"LEAD_GENERATION","bidStrategy":"LOWEST_COST_WITHOUT_CAP","bidAmount":"150","dailyBudget":"2000","lifetimeBudget":null,"targetCountry":"BR","destinationType":"ON_AD","pageId":"42","targetingJson":null,"experimentAdSetId":null},"adCreative":{"id":"30","pageId":"42","instagramActorId":"21","websiteUrl":"https://www.facebook.com/ads/leadgen/?id=form_3_1_token","leadGenFormId":"form_3_1_token","message":"Texto Criativo","imageHash":null,"imageUrl":"https://cdn.example/img.jpg","callToActionType":"SHOP_NOW","headline":"HL","description":"Desc"},"ad":{"id":"40","name":"Exp - Ad","adSetId":"20","creativeId":"30"}}
23:47:32.517 [main] INFO com.marketinghub.facebookadsworker.facebookcampaign.FacebookCampaignService -- Successfully reported Facebook campaign creation to backend: url<==http://localhost:47139/api/facebook-campaigns, experimentId=1, campaignId=10
23:47:32.517 [main] INFO com.marketinghub.facebookadsworker.facebookcampaign.FacebookCampaignService -- Reporting instant form publication to backend: url==>http://localhost:47139/api/instant-forms/33/publication, payload={"published":true,"publishedAt":1769644052.334913995,"shareLink":"https://www.facebook.com/ads/leadgen/?id=form_3_1_token","status":"ACTIVE","facebookFormId":"form_3_1_token"}
23:47:32.561 [main] INFO com.marketinghub.facebookadsworker.facebookcampaign.FacebookCampaignService -- Successfully reported instant form publication to backend: url<==http://localhost:47139/api/instant-forms/33/publication
23:47:32.561 [main] INFO com.marketinghub.facebookadsworker.facebookcampaign.FacebookCampaignService -- Marking experiment as RUNNING in backend after Facebook campaign publication: url==>http://localhost:47139/api/experiments/1/status?status=RUNNING, params={}, campaignId=10
23:47:32.604 [main] INFO com.marketinghub.facebookadsworker.facebookcampaign.FacebookCampaignService -- Marked experiment 1 as RUNNING after Facebook campaign publication: campaignId=10
]]></system-out>
  </testcase>
  <testcase name="createsCampaignHierarchyForEachExperiment" classname="com.marketinghub.facebookadsworker.facebookcampaign.FacebookCampaignServiceTest" time="0.244">
    <system-out><![CDATA[23:47:32.608 [main] INFO com.marketinghub.facebookadsworker.FacebookAdsService -- Configured Facebook Graph API version: v23.0
23:47:32.608 [main] INFO com.marketinghub.facebookadsworker.FacebookAdsService -- Facebook access token updated: previousToken=null, newToken=***
23:47:32.609 [main] INFO com.marketinghub.facebookadsworker.facebookcampaign.FacebookCampaignService -- Requesting experiments ready for Facebook campaigns from backend: url==>http://localhost:52455/api/facebook-campaigns/experiments-ready, params={}
23:47:32.613 [main] INFO com.marketinghub.facebookadsworker.facebookcampaign.FacebookCampaignService -- Received experiments response from backend: url<==http://localhost:52455/api/facebook-campaigns/experiments-ready, response=[{"id":1,"name":"Exp","pageId":null,"dailyBudget":25.0,"facebookPage":{"id":9,"pageId":"84","name":"Estúdio"},"instagramAccount":{"id":55,"handle":"@estudio","code":"IG-EST","name":"Estúdio"},"facebookInstantForm":null,"nextStepInstantForm":false}]
23:47:32.615 [main] INFO com.marketinghub.facebookadsworker.facebookcampaign.FacebookCampaignService -- Requesting creatives for experiment from backend: url==>http://localhost:52455/api/experiments/1/creatives, params={}
23:47:32.658 [main] INFO com.marketinghub.facebookadsworker.facebookcampaign.FacebookCampaignService -- Received creatives response from backend: url<==http://localhost:52455/api/experiments/1/creatives, response=[{"id":101,"experimentId":1,"format":null,"headline":"HL","primaryText":"Texto Criativo","imageUrl":"https://cdn.example/img.jpg","description":"Desc","cta":"SHOP_NOW","destinationUrl":"https://exp.example/landing","leadGenFormId":null,"instagramUserId":"21","status":"READY"}]
23:47:32.660 [main] INFO com.marketinghub.facebookadsworker.FacebookAdsService -- Sending POST request to Facebook API: path==>/v23.0/act_1/campaigns, body={"access_token":"***","special_ad_categories":[],"name":"Exp","objective":"OUTCOME_TRAFFIC","status":"PAUSED"}
23:47:32.664 [main] INFO com.marketinghub.facebookadsworker.FacebookAdsService -- Facebook API response received: method=POST, path<==/v23.0/act_1/campaigns, status=200 200 OK, headers={"Content-Length":["***"],"Content-Type":["app...son"]}, body={"id":"10"}
23:47:32.664 [main] INFO com.marketinghub.facebookadsworker.facebookcampaign.FacebookCampaignService -- Requesting ad sets for experiment from backend: url==>http://localhost:52455/api/adsets?experimentId=1, params={"experimentId":1}
23:47:32.707 [main] INFO com.marketinghub.facebookadsworker.facebookcampaign.FacebookCampaignService -- Received ad sets response from backend: url<==http://localhost:52455/api/adsets?experimentId=1, response=[]
23:47:32.708 [main] INFO com.marketinghub.facebookadsworker.FacebookAdsService -- Sending POST request to Facebook API: path==>/v23.0/act_1/adsets, body={"optimization_goal":"LINK_CLICKS","access_token":"***","destination_type":"WEBSITE","targeting":{"targeting_automation":{"advantage_audience":1},"geo_locations":{"countries":["BR"]}},"bid_amount":"150","billing_event":"IMPRESSIONS","bid_strategy":"LOWEST_COST_WITHOUT_CAP","promoted_object":{"page_id":"42"},"name":"Exp - Ad Set","daily_budget":"2500","campaign_id":"10","status":"PAUSED"}
23:47:32.711 [main] INFO com.marketinghub.facebookadsworker.FacebookAdsService -- Facebook API response received: method=POST, path<==/v23.0/act_1/adsets, status=200 200 OK, headers={"Content-Length":["***"],"Content-Type":["app...son"]}, body={"id":"20"}
23:47:32.711 [main] INFO com.marketinghub.facebookadsworker.FacebookAdsService -- Sending POST request to Facebook API: path==>/v23.0/act_1/adcreatives, body={"object_story_spec":{"page_id":"42","instagram_user_id":"21","link_data":{"call_to_action":{"type":"SHOP_NOW","value":{"link":"https://exp.example/landing"}},"link":"https://exp.example/landing","name":"HL","description":"Desc","message":"Texto Criativo","picture":"https://cdn.example/img.jpg"}},"access_token":"***","name":"Exp - Creative"}
23:47:32.755 [main] INFO com.marketinghub.facebookadsworker.FacebookAdsService -- Facebook API response received: method=POST, path<==/v23.0/act_1/adcreatives, status=200 200 OK, headers={"Content-Length":["***"],"Content-Type":["app...son"]}, body={"id":"30"}
23:47:32.756 [main] INFO com.marketinghub.facebookadsworker.FacebookAdsService -- Sending POST request to Facebook API: path==>/v23.0/act_1/ads, body={"access_token":"***","name":"Exp - Ad","adset_id":"20","creative":{"creative_id":"30"},"status":"PAUSED"}
23:47:32.799 [main] INFO com.marketinghub.facebookadsworker.FacebookAdsService -- Facebook API response received: method=POST, path<==/v23.0/act_1/ads, status=200 200 OK, headers={"Content-Length":["***"],"Content-Type":["app...son"]}, body={"id":"40"}
23:47:32.799 [main] INFO com.marketinghub.facebookadsworker.facebookcampaign.FacebookCampaignService -- Reporting Facebook campaign creation to backend: url==>http://localhost:52455/api/facebook-campaigns, params={}, payload={"id":"10","adAccountId":"1","name":"Exp","objective":"OUTCOME_TRAFFIC","budgetMode":"CAMPAIGN","experimentId":1,"facebookAccountId":1,"adSet":{"id":"20","name":"Exp - Ad Set","billingEvent":"IMPRESSIONS","optimizationGoal":"LINK_CLICKS","bidStrategy":"LOWEST_COST_WITHOUT_CAP","bidAmount":"150","dailyBudget":"2500","lifetimeBudget":null,"targetCountry":"BR","destinationType":"WEBSITE","pageId":"42","targetingJson":null,"experimentAdSetId":null},"adCreative":{"id":"30","pageId":"42","instagramActorId":"21","websiteUrl":"https://exp.example/landing","leadGenFormId":null,"message":"Texto Criativo","imageHash":null,"imageUrl":"https://cdn.example/img.jpg","callToActionType":"SHOP_NOW","headline":"HL","description":"Desc"},"ad":{"id":"40","name":"Exp - Ad","adSetId":"20","creativeId":"30"}}
23:47:32.805 [main] INFO com.marketinghub.facebookadsworker.facebookcampaign.FacebookCampaignService -- Successfully reported Facebook campaign creation to backend: url<==http://localhost:52455/api/facebook-campaigns, experimentId=1, campaignId=10
23:47:32.806 [main] INFO com.marketinghub.facebookadsworker.facebookcampaign.FacebookCampaignService -- Marking experiment as RUNNING in backend after Facebook campaign publication: url==>http://localhost:52455/api/experiments/1/status?status=RUNNING, params={}, campaignId=10
23:47:32.848 [main] INFO com.marketinghub.facebookadsworker.facebookcampaign.FacebookCampaignService -- Marked experiment 1 as RUNNING after Facebook campaign publication: campaignId=10
]]></system-out>
  </testcase>
  <testcase name="ignoresConnectionIssuesFetchingExperiments" classname="com.marketinghub.facebookadsworker.facebookcampaign.FacebookCampaignServiceTest" time="0.006">
    <system-out><![CDATA[23:47:32.853 [main] INFO com.marketinghub.facebookadsworker.FacebookAdsService -- Configured Facebook Graph API version: v23.0
23:47:32.853 [main] INFO com.marketinghub.facebookadsworker.FacebookAdsService -- Facebook access token updated: previousToken=null, newToken=***
23:47:32.853 [main] INFO com.marketinghub.facebookadsworker.facebookcampaign.FacebookCampaignService -- Requesting experiments ready for Facebook campaigns from backend: url==>http://localhost:57651/api/facebook-campaigns/experiments-ready, params={}
23:47:32.856 [main] INFO com.marketinghub.facebookadsworker.facebookcampaign.FacebookCampaignService -- Received experiments response from backend: url<==http://localhost:57651/api/facebook-campaigns/experiments-ready, response=[]
]]></system-out>
  </testcase>
  <testcase name="marksExperimentAsFailedWhenFacebookReturnsPermissionError" classname="com.marketinghub.facebookadsworker.facebookcampaign.FacebookCampaignServiceTest" time="0.101">
    <system-out><![CDATA[23:47:32.860 [main] INFO com.marketinghub.facebookadsworker.FacebookAdsService -- Configured Facebook Graph API version: v23.0
23:47:32.860 [main] INFO com.marketinghub.facebookadsworker.FacebookAdsService -- Facebook access token updated: previousToken=null, newToken=***
23:47:32.861 [main] INFO com.marketinghub.facebookadsworker.facebookcampaign.FacebookCampaignService -- Requesting experiments ready for Facebook campaigns from backend: url==>http://localhost:56621/api/facebook-campaigns/experiments-ready, params={}
23:47:32.864 [main] INFO com.marketinghub.facebookadsworker.facebookcampaign.FacebookCampaignService -- Received experiments response from backend: url<==http://localhost:56621/api/facebook-campaigns/experiments-ready, response=[{"id":1,"name":"Exp","pageId":null,"dailyBudget":null,"facebookPage":{"id":9,"pageId":"84","name":"Estúdio"},"instagramAccount":{"id":55,"handle":"@estudio","code":"IG-EST","name":"Estúdio"},"facebookInstantForm":null,"nextStepInstantForm":false}]
23:47:32.866 [main] INFO com.marketinghub.facebookadsworker.facebookcampaign.FacebookCampaignService -- Requesting creatives for experiment from backend: url==>http://localhost:56621/api/experiments/1/creatives, params={}
23:47:32.910 [main] INFO com.marketinghub.facebookadsworker.facebookcampaign.FacebookCampaignService -- Received creatives response from backend: url<==http://localhost:56621/api/experiments/1/creatives, response=[{"id":101,"experimentId":1,"format":null,"headline":"HL","primaryText":"Texto Criativo","imageUrl":"https://cdn.example/img.jpg","description":"Desc","cta":"SHOP_NOW","destinationUrl":"https://exp.example/landing","leadGenFormId":null,"instagramUserId":"21","status":"READY"}]
23:47:32.911 [main] INFO com.marketinghub.facebookadsworker.FacebookAdsService -- Sending POST request to Facebook API: path==>/v23.0/act_1/campaigns, body={"access_token":"***","special_ad_categories":[],"name":"Exp","objective":"OUTCOME_TRAFFIC","status":"PAUSED"}
23:47:32.914 [main] ERROR com.marketinghub.facebookadsworker.FacebookAdsService -- Facebook API POST request failed: path<==/v23.0/act_1/campaigns, status=400, responseBody={"e..."}}, errorDetails={"type":"OAuthException","code":200,"error_subcode":1815066,"message":"Permissions error","error_user_msg":"O usuário não tem permissão para criar anúncios com esta conta de anúncios"}, headers={"Content-Length":["***"],"Content-Type":["app...son"]}
org.springframework.web.reactive.function.client.WebClientResponseException$BadRequest: 400 Bad Request from POST http://localhost:40301/v23.0/act_1/campaigns
	at org.springframework.web.reactive.function.client.WebClientResponseException.create(WebClientResponseException.java:307)
	at org.springframework.web.reactive.function.client.DefaultClientResponse.lambda$createException$1(DefaultClientResponse.java:214)
	at reactor.core.publisher.FluxMap$MapSubscriber.onNext(FluxMap.java:106)
	at reactor.core.publisher.FluxOnErrorReturn$ReturnSubscriber.onNext(FluxOnErrorReturn.java:162)
	at reactor.core.publisher.FluxDefaultIfEmpty$DefaultIfEmptySubscriber.onNext(FluxDefaultIfEmpty.java:122)
	at reactor.core.publisher.FluxOnAssembly$OnAssemblySubscriber.onNext(FluxOnAssembly.java:539)
	at reactor.core.publisher.FluxMapFuseable$MapFuseableSubscriber.onNext(FluxMapFuseable.java:129)
	at reactor.core.publisher.FluxContextWrite$ContextWriteSubscriber.onNext(FluxContextWrite.java:107)
	at reactor.core.publisher.FluxMapFuseable$MapFuseableConditionalSubscriber.onNext(FluxMapFuseable.java:299)
	at reactor.core.publisher.FluxFilterFuseable$FilterFuseableConditionalSubscriber.onNext(FluxFilterFuseable.java:337)
	at reactor.core.publisher.Operators$BaseFluxToMonoOperator.completePossiblyEmpty(Operators.java:2097)
	at reactor.core.publisher.MonoCollect$CollectSubscriber.onComplete(MonoCollect.java:145)
	at reactor.core.publisher.FluxMap$MapSubscriber.onComplete(FluxMap.java:144)
	at reactor.core.publisher.FluxPeek$PeekSubscriber.onComplete(FluxPeek.java:260)
	at reactor.core.publisher.FluxMap$MapSubscriber.onComplete(FluxMap.java:144)
	at reactor.netty.channel.FluxReceive.onInboundComplete(FluxReceive.java:415)
	at reactor.netty.channel.ChannelOperations.onInboundComplete(ChannelOperations.java:446)
	at reactor.netty.channel.ChannelOperations.terminate(ChannelOperations.java:500)
	at reactor.netty.http.client.HttpClientOperations.onInboundNext(HttpClientOperations.java:793)
	at reactor.netty.channel.ChannelOperationsHandler.channelRead(ChannelOperationsHandler.java:114)
	at io.netty.channel.AbstractChannelHandlerContext.invokeChannelRead(AbstractChannelHandlerContext.java:444)
	at io.netty.channel.AbstractChannelHandlerContext.invokeChannelRead(AbstractChannelHandlerContext.java:420)
[...]
	at io.netty.channel.AbstractChannelHandlerContext.invokeChannelRead(AbstractChannelHandlerContext.java:420)
	at io.netty.channel.AbstractChannelHandlerContext.fireChannelRead(AbstractChannelHandlerContext.java:412)
	at io.netty.channel.DefaultChannelPipeline$HeadContext.channelRead(DefaultChannelPipeline.java:1410)
	at io.netty.channel.AbstractChannelHandlerContext.invokeChannelRead(AbstractChannelHandlerContext.java:440)
	at io.netty.channel.AbstractChannelHandlerContext.invokeChannelRead(AbstractChannelHandlerContext.java:420)
	at io.netty.channel.DefaultChannelPipeline.fireChannelRead(DefaultChannelPipeline.java:919)
	at io.netty.channel.epoll.AbstractEpollStreamChannel$EpollStreamUnsafe.epollInReady(AbstractEpollStreamChannel.java:801)
	at io.netty.channel.epoll.EpollEventLoop.processReady(EpollEventLoop.java:501)
	at io.netty.channel.epoll.EpollEventLoop.run(EpollEventLoop.java:399)
	at io.netty.util.concurrent.SingleThreadEventExecutor$4.run(SingleThreadEventExecutor.java:997)
	at io.netty.util.internal.ThreadExecutorMap$2.run(ThreadExecutorMap.java:74)
	at io.netty.util.concurrent.FastThreadLocalRunnable.run(FastThreadLocalRunnable.java:30)
	at java.base/java.lang.Thread.run(Thread.java:1583)
	Suppressed: java.lang.Exception: #block terminated with an error
		at reactor.core.publisher.BlockingSingleSubscriber.blockingGet(BlockingSingleSubscriber.java:104)
		at reactor.core.publisher.Mono.block(Mono.java:1779)
		at com.marketinghub.facebookadsworker.FacebookAdsService.executePost(FacebookAdsService.java:1282)
		at com.marketinghub.facebookadsworker.FacebookAdsService.createInstagramCampaign(FacebookAdsService.java:112)
		at com.marketinghub.facebookadsworker.FacebookAdsService.createCampaign(FacebookAdsService.java:121)
		at com.marketinghub.facebookadsworker.facebookcampaign.FacebookCampaignService.processExperiment(FacebookCampaignService.java:250)
		at com.marketinghub.facebookadsworker.facebookcampaign.FacebookCampaignService.lambda$createCampaignsFromExperiments$1(FacebookCampaignService.java:184)
		at java.base/java.util.ArrayList.forEach(ArrayList.java:1596)
		at com.marketinghub.facebookadsworker.facebookcampaign.FacebookCampaignService.createCampaignsFromExperiments(FacebookCampaignService.java:176)
		at com.marketinghub.facebookadsworker.facebookcampaign.FacebookCampaignServiceTest.resumesProcessingAfterAutomaticTokenRenewalWhenPreviouslyExpired(FacebookCampaignServiceTest.java:784)
		at java.base/jdk.internal.reflect.DirectMethodHandleAccessor.invoke(DirectMethodHandleAccessor.java:103)
		at java.base/java.lang.reflect.Method.invoke(Method.java:580)
		at org.junit.platform.commons.util.ReflectionUtils.invokeMethod(ReflectionUtils.java:728)
		at org.junit.jupiter.engine.execution.MethodInvocation.proceed(MethodInvocation.java:60)
		at org.junit.jupiter.engine.execution.InvocationInterceptorChain$ValidatingInvocation.proceed(InvocationInterceptorChain.java:131)
		at org.junit.jupiter.engine.extension.SameThreadTimeoutInvocation.proceed(SameThreadTimeoutInvocation.java:45)
		at org.junit.jupiter.engine.extension.TimeoutExtension.intercept(TimeoutExtension.java:156)
		at org.junit.jupiter.engine.extension.TimeoutExtension.interceptTestableMethod(TimeoutExtension.java:147)
		at org.junit.jupiter.engine.extension.TimeoutExtension.interceptTestMethod(TimeoutExtension.java:86)
		at org.junit.jupiter.engine.execution.InterceptingExecutableInvoker$ReflectiveInterceptorCall.lambda$ofVoidMethod$0(InterceptingExecutableInvoker.java:103)
		at org.junit.jupiter.engine.execution.InterceptingExecutableInvoker.lambda$invoke$0(InterceptingExecutableInvoker.java:93)
		at org.junit.jupiter.engine.execution.InvocationInterceptorChain$InterceptedInvocation.proceed(InvocationInterceptorChain.java:106)
		at org.junit.jupiter.engine.execution.InvocationInterceptorChain.proceed(InvocationInterceptorChain.java:64)
		at org.junit.jupiter.engine.execution.InvocationInterceptorChain.chainAndInvoke(InvocationInterceptorChain.java:45)
		at org.junit.jupiter.engine.execution.InvocationInterceptorChain.invoke(InvocationInterceptorChain.java:37)
		at org.junit.jupiter.engine.execution.InterceptingExecutableInvoker.invoke(InterceptingExecutableInvoker.java:92)
		at org.junit.jupiter.engine.execution.InterceptingExecutableInvoker.invoke(InterceptingExecutableInvoker.java:86)
		at org.junit.jupiter.engine.descriptor.TestMethodTestDescriptor.lambda$invokeTestMethod$7(TestMethodTestDescriptor.java:218)
		at org.junit.platform.engine.support.hierarchical.ThrowableCollector.execute(ThrowableCollector.java:73)
		at org.junit.jupiter.engine.descriptor.TestMethodTestDescriptor.invokeTestMethod(TestMethodTestDescriptor.java:214)
		at org.junit.jupiter.engine.descriptor.TestMethodTestDescriptor.execute(TestMethodTestDescriptor.java:139)
		at org.junit.jupiter.engine.descriptor.TestMethodTestDescriptor.execute(TestMethodTestDescriptor.java:69)
		at org.junit.platform.engine.support.hierarchical.NodeTestTask.lambda$executeRecursively$6(NodeTestTask.java:151)
		at org.junit.platform.engine.support.hierarchical.ThrowableCollector.execute(ThrowableCollector.java:73)
		at org.junit.platform.engine.support.hierarchical.NodeTestTask.lambda$executeRecursively$8(NodeTestTask.java:141)
		at org.junit.platform.engine.support.hierarchical.Node.around(Node.java:137)
		at org.junit.platform.engine.support.hierarchical.NodeTestTask.lambda$executeRecursively$9(NodeTestTask.java:139)
		at org.junit.platform.engine.support.hierarchical.ThrowableCollector.execute(ThrowableCollector.java:73)
		at org.junit.platform.engine.support.hierarchical.NodeTestTask.executeRecursively(NodeTestTask.java:138)
		at org.junit.platform.engine.support.hierarchical.NodeTestTask.execute(NodeTestTask.java:95)
		at java.base/java.util.ArrayList.forEach(ArrayList.java:1596)
		at org.junit.platform.engine.support.hierarchical.SameThreadHierarchicalTestExecutorService.invokeAll(SameThreadHierarchicalTestExecutorService.java:41)
		at org.junit.platform.engine.support.hierarchical.NodeTestTask.lambda$executeRecursively$6(NodeTestTask.java:155)
		at org.junit.platform.engine.support.hierarchical.ThrowableCollector.execute(ThrowableCollector.java:73)
		at org.junit.platform.engine.support.hierarchical.NodeTestTask.lambda$executeRecursively$8(NodeTestTask.java:141)
		at org.junit.platform.engine.support.hierarchical.Node.around(Node.java:137)
		at org.junit.platform.engine.support.hierarchical.NodeTestTask.lambda$executeRecursively$9(NodeTestTask.java:139)
		at org.junit.platform.engine.support.hierarchical.ThrowableCollector.execute(ThrowableCollector.java:73)
		at org.junit.platform.engine.support.hierarchical.NodeTestTask.executeRecursively(NodeTestTask.java:138)
		at org.junit.platform.engine.support.hierarchical.NodeTestTask.execute(NodeTestTask.java:95)
		at java.base/java.util.ArrayList.forEach(ArrayList.java:1596)
		at org.junit.platform.engine.support.hierarchical.SameThreadHierarchicalTestExecutorService.invokeAll(SameThreadHierarchicalTestExecutorService.java:41)
		at org.junit.platform.engine.support.hierarchical.NodeTestTask.lambda$executeRecursively$6(NodeTestTask.java:155)
		at org.junit.platform.engine.support.hierarchical.ThrowableCollector.execute(ThrowableCollector.java:73)
		at org.junit.platform.engine.support.hierarchical.NodeTestTask.lambda$executeRecursively$8(NodeTestTask.java:141)
		at org.junit.platform.engine.support.hierarchical.Node.around(Node.java:137)
		at org.junit.platform.engine.support.hierarchical.NodeTestTask.lambda$executeRecursively$9(NodeTestTask.java:139)
		at org.junit.platform.engine.support.hierarchical.ThrowableCollector.execute(ThrowableCollector.java:73)
		at org.junit.platform.engine.support.hierarchical.NodeTestTask.executeRecursively(NodeTestTask.java:138)
		at org.junit.platform.engine.support.hierarchical.NodeTestTask.execute(NodeTestTask.java:95)
		at org.junit.platform.engine.support.hierarchical.SameThreadHierarchicalTestExecutorService.submit(SameThreadHierarchicalTestExecutorService.java:35)
		at org.junit.platform.engine.support.hierarchical.HierarchicalTestExecutor.execute(HierarchicalTestExecutor.java:57)
		at org.junit.platform.engine.support.hierarchical.HierarchicalTestEngine.execute(HierarchicalTestEngine.java:54)
		at org.junit.platform.launcher.core.EngineExecutionOrchestrator.execute(EngineExecutionOrchestrator.java:198)
		at org.junit.platform.launcher.core.EngineExecutionOrchestrator.execute(EngineExecutionOrchestrator.java:169)
		at org.junit.platform.launcher.core.EngineExecutionOrchestrator.execute(EngineExecutionOrchestrator.java:93)
		at org.junit.platform.launcher.core.EngineExecutionOrchestrator.lambda$execute$0(EngineExecutionOrchestrator.java:58)
		at org.junit.platform.launcher.core.EngineExecutionOrchestrator.withInterceptedStreams(EngineExecutionOrchestrator.java:141)
		at org.junit.platform.launcher.core.EngineExecutionOrchestrator.execute(EngineExecutionOrchestrator.java:57)
		at org.junit.platform.launcher.core.DefaultLauncher.execute(DefaultLauncher.java:103)
		at org.junit.platform.launcher.core.DefaultLauncher.execute(DefaultLauncher.java:85)
		at org.junit.platform.launcher.core.DelegatingLauncher.execute(DelegatingLauncher.java:47)
		at org.apache.maven.surefire.junitplatform.LazyLauncher.execute(LazyLauncher.java:56)
		at org.apache.maven.surefire.junitplatform.JUnitPlatformProvider.execute(JUnitPlatformProvider.java:184)
		at org.apache.maven.surefire.junitplatform.JUnitPlatformProvider.invokeAllTests(JUnitPlatformProvider.java:148)
		at org.apache.maven.surefire.junitplatform.JUnitPlatformProvider.invoke(JUnitPlatformProvider.java:122)
		at org.apache.maven.surefire.booter.ForkedBooter.runSuitesInProcess(ForkedBooter.java:385)
		at org.apache.maven.surefire.booter.ForkedBooter.execute(ForkedBooter.java:162)
		at org.apache.maven.surefire.booter.ForkedBooter.run(ForkedBooter.java:507)
		at org.apache.maven.surefire.booter.ForkedBooter.main(ForkedBooter.java:495)
23:47:34.267 [main] INFO com.marketinghub.facebookadsworker.facebookcampaign.FacebookCampaignService -- Requesting ad sets for experiment from backend: url==>http://localhost:60497/api/adsets?experimentId=1, params={"experimentId":1}
23:47:34.310 [main] INFO com.marketinghub.facebookadsworker.facebookcampaign.FacebookCampaignService -- Received ad sets response from backend: url<==http://localhost:60497/api/adsets?experimentId=1, response=[]
23:47:34.310 [main] ERROR com.marketinghub.facebookadsworker.facebookcampaign.FacebookCampaignService -- Facebook access token expired; the worker will pause campaign creation until the token is renewed. message=Error validating access token: Session has expired, details={"type":"OAuthException","code":190,"error_subcode":463,"message":"Error validating access token: Session has expired"}
23:47:34.310 [main] ERROR com.marketinghub.facebookadsworker.facebookcampaign.FacebookCampaignService -- Automatic token renewal is not configured. Provide facebook.app-id and facebook.app-secret so the worker can revalidate the access token without manual intervention.
23:47:34.310 [main] WARN com.marketinghub.facebookadsworker.facebookcampaign.FacebookCampaignService -- Skipping experiment 1 because the Facebook access token has expired; it will be retried after updating the token.
23:47:34.310 [main] INFO com.marketinghub.facebookadsworker.FacebookAdsService -- Facebook access token updated: previousToken=***, newToken=fre...ken
23:47:34.310 [main] INFO com.marketinghub.facebookadsworker.facebookcampaign.FacebookCampaignService -- Facebook access token renewed automatically after a previous expiration; resuming campaign processing.
23:47:34.310 [main] INFO com.marketinghub.facebookadsworker.facebookcampaign.FacebookCampaignService -- Requesting experiments ready for Facebook campaigns from backend: url==>http://localhost:60497/api/facebook-campaigns/experiments-ready, params={}
23:47:34.353 [main] INFO com.marketinghub.facebookadsworker.facebookcampaign.FacebookCampaignService -- Received experiments response from backend: url<==http://localhost:60497/api/facebook-campaigns/experiments-ready, response=[{"id":1,"name":"Exp","pageId":null,"dailyBudget":null,"facebookPage":{"id":9,"pageId":"84","name":"Estúdio"},"instagramAccount":{"id":55,"handle":"@estudio","code":"IG-EST","name":"Estúdio"},"facebookInstantForm":null,"nextStepInstantForm":false}]
23:47:34.353 [main] INFO com.marketinghub.facebookadsworker.facebookcampaign.FacebookCampaignService -- Requesting creatives for experiment from backend: url==>http://localhost:60497/api/experiments/1/creatives, params={}
23:47:34.358 [main] INFO com.marketinghub.facebookadsworker.facebookcampaign.FacebookCampaignService -- Received creatives response from backend: url<==http://localhost:60497/api/experiments/1/creatives, response=[{"id":101,"experimentId":1,"format":null,"headline":"HL","primaryText":"Texto Criativo","imageUrl":"https://cdn.example/img.jpg","description":"Desc","cta":"SHOP_NOW","destinationUrl":"https://exp.example/landing","leadGenFormId":null,"instagramUserId":"21","status":"READY"}]
23:47:34.358 [main] INFO com.marketinghub.facebookadsworker.FacebookAdsService -- Sending POST request to Facebook API: path==>/v23.0/act_1/campaigns, body={"access_token":"fre...ken","special_ad_categories":[],"name":"Exp","objective":"OUTCOME_TRAFFIC","status":"PAUSED"}
23:47:34.361 [main] INFO com.marketinghub.facebookadsworker.FacebookAdsService -- Facebook API response received: method=POST, path<==/v23.0/act_1/campaigns, status=200 200 OK, headers={"Content-Length":["***"],"Content-Type":["app...son"]}, body={"id":"10"}
23:47:34.361 [main] INFO com.marketinghub.facebookadsworker.facebookcampaign.FacebookCampaignService -- Requesting ad sets for experiment from backend: url==>http://localhost:60497/api/adsets?experimentId=1, params={"experimentId":1}
23:47:34.404 [main] INFO com.marketinghub.facebookadsworker.facebookcampaign.FacebookCampaignService -- Received ad sets response from backend: url<==http://localhost:60497/api/adsets?experimentId=1, response=[]
23:47:34.404 [main] INFO com.marketinghub.facebookadsworker.FacebookAdsService -- Sending POST request to Facebook API: path==>/v23.0/act_1/adsets, body={"optimization_goal":"LINK_CLICKS","access_token":"fre...ken","destination_type":"WEBSITE","targeting":{"targeting_automation":{"advantage_audience":1},"geo_locations":{"countries":["BR"]}},"bid_amount":"150","billing_event":"IMPRESSIONS","bid_strategy":"LOWEST_COST_WITHOUT_CAP","promoted_object":{"page_id":"42"},"name":"Exp - Ad Set","daily_budget":"2000","campaign_id":"10","status":"PAUSED"}
23:47:34.408 [main] INFO com.marketinghub.facebookadsworker.FacebookAdsService -- Facebook API response received: method=POST, path<==/v23.0/act_1/adsets, status=200 200 OK, headers={"Content-Length":["***"],"Content-Type":["app...son"]}, body={"id":"20"}
23:47:34.408 [main] INFO com.marketinghub.facebookadsworker.FacebookAdsService -- Sending POST request to Facebook API: path==>/v23.0/act_1/adcreatives, body={"object_story_spec":{"page_id":"42","instagram_user_id":"21","link_data":{"call_to_action":{"type":"SHOP_NOW","value":{"link":"https://exp.example/landing"}},"link":"https://exp.example/landing","name":"HL","description":"Desc","message":"Texto Criativo","picture":"https://cdn.example/img.jpg"}},"access_token":"fre...ken","name":"Exp - Creative"}
23:47:34.450 [main] INFO com.marketinghub.facebookadsworker.FacebookAdsService -- Facebook API response received: method=POST, path<==/v23.0/act_1/adcreatives, status=200 200 OK, headers={"Content-Length":["***"],"Content-Type":["app...son"]}, body={"id":"30"}
23:47:34.451 [main] INFO com.marketinghub.facebookadsworker.FacebookAdsService -- Sending POST request to Facebook API: path==>/v23.0/act_1/ads, body={"access_token":"fre...ken","name":"Exp - Ad","adset_id":"20","creative":{"creative_id":"30"},"status":"PAUSED"}
23:47:34.494 [main] INFO com.marketinghub.facebookadsworker.FacebookAdsService -- Facebook API response received: method=POST, path<==/v23.0/act_1/ads, status=200 200 OK, headers={"Content-Length":["***"],"Content-Type":["app...son"]}, body={"id":"40"}
23:47:34.495 [main] INFO com.marketinghub.facebookadsworker.facebookcampaign.FacebookCampaignService -- Reporting Facebook campaign creation to backend: url==>http://localhost:60497/api/facebook-campaigns, params={}, payload={"id":"10","adAccountId":"1","name":"Exp","objective":"OUTCOME_TRAFFIC","budgetMode":"CAMPAIGN","experimentId":1,"facebookAccountId":1,"adSet":{"id":"20","name":"Exp - Ad Set","billingEvent":"IMPRESSIONS","optimizationGoal":"LINK_CLICKS","bidStrategy":"LOWEST_COST_WITHOUT_CAP","bidAmount":"150","dailyBudget":"2000","lifetimeBudget":null,"targetCountry":"BR","destinationType":"WEBSITE","pageId":"42","targetingJson":null,"experimentAdSetId":null},"adCreative":{"id":"30","pageId":"42","instagramActorId":"21","websiteUrl":"https://exp.example/landing","leadGenFormId":null,"message":"Texto Criativo","imageHash":null,"imageUrl":"https://cdn.example/img.jpg","callToActionType":"SHOP_NOW","headline":"HL","description":"Desc"},"ad":{"id":"40","name":"Exp - Ad","adSetId":"20","creativeId":"30"}}
23:47:34.499 [main] INFO com.marketinghub.facebookadsworker.facebookcampaign.FacebookCampaignService -- Successfully reported Facebook campaign creation to backend: url<==http://localhost:60497/api/facebook-campaigns, experimentId=1, campaignId=10
23:47:34.499 [main] INFO com.marketinghub.facebookadsworker.facebookcampaign.FacebookCampaignService -- Marking experiment as RUNNING in backend after Facebook campaign publication: url==>http://localhost:60497/api/experiments/1/status?status=RUNNING, params={}, campaignId=10
23:47:34.501 [main] INFO com.marketinghub.facebookadsworker.facebookcampaign.FacebookCampaignService -- Marked experiment 1 as RUNNING after Facebook campaign publication: campaignId=10
]]></system-out>
  </testcase>
  <testcase name="skipsExperimentWhenNoPageCanBeResolved" classname="com.marketinghub.facebookadsworker.facebookcampaign.FacebookCampaignServiceTest" time="0.053">
    <system-out><![CDATA[23:47:34.505 [main] INFO com.marketinghub.facebookadsworker.FacebookAdsService -- Configured Facebook Graph API version: v23.0
23:47:34.505 [main] INFO com.marketinghub.facebookadsworker.FacebookAdsService -- Facebook access token updated: previousToken=null, newToken=***
23:47:34.506 [main] INFO com.marketinghub.facebookadsworker.facebookcampaign.FacebookCampaignService -- Requesting experiments ready for Facebook campaigns from backend: url==>http://localhost:44389/api/facebook-campaigns/experiments-ready, params={}
23:47:34.509 [main] INFO com.marketinghub.facebookadsworker.facebookcampaign.FacebookCampaignService -- Received experiments response from backend: url<==http://localhost:44389/api/facebook-campaigns/experiments-ready, response=[{"id":1,"name":"Exp","pageId":null,"dailyBudget":null,"facebookPage":null,"instagramAccount":null,"facebookInstantForm":null,"nextStepInstantForm":false}]
23:47:34.511 [main] INFO com.marketinghub.facebookadsworker.facebookcampaign.FacebookCampaignService -- Requesting creatives for experiment from backend: url==>http://localhost:44389/api/experiments/1/creatives, params={}
23:47:34.554 [main] INFO com.marketinghub.facebookadsworker.facebookcampaign.FacebookCampaignService -- Received creatives response from backend: url<==http://localhost:44389/api/experiments/1/creatives, response=[{"id":101,"experimentId":1,"format":null,"headline":"HL","primaryText":"Texto Criativo","imageUrl":"https://cdn.example/img.jpg","description":"Desc","cta":"SHOP_NOW","destinationUrl":"https://exp.example/landing","leadGenFormId":null,"instagramUserId":"21","status":"READY"}]
23:47:34.555 [main] WARN com.marketinghub.facebookadsworker.facebookcampaign.FacebookCampaignService -- Skipping experiment 1 because no Facebook page ID is configured
]]></system-out>
  </testcase>
</testsuite>