<?xml version="1.0" encoding="UTF-8"?>
<testsuite xmlns:xsi="http://www.w3.org/2001/XMLSchema-instance" xsi:noNamespaceSchemaLocation="https://maven.apache.org/surefire/maven-surefire-plugin/xsd/surefire-test-report-3.0.xsd" version="3.0" name="com.marketinghub.facebookadsworker.FacebookAdsServiceTest" time="1.654" tests="40" errors="0" skipped="0" failures="0">
  <properties>
[...]
</properties>
  <testcase name="createAdSetConvertsLocaleCodesToNumericIds" classname="com.marketinghub.facebookadsworker.FacebookAdsServiceTest" time="0.259">
    <system-out><![CDATA[23:14:51.013 [main] INFO com.marketinghub.facebookadsworker.FacebookAdsService -- Configured Facebook Graph API version: v23.0
23:14:51.013 [main] INFO com.marketinghub.facebookadsworker.FacebookAdsService -- Facebook access token updated: previousToken=null, newToken=***
23:14:51.025 [main] WARN com.marketinghub.facebookadsworker.FacebookAdsService -- Ignoring unsupported locale code '999' in targeting.languages
23:14:51.026 [main] WARN com.marketinghub.facebookadsworker.FacebookAdsService -- Replacing unsupported targeting field 'languages' with 'locales' before sending request to Facebook
23:14:51.029 [main] WARN com.marketinghub.facebookadsworker.FacebookAdsService -- Ignoring bid_amount for ad set 'Camp - Ad Set' because the lowest cost strategy does not accept manual bids
23:14:51.033 [main] INFO com.marketinghub.facebookadsworker.FacebookAdsService -- Sending POST request to Facebook API: path==>/v23.0/act_1/adsets, body={"optimization_goal":"LINK_CLICKS","access_token":"***","destination_type":"WEBSITE","targeting":{"locales":[16,6],"targeting_automation":{"advantage_audience":0},"geo_locations":{"countries":["BR"]},"publisher_platforms":["instagram"],"instagram_positions":["stream","story","reels","explore"]},"billing_event":"IMPRESSIONS","bid_strategy":"LOWEST_COST_WITHOUT_CAP","promoted_object":{"page_id":"42"},"name":"Camp - Ad Set","daily_budget":"1500","campaign_id":"123","status":"ACTIVE"}
23:14:51.265 [main] INFO com.marketinghub.facebookadsworker.FacebookAdsService -- Facebook API response received: method=POST, path<==/v23.0/act_1/adsets, status=200 200 OK, headers={"Content-Length":["***"],"Content-Type":["app...son"]}, body={"id":"555"}
]]></system-out>
  </testcase>
  <testcase name="findInstantFormIdentifierUsesPageAccessToken" classname="com.marketinghub.facebookadsworker.FacebookAdsServiceTest" time="0.06">
    <system-out><![CDATA[23:14:51.273 [main] INFO com.marketinghub.facebookadsworker.FacebookAdsService -- Configured Facebook Graph API version: v23.0
23:14:51.273 [main] INFO com.marketinghub.facebookadsworker.FacebookAdsService -- Facebook access token updated: previousToken=null, newToken=***
23:14:51.273 [main] INFO com.marketinghub.facebookadsworker.FacebookAdsService -- Sending GET request to Facebook API: path==>/v23.0/999?fields=access_***&access_***=***
23:14:51.285 [main] INFO com.marketinghub.facebookadsworker.FacebookAdsService -- Facebook API response received: method=GET, path<==/v23.0/999?fields=access_***&access_***=***, status=200 200 OK, headers={"Content-Length":["***"],"Content-Type":["app...son"]}, body={"access_token":"page-token"}
23:14:51.286 [main] INFO com.marketinghub.facebookadsworker.FacebookAdsService -- Sending GET request to Facebook API: path==>/v23.0/999/leadgen_forms?fields=id,name,status,draft_id&limit=200&access_***=page-***
23:14:51.330 [main] INFO com.marketinghub.facebookadsworker.FacebookAdsService -- Facebook API response received: method=GET, path<==/v23.0/999/leadgen_forms?fields=id,name,status,draft_id&limit=200&access_***=page-***, status=200 200 OK, headers={"Content-Length":["***"],"Content-Type":["app...son"]}, body={"data":[{"id":"form-1","name":"Form Teste","status":"DRAFT"}]}
]]></system-out>
  </testcase>
  <testcase name="createAdSetCoercesExistingLocalesToNumericIds" classname="com.marketinghub.facebookadsworker.FacebookAdsServiceTest" time="0.023">
    <system-out><![CDATA[23:14:51.332 [main] INFO com.marketinghub.facebookadsworker.FacebookAdsService -- Configured Facebook Graph API version: v23.0
23:14:51.333 [main] INFO com.marketinghub.facebookadsworker.FacebookAdsService -- Facebook access token updated: previousToken=null, newToken=***
23:14:51.333 [main] WARN com.marketinghub.facebookadsworker.FacebookAdsService -- Ignoring unsupported locale code 'foo' in targeting.languages
23:14:51.333 [main] WARN com.marketinghub.facebookadsworker.FacebookAdsService -- Coercing targeting 'locales' to numeric IDs supported by Meta Ads
23:14:51.334 [main] WARN com.marketinghub.facebookadsworker.FacebookAdsService -- Ignoring bid_amount for ad set 'Camp - Ad Set' because the lowest cost strategy does not accept manual bids
23:14:51.334 [main] INFO com.marketinghub.facebookadsworker.FacebookAdsService -- Sending POST request to Facebook API: path==>/v23.0/act_1/adsets, body={"optimization_goal":"LINK_CLICKS","access_token":"***","destination_type":"WEBSITE","targeting":{"locales":[16,55],"targeting_automation":{"advantage_audience":0},"geo_locations":{"countries":["BR"]},"publisher_platforms":["instagram"],"instagram_positions":["stream","story","reels","explore"]},"billing_event":"IMPRESSIONS","bid_strategy":"LOWEST_COST_WITHOUT_CAP","promoted_object":{"page_id":"42"},"name":"Camp - Ad Set","daily_budget":"1500","campaign_id":"123","status":"ACTIVE"}
23:14:51.353 [main] INFO com.marketinghub.facebookadsworker.FacebookAdsService -- Facebook API response received: method=POST, path<==/v23.0/act_1/adsets, status=200 200 OK, headers={"Content-Length":["***"],"Content-Type":["app...son"]}, body={"id":"555"}
]]></system-out>
  </testcase>
  <testcase name="validateTargetingSpecEncodesTargetingSpecQueryParam" classname="com.marketinghub.facebookadsworker.FacebookAdsServiceTest" time="0.008">
    <system-out><![CDATA[23:14:51.356 [main] INFO com.marketinghub.facebookadsworker.FacebookAdsService -- Configured Facebook Graph API version: v23.0
23:14:51.356 [main] INFO com.marketinghub.facebookadsworker.FacebookAdsService -- Facebook access token updated: previousToken=null, newToken=***
23:14:51.357 [main] INFO com.marketinghub.facebookadsworker.FacebookAdsService -- Sending GET request to Facebook API: path==>/v23.0/act_123/targetingvalidation?targeting_spec=%7B%22geo_locations%22%3A%7B%22countries%22%3A%5B%22BR%22%5D%7D%2C%22age_min%22%3A18%7D&access_***=***
23:14:51.361 [main] INFO com.marketinghub.facebookadsworker.FacebookAdsService -- Facebook API response received: method=GET, path<==/v23.0/act_123/targetingvalidation?targeting_spec=%7B%22geo_locations%22%3A%7B%22countries%22%3A%5B%22BR%22%5D%7D%2C%22age_min%22%3A18%7D&access_***=***, status=200 200 OK, headers={"Content-Length":["***"],"Content-Type":["app...son"]}, body={"data":[]}
]]></system-out>
  </testcase>
  <testcase name="createCampaignUsesProvidedObjectiveWhenPresent" classname="com.marketinghub.facebookadsworker.FacebookAdsServiceTest" time="0.007">
    <system-out><![CDATA[23:14:51.364 [main] INFO com.marketinghub.facebookadsworker.FacebookAdsService -- Configured Facebook Graph API version: v23.0
23:14:51.364 [main] INFO com.marketinghub.facebookadsworker.FacebookAdsService -- Facebook access token updated: previousToken=null, newToken=***
23:14:51.364 [main] INFO com.marketinghub.facebookadsworker.FacebookAdsService -- Sending POST request to Facebook API: path==>/v23.0/act_1/campaigns, body={"access_token":"***","special_ad_categories":[],"name":"Camp","is_adset_budget_sharing_enabled":false,"objective":"OUTCOME_LEADS","status":"ACTIVE"}
23:14:51.369 [main] INFO com.marketinghub.facebookadsworker.FacebookAdsService -- Facebook API response received: method=POST, path<==/v23.0/act_1/campaigns, status=200 200 OK, headers={"Content-Length":["***"],"Content-Type":["app...son"]}, body={"id":"456"}
]]></system-out>
  </testcase>
  <testcase name="metricsRequestsCampaignInsights" classname="com.marketinghub.facebookadsworker.FacebookAdsServiceTest" time="0.009">
    <system-out><![CDATA[23:14:51.372 [main] INFO com.marketinghub.facebookadsworker.FacebookAdsService -- Configured Facebook Graph API version: v23.0
23:14:51.372 [main] INFO com.marketinghub.facebookadsworker.FacebookAdsService -- Facebook access token updated: previousToken=null, newToken=***
]]></system-out>
  </testcase>
  <testcase name="createCampaignPostsCorrectRequest" classname="com.marketinghub.facebookadsworker.FacebookAdsServiceTest" time="0.006">
    <system-out><![CDATA[23:14:51.382 [main] INFO com.marketinghub.facebookadsworker.FacebookAdsService -- Configured Facebook Graph API version: v23.0
23:14:51.382 [main] INFO com.marketinghub.facebookadsworker.FacebookAdsService -- Facebook access token updated: previousToken=null, newToken=***
23:14:51.382 [main] INFO com.marketinghub.facebookadsworker.FacebookAdsService -- Sending POST request to Facebook API: path==>/v23.0/act_1/campaigns, body={"access_token":"***","special_ad_categories":[],"name":"Camp","is_adset_budget_sharing_enabled":false,"objective":"OUTCOME_TRAFFIC","status":"ACTIVE"}
23:14:51.386 [main] INFO com.marketinghub.facebookadsworker.FacebookAdsService -- Facebook API response received: method=POST, path<==/v23.0/act_1/campaigns, status=200 200 OK, headers={"Content-Length":["***"],"Content-Type":["app...son"]}, body={"id":"123"}
]]></system-out>
  </testcase>
  <testcase name="createAdSetIncludesPixelPurchasePromotedObject" classname="com.marketinghub.facebookadsworker.FacebookAdsServiceTest" time="0.008">
    <system-out><![CDATA[23:14:51.388 [main] INFO com.marketinghub.facebookadsworker.FacebookAdsService -- Configured Facebook Graph API version: v23.0
23:14:51.388 [main] INFO com.marketinghub.facebookadsworker.FacebookAdsService -- Facebook access token updated: previousToken=null, newToken=***
23:14:51.389 [main] INFO com.marketinghub.facebookadsworker.FacebookAdsService -- Sending POST request to Facebook API: path==>/v23.0/act_1/adsets, body={"optimization_goal":"OFFSITE_CONVERSIONS","access_token":"***","destination_type":"WEBSITE","targeting":{"targeting_automation":{"advantage_audience":0},"geo_locations":{"countries":["BR"]},"publisher_platforms":["instagram"],"instagram_positions":["stream","story","reels","explore"]},"billing_event":"IMPRESSIONS","bid_strategy":"LOWEST_COST_WITHOUT_CAP","promoted_object":{"page_id":"42","custom_event_type":"PURCHASE","pixel_id":"pixel-123"},"name":"Camp - Sales Ad Set","daily_budget":"1500","campaign_id":"123","status":"ACTIVE"}
23:14:51.393 [main] INFO com.marketinghub.facebookadsworker.FacebookAdsService -- Facebook API response received: method=POST, path<==/v23.0/act_1/adsets, status=200 200 OK, headers={"Content-Length":["***"],"Content-Type":["app...son"]}, body={"id":"334"}
]]></system-out>
  </testcase>
  <testcase name="estimateReachRetriesWithoutInvalidInterestFromFlexibleSpec" classname="com.marketinghub.facebookadsworker.FacebookAdsServiceTest" time="0.052">
    <system-out><![CDATA[23:14:51.397 [main] INFO com.marketinghub.facebookadsworker.FacebookAdsService -- Configured Facebook Graph API version: v23.0
23:14:51.397 [main] INFO com.marketinghub.facebookadsworker.FacebookAdsService -- Facebook access token updated: previousToken=null, newToken=***
23:14:51.398 [main] INFO com.marketinghub.facebookadsworker.FacebookAdsService -- Sending GET request to Facebook API: path==>/v23.0/act_123/reachestimate?targeting_spec=%7B%22geo_locations%22%3A%7B%22countries%22%3A%5B%22BR%22%5D%7D%2C%22age_min%22%3A18%2C%22flexible_spec%22%3A%5B%7B%22interests%22%3A%5B%7B%22id%22%3A%226004382299972%22%2C%22name%22%3A%22Invalid%20Interest%22%7D%2C%7B%22id%22%3A%226004382299973%22%2C%22name%22%3A%22Valid%20Interest%22%7D%5D%7D%5D%7D&access_***=***
23:14:51.402 [main] ERROR com.marketinghub.facebookadsworker.FacebookAdsService -- Facebook API GET request failed: path<==/v23.0/act_123/reachestimate?targeting_spec=%7B%22geo_locations%22%3A%7B%22countries%22%3A%5B%22BR%22%5D%7D%2C%22age_min%22%3A18%2C%22flexible_spec%22%3A%5B%7B%22interests%22%3A%5B%7B%22id%22%3A%226004382299972%22%2C%22name%22%3A%22Invalid%20Interest%22%7D%2C%7B%22id%22%3A%226004382299973%22%2C%22name%22%3A%22Valid%20Interest%22%7D%5D%7D%5D%7D&access_***=***, status=400, responseBody={"e...}}
, errorDetails={"type":"OAuthException","code":100,"error_subcode":1487079,"message":"Invalid parameter","error_user_msg":"Invalid data for field interests. O interesse com ID 6004382299972 é inválido."}
org.springframework.web.reactive.function.client.WebClientResponseException$BadRequest: 400 Bad Request from GET http://localhost:43807/v23.0/act_123/reachestimate
	at org.springframework.web.reactive.function.client.WebClientResponseException.create(WebClientResponseException.java:307)
	at org.springframework.web.reactive.function.client.DefaultClientResponse.lambda$createException$1(DefaultClientResponse.java:214)
	at reactor.core.publisher.FluxMap$MapSubscriber.onNext(FluxMap.java:106)
	at reactor.core.publisher.FluxOnErrorReturn$ReturnSubscriber.onNext(FluxOnErrorReturn.java:162)
	at reactor.core.publisher.FluxDefaultIfEmpty$DefaultIfEmptySubscriber.onNext(FluxDefaultIfEmpty.java:122)
	at reactor.core.publisher.FluxOnAssembly$OnAssemblySubscriber.onNext(FluxOnAssembly.java:539)
	at reactor.core.publisher.FluxMapFuseable$MapFuseableSubscriber.onNext(FluxMapFuseable.java:129)
	at reactor.core.publisher.FluxContextWrite$ContextWriteSubscriber.onNext(FluxContextWrite.java:107)
	at reactor.core.publisher.FluxMapFuseable$MapFuseableConditionalSubscriber.onNext(FluxMapFuseable.java:299)
	at reactor.core.publisher.FluxFilterFuseable$FilterFuseableConditionalSubscriber.onNext(FluxFilterFuseable.java:337)
	at reactor.core.publisher.Operators$BaseFluxToMonoOperator.completePossiblyEmpty(Operators.java:2097)
	at reactor.core.publisher.MonoCollect$CollectSubscriber.onComplete(MonoCollect.java:145)
	at reactor.core.publisher.FluxMap$MapSubscriber.onComplete(FluxMap.java:144)
	at reactor.core.publisher.FluxPeek$PeekSubscriber.onComplete(FluxPeek.java:260)
	at reactor.core.publisher.FluxMap$MapSubscriber.onComplete(FluxMap.java:144)
	at reactor.netty.channel.FluxReceive.onInboundComplete(FluxReceive.java:415)
	at reactor.netty.channel.ChannelOperations.onInboundComplete(ChannelOperations.java:446)
	at reactor.netty.channel.ChannelOperations.terminate(ChannelOperations.java:500)
	at reactor.netty.http.client.HttpClientOperations.onInboundNext(HttpClientOperations.java:793)
	at reactor.netty.channel.ChannelOperationsHandler.channelRead(ChannelOperationsHandler.java:114)
	at io.netty.channel.AbstractChannelHandlerContext.invokeChannelRead(AbstractChannelHandlerContext.java:444)
	at io.netty.channel.AbstractChannelHandlerContext.invokeChannelRead(AbstractChannelHandlerContext.java:420)
	at io.netty.channel.AbstractChannelHandlerContext.fireChannelRead(AbstractChannelHandlerContext.java:412)
	at io.netty.handler.codec.MessageToMessageDecoder.channelRead(MessageToMessageDecoder.java:103)
	at io.netty.channel.AbstractChannelHandlerContext.invokeChannelRead(AbstractChannelHandlerContext.java:444)
	at io.netty.channel.AbstractChannelHandlerContext.invokeChannelRead(AbstractChannelHandlerContext.java:420)
	at io.netty.channel.AbstractChannelHandlerContext.fireChannelRead(AbstractChannelHandlerContext.java:412)
	at io.netty.channel.CombinedChannelDuplexHandler$DelegatingChannelHandlerContext.fireChannelRead(CombinedChannelDuplexHandler.java:436)
	at io.netty.handler.codec.ByteToMessageDecoder.fireChannelRead(ByteToMessageDecoder.java:346)
	at io.netty.handler.codec.ByteToMessageDecoder.channelRead(ByteToMessageDecoder.java:318)
	at io.netty.channel.CombinedChannelDuplexHandler.channelRead(CombinedChannelDuplexHandler.java:251)
	at io.netty.channel.AbstractChannelHandlerContext.invokeChannelRead(AbstractChannelHandlerContext.java:442)
	at io.netty.channel.AbstractChannelHandlerContext.invokeChannelRead(AbstractChannelHandlerContext.java:420)
	at io.netty.channel.AbstractChannelHandlerContext.fireChannelRead(AbstractChannelHandlerContext.java:412)
	at io.netty.channel.DefaultChannelPipeline$HeadContext.channelRead(DefaultChannelPipeline.java:1410)
	at io.netty.channel.AbstractChannelHandlerContext.invokeChannelRead(AbstractChannelHandlerContext.java:440)
	at io.netty.channel.AbstractChannelHandlerContext.invokeChannelRead(AbstractChannelHandlerContext.java:420)
	at io.netty.channel.DefaultChannelPipeline.fireChannelRead(DefaultChannelPipeline.java:919)
	at io.netty.channel.epoll.AbstractEpollStreamChannel$EpollStreamUnsafe.epollInReady(AbstractEpollStreamChannel.java:801)
	at io.netty.channel.epoll.EpollEventLoop.processReady(EpollEventLoop.java:501)
	at io.netty.channel.epoll.EpollEventLoop.run(EpollEventLoop.java:399)
	at io.netty.util.concurrent.SingleThreadEventExecutor$4.run(SingleThreadEventExecutor.java:997)
	at io.netty.util.internal.ThreadExecutorMap$2.run(ThreadExecutorMap.java:74)
	at io.netty.util.concurrent.FastThreadLocalRunnable.run(FastThreadLocalRunnable.java:30)
	at java.base/java.lang.Thread.run(Thread.java:1583)
	Suppressed: java.lang.Exception: #block terminated with an error
		at reactor.core.publisher.BlockingSingleSubscriber.blockingGet(BlockingSingleSubscriber.java:104)
		at reactor.core.publisher.Mono.block(Mono.java:1779)
		at com.marketinghub.facebookadsworker.FacebookAdsService.executeGetAbsolute(FacebookAdsService.java:2981)
		at com.marketinghub.facebookadsworker.FacebookAdsService.executeTargetingSpecGet(FacebookAdsService.java:1684)
		at com.marketinghub.facebookadsworker.FacebookAdsService.estimateReach(FacebookAdsService.java:1666)
		at com.marketinghub.facebookadsworker.FacebookAdsServiceTest.estimateReachRetriesWithoutInvalidInterestFromFlexibleSpec(FacebookAdsServiceTest.java:1107)
		at java.base/jdk.internal.reflect.DirectMethodHandleAccessor.invoke(DirectMethodHandleAccessor.java:103)
		at java.base/java.lang.reflect.Method.invoke(Method.java:580)
		at org.junit.platform.commons.util.ReflectionUtils.invokeMethod(ReflectionUtils.java:728)
		at org.junit.jupiter.engine.execution.MethodInvocation.proceed(MethodInvocation.java:60)
		at org.junit.jupiter.engine.execution.InvocationInterceptorChain$ValidatingInvocation.proceed(InvocationInterceptorChain.java:131)
		at org.junit.jupiter.engine.extension.TimeoutExtension.intercept(TimeoutExtension.java:156)
		at org.junit.jupiter.engine.extension.TimeoutExtension.interceptTestableMethod(TimeoutExtension.java:147)
		at org.junit.jupiter.engine.extension.TimeoutExtension.interceptTestMethod(TimeoutExtension.java:86)
		at org.junit.jupiter.engine.execution.InterceptingExecutableInvoker$ReflectiveInterceptorCall.lambda$ofVoidMethod$0(InterceptingExecutableInvoker.java:103)
		at org.junit.jupiter.engine.execution.InterceptingExecutableInvoker.lambda$invoke$0(InterceptingExecutableInvoker.java:93)
		at org.junit.jupiter.engine.execution.InvocationInterceptorChain$InterceptedInvocation.proceed(InvocationInterceptorChain.java:106)
		at org.junit.jupiter.engine.execution.InvocationInterceptorChain.proceed(InvocationInterceptorChain.java:64)
		at org.junit.jupiter.engine.execution.InvocationInterceptorChain.chainAndInvoke(InvocationInterceptorChain.java:45)
		at org.junit.jupiter.engine.execution.InvocationInterceptorChain.invoke(InvocationInterceptorChain.java:37)
		at org.junit.jupiter.engine.execution.InterceptingExecutableInvoker.invoke(InterceptingExecutableInvoker.java:92)
		at org.junit.jupiter.engine.execution.InterceptingExecutableInvoker.invoke(InterceptingExecutableInvoker.java:86)
		at org.junit.jupiter.engine.descriptor.TestMethodTestDescriptor.lambda$invokeTestMethod$7(TestMethodTestDescriptor.java:218)
		at org.junit.platform.engine.support.hierarchical.ThrowableCollector.execute(ThrowableCollector.java:73)
		at org.junit.jupiter.engine.descriptor.TestMethodTestDescriptor.invokeTestMethod(TestMethodTestDescriptor.java:214)
		at org.junit.jupiter.engine.descriptor.TestMethodTestDescriptor.execute(TestMethodTestDescriptor.java:139)
		at org.junit.jupiter.engine.descriptor.TestMethodTestDescriptor.execute(TestMethodTestDescriptor.java:69)
		at org.junit.platform.engine.support.hierarchical.NodeTestTask.lambda$executeRecursively$6(NodeTestTask.java:151)
		at org.junit.platform.engine.support.hierarchical.ThrowableCollector.execute(ThrowableCollector.java:73)
		at org.junit.platform.engine.support.hierarchical.NodeTestTask.lambda$executeRecursively$8(NodeTestTask.java:141)
		at org.junit.platform.engine.support.hierarchical.Node.around(Node.java:137)
		at org.junit.platform.engine.support.hierarchical.NodeTestTask.lambda$executeRecursively$9(NodeTestTask.java:139)
		at org.junit.platform.engine.support.hierarchical.ThrowableCollector.execute(ThrowableCollector.java:73)
		at org.junit.platform.engine.support.hierarchical.NodeTestTask.executeRecursively(NodeTestTask.java:138)
		at org.junit.platform.engine.support.hierarchical.NodeTestTask.execute(NodeTestTask.java:95)
		at java.base/java.util.ArrayList.forEach(ArrayList.java:1596)
		at org.junit.platform.engine.support.hierarchical.SameThreadHierarchicalTestExecutorService.invokeAll(SameThreadHierarchicalTestExecutorService.java:41)
		at org.junit.platform.engine.support.hierarchical.NodeTestTask.lambda$executeRecursively$6(NodeTestTask.java:155)
		at org.junit.platform.engine.support.hierarchical.ThrowableCollector.execute(ThrowableCollector.java:73)
		at org.junit.platform.engine.support.hierarchical.NodeTestTask.lambda$executeRecursively$8(NodeTestTask.java:141)
		at org.junit.platform.engine.support.hierarchical.Node.around(Node.java:137)
		at org.junit.platform.engine.support.hierarchical.NodeTestTask.lambda$executeRecursively$9(NodeTestTask.java:139)
		at org.junit.platform.engine.support.hierarchical.ThrowableCollector.execute(ThrowableCollector.java:73)
		at org.junit.platform.engine.support.hierarchical.NodeTestTask.executeRecursively(NodeTestTask.java:138)
		at org.junit.platform.engine.support.hierarchical.NodeTestTask.execute(NodeTestTask.java:95)
		at java.base/java.util.ArrayList.forEach(ArrayList.java:1596)
		at org.junit.platform.engine.support.hierarchical.SameThreadHierarchicalTestExecutorService.invokeAll(SameThreadHierarchicalTestExecutorService.java:41)
		at org.junit.platform.engine.support.hierarchical.NodeTestTask.lambda$executeRecursively$6(NodeTestTask.java:155)
		at org.junit.platform.engine.support.hierarchical.ThrowableCollector.execute(ThrowableCollector.java:73)
		at org.junit.platform.engine.support.hierarchical.NodeTestTask.lambda$executeRecursively$8(NodeTestTask.java:141)
		at org.junit.platform.engine.support.hierarchical.Node.around(Node.java:137)
		at org.junit.platform.engine.support.hierarchical.NodeTestTask.lambda$executeRecursively$9(NodeTestTask.java:139)
		at org.junit.platform.engine.support.hierarchical.ThrowableCollector.execute(ThrowableCollector.java:73)
		at org.junit.platform.engine.support.hierarchical.NodeTestTask.executeRecursively(NodeTestTask.java:138)
		at org.junit.platform.engine.support.hierarchical.NodeTestTask.execute(NodeTestTask.java:95)
		at org.junit.platform.engine.support.hierarchical.SameThreadHierarchicalTestExecutorService.submit(SameThreadHierarchicalTestExecutorService.java:35)
		at org.junit.platform.engine.support.hierarchical.HierarchicalTestExecutor.execute(HierarchicalTestExecutor.java:57)
		at org.junit.platform.engine.support.hierarchical.HierarchicalTestEngine.execute(HierarchicalTestEngine.java:54)
		at org.junit.platform.launcher.core.EngineExecutionOrchestrator.execute(EngineExecutionOrchestrator.java:198)
		at org.junit.platform.launcher.core.EngineExecutionOrchestrator.execute(EngineExecutionOrchestrator.java:169)
		at org.junit.platform.launcher.core.EngineExecutionOrchestrator.execute(EngineExecutionOrchestrator.java:93)
		at org.junit.platform.launcher.core.EngineExecutionOrchestrator.lambda$execute$0(EngineExecutionOrchestrator.java:58)
		at org.junit.platform.launcher.core.EngineExecutionOrchestrator.withInterceptedStreams(EngineExecutionOrchestrator.java:141)
		at org.junit.platform.launcher.core.EngineExecutionOrchestrator.execute(EngineExecutionOrchestrator.java:57)
		at org.junit.platform.launcher.core.DefaultLauncher.execute(DefaultLauncher.java:103)
		at org.junit.platform.launcher.core.DefaultLauncher.execute(DefaultLauncher.java:85)
		at org.junit.platform.launcher.core.DelegatingLauncher.execute(DelegatingLauncher.java:47)
		at org.apache.maven.surefire.junitplatform.LazyLauncher.execute(LazyLauncher.java:56)
		at org.apache.maven.surefire.junitplatform.JUnitPlatformProvider.execute(JUnitPlatformProvider.java:184)
		at org.apache.maven.surefire.junitplatform.JUnitPlatformProvider.invokeAllTests(JUnitPlatformProvider.java:148)
		at org.apache.maven.surefire.junitplatform.JUnitPlatformProvider.invoke(JUnitPlatformProvider.java:122)
		at org.apache.maven.surefire.booter.ForkedBooter.runSuitesInProcess(ForkedBooter.java:385)
		at org.apache.maven.surefire.booter.ForkedBooter.execute(ForkedBooter.java:162)
		at org.apache.maven.surefire.booter.ForkedBooter.run(ForkedBooter.java:507)
		at org.apache.maven.surefire.booter.ForkedBooter.main(ForkedBooter.java:495)
23:14:51.403 [main] WARN com.marketinghub.facebookadsworker.FacebookAdsService -- Facebook retornou interesse inválido durante estimar alcance. Repetindo chamada com targeting_spec sanitizado.
23:14:51.403 [main] INFO com.marketinghub.facebookadsworker.FacebookAdsService -- Sending GET request to Facebook API: path==>/v23.0/act_123/reachestimate?targeting_spec=%7B%22geo_locations%22%3A%7B%22countries%22%3A%5B%22BR%22%5D%7D%2C%22age_min%22%3A18%2C%22flexible_spec%22%3A%5B%7B%22interests%22%3A%5B%7B%22id%22%3A%226004382299973%22%2C%22name%22%3A%22Valid%20Interest%22%7D%5D%7D%5D%7D&access_***=***
23:14:51.446 [main] INFO com.marketinghub.facebookadsworker.FacebookAdsService -- Facebook API response received: method=GET, path<==/v23.0/act_123/reachestimate?targeting_spec=%7B%22geo_locations%22%3A%7B%22countries%22%3A%5B%22BR%22%5D%7D%2C%22age_min%22%3A18%2C%22flexible_spec%22%3A%5B%7B%22interests%22%3A%5B%7B%22id%22%3A%226004382299973%22%2C%22name%22%3A%22Valid%20Interest%22%7D%5D%7D%5D%7D&access_***=***, status=200 200 OK, headers={"Content-Length":["***"],"Content-Type":["app...son"]}, body={"data":[{"users":1234}]}
]]></system-out>
  </testcase>
  <testcase name="createAdSetResolvesInterestNamesToIds" classname="com.marketinghub.facebookadsworker.FacebookAdsServiceTest" time="0.054">
    <system-out><![CDATA[23:14:51.449 [main] INFO com.marketinghub.facebookadsworker.FacebookAdsService -- Configured Facebook Graph API version: v23.0
23:14:51.450 [main] INFO com.marketinghub.facebookadsworker.FacebookAdsService -- Facebook access token updated: previousToken=null, newToken=***
23:14:51.452 [main] INFO com.marketinghub.facebookadsworker.FacebookAdsService -- Sending GET request to Facebook API: path==>/v23.0/act_1234567890/targetingsearch?type=adinterest&q=Pilates&limit=1&fields=id,name&access_***=***&locale=pt_BR
23:14:51.456 [main] INFO com.marketinghub.facebookadsworker.FacebookAdsService -- Facebook API response received: method=GET, path<==/v23.0/act_1234567890/targetingsearch?type=adinterest&q=Pilates&limit=1&fields=id,name&access_***=***&locale=pt_BR, status=200 200 OK, headers={"Content-Length":["***"],"Content-Type":["app...son"]}, body={"data":[{"id":"6003139266461","name":"Pilates"}]}
23:14:51.456 [main] WARN com.marketinghub.facebookadsworker.FacebookAdsService -- Ignoring bid_amount for ad set 'Camp - Ad Set' because the lowest cost strategy does not accept manual bids
23:14:51.457 [main] INFO com.marketinghub.facebookadsworker.FacebookAdsService -- Sending POST request to Facebook API: path==>/v23.0/act_1/adsets, body={"optimization_goal":"LINK_CLICKS","access_token":"***","destination_type":"WEBSITE","targeting":{"targeting_automation":{"advantage_audience":0},"interests":[{"name":"Pilates","id":"6003139266461"}],"geo_locations":{"countries":["BR"]},"publisher_platforms":["instagram"],"instagram_positions":["stream","story","reels","explore"]},"billing_event":"IMPRESSIONS","bid_strategy":"LOWEST_COST_WITHOUT_CAP","promoted_object":{"page_id":"42"},"name":"Camp - Ad Set","daily_budget":"1500","campaign_id":"123","status":"ACTIVE"}
23:14:51.501 [main] INFO com.marketinghub.facebookadsworker.FacebookAdsService -- Facebook API response received: method=POST, path<==/v23.0/act_1/adsets, status=200 200 OK, headers={"Content-Length":["***"],"Content-Type":["app...son"]}, body={"id":"555"}
]]></system-out>
  </testcase>
  <testcase name="searchGlobalTargetingOptionsDoesNotSendFieldsParameter" classname="com.marketinghub.facebookadsworker.FacebookAdsServiceTest" time="0.007">
    <system-out><![CDATA[23:14:51.504 [main] INFO com.marketinghub.facebookadsworker.FacebookAdsService -- Configured Facebook Graph API version: v23.0
23:14:51.505 [main] INFO com.marketinghub.facebookadsworker.FacebookAdsService -- Facebook access token updated: previousToken=null, newToken=***
23:14:51.505 [main] INFO com.marketinghub.facebookadsworker.FacebookAdsService -- Sending GET request to Facebook API: path==>/v23.0/search?type=adworkposition&q=Personal Trainer&limit=200&access_***=***&locale=pt_BR&country=BR
23:14:51.509 [main] INFO com.marketinghub.facebookadsworker.FacebookAdsService -- Facebook API response received: method=GET, path<==/v23.0/search?type=adworkposition&q=Personal Trainer&limit=200&access_***=***&locale=pt_BR&country=BR, status=200 200 OK, headers={"Content-Length":["***"],"Content-Type":["app...son"]}, body={"data":[{"id":"1419795191647433","name":"Certified Personal Trainer","coverage_lower_bound":1000,"coverage_upper_bound":2000}]}
]]></system-out>
  </testcase>
  <testcase name="createAdCreativeFallsBackToPictureWhenHashMissing" classname="com.marketinghub.facebookadsworker.FacebookAdsServiceTest" time="0.006">
    <system-out><![CDATA[23:14:51.512 [main] INFO com.marketinghub.facebookadsworker.FacebookAdsService -- Configured Facebook Graph API version: v23.0
23:14:51.512 [main] INFO com.marketinghub.facebookadsworker.FacebookAdsService -- Facebook access token updated: previousToken=null, newToken=***
23:14:51.512 [main] INFO com.marketinghub.facebookadsworker.FacebookAdsService -- Sending POST request to Facebook API: path==>/v23.0/act_1/adcreatives, body={"object_story_spec":{"page_id":"42","link_data":{"call_to_action":{"type":"LEARN_MORE","value":{"link":"https://example.com"}},"link":"https://example.com","message":"Mensagem","picture":"https://cdn.example/img.jpg"}},"access_token":"***","name":"Camp - Creative"}
23:14:51.516 [main] INFO com.marketinghub.facebookadsworker.FacebookAdsService -- Facebook API response received: method=POST, path<==/v23.0/act_1/adcreatives, status=200 200 OK, headers={"Content-Length":["***"],"Content-Type":["app...son"]}, body={"id":"777"}
]]></system-out>
  </testcase>
  <testcase name="estimateReachRetriesWithoutInvalidWorkPositionWhenFieldNameIsMissing" classname="com.marketinghub.facebookadsworker.FacebookAdsServiceTest" time="0.051">
    <system-out><![CDATA[23:14:51.519 [main] INFO com.marketinghub.facebookadsworker.FacebookAdsService -- Configured Facebook Graph API version: v23.0
23:14:51.519 [main] INFO com.marketinghub.facebookadsworker.FacebookAdsService -- Facebook access token updated: previousToken=null, newToken=***
23:14:51.519 [main] INFO com.marketinghub.facebookadsworker.FacebookAdsService -- Sending GET request to Facebook API: path==>/v23.0/act_123/reachestimate?targeting_spec=%7B%22geo_locations%22%3A%7B%22countries%22%3A%5B%22BR%22%5D%7D%2C%22age_min%22%3A18%2C%22flexible_spec%22%3A%5B%7B%22interests%22%3A%5B%7B%22id%22%3A%22104145029623317%22%2C%22name%22%3A%22Pedagogia%22%7D%5D%7D%2C%7B%22work_positions%22%3A%5B%7B%22id%22%3A%226004030160948%22%2C%22name%22%3A%22Invalid%20Job%22%7D%5D%7D%5D%7D&access_***=***
23:14:51.523 [main] ERROR com.marketinghub.facebookadsworker.FacebookAdsService -- Facebook API GET request failed: path<==/v23.0/act_123/reachestimate?targeting_spec=%7B%22geo_locations%22%3A%7B%22countries%22%3A%5B%22BR%22%5D%7D%2C%22age_min%22%3A18%2C%22flexible_spec%22%3A%5B%7B%22interests%22%3A%5B%7B%22id%22%3A%22104145029623317%22%2C%22name%22%3A%22Pedagogia%22%7D%5D%7D%2C%7B%22work_positions%22%3A%5B%7B%22id%22%3A%226004030160948%22%2C%22name%22%3A%22Invalid%20Job%22%7D%5D%7D%5D%7D&access_***=***, status=400, responseBody={"e...}}
, errorDetails={"type":"OAuthException","code":100,"error_subcode":1487079,"message":"Invalid parameter","error_user_msg":"A especificação de direcionamento indicada não é válida porque: Os cargos com identificação 6004030160948 são inválidos."}
org.springframework.web.reactive.function.client.WebClientResponseException$BadRequest: 400 Bad Request from GET http://localhost:36227/v23.0/act_123/reachestimate
	at org.springframework.web.reactive.function.client.WebClientResponseException.create(WebClientResponseException.java:307)
	at org.springframework.web.reactive.function.client.DefaultClientResponse.lambda$createException$1(DefaultClientResponse.java:214)
	at reactor.core.publisher.FluxMap$MapSubscriber.onNext(FluxMap.java:106)
	at reactor.core.publisher.FluxOnErrorReturn$ReturnSubscriber.onNext(FluxOnErrorReturn.java:162)
	at reactor.core.publisher.FluxDefaultIfEmpty$DefaultIfEmptySubscriber.onNext(FluxDefaultIfEmpty.java:122)
	at reactor.core.publisher.FluxOnAssembly$OnAssemblySubscriber.onNext(FluxOnAssembly.java:539)
	at reactor.core.publisher.FluxMapFuseable$MapFuseableSubscriber.onNext(FluxMapFuseable.java:129)
	at reactor.core.publisher.FluxContextWrite$ContextWriteSubscriber.onNext(FluxContextWrite.java:107)
	at reactor.core.publisher.FluxMapFuseable$MapFuseableConditionalSubscriber.onNext(FluxMapFuseable.java:299)
	at reactor.core.publisher.FluxFilterFuseable$FilterFuseableConditionalSubscriber.onNext(FluxFilterFuseable.java:337)
	at reactor.core.publisher.Operators$BaseFluxToMonoOperator.completePossiblyEmpty(Operators.java:2097)
	at reactor.core.publisher.MonoCollect$CollectSubscriber.onComplete(MonoCollect.java:145)
	at reactor.core.publisher.FluxMap$MapSubscriber.onComplete(FluxMap.java:144)
	at reactor.core.publisher.FluxPeek$PeekSubscriber.onComplete(FluxPeek.java:260)
	at reactor.core.publisher.FluxMap$MapSubscriber.onComplete(FluxMap.java:144)
	at reactor.netty.channel.FluxReceive.onInboundComplete(FluxReceive.java:415)
	at reactor.netty.channel.ChannelOperations.onInboundComplete(ChannelOperations.java:446)
	at reactor.netty.channel.ChannelOperations.terminate(ChannelOperations.java:500)
	at reactor.netty.http.client.HttpClientOperations.onInboundNext(HttpClientOperations.java:793)
	at reactor.netty.channel.ChannelOperationsHandler.channelRead(ChannelOperationsHandler.java:114)
	at io.netty.channel.AbstractChannelHandlerContext.invokeChannelRead(AbstractChannelHandlerContext.java:444)
	at io.netty.channel.AbstractChannelHandlerContext.invokeChannelRead(AbstractChannelHandlerContext.java:420)
	at io.netty.channel.AbstractChannelHandlerContext.fireChannelRead(AbstractChannelHandlerContext.java:412)
	at io.netty.handler.codec.MessageToMessageDecoder.channelRead(MessageToMessageDecoder.java:103)
	at io.netty.channel.AbstractChannelHandlerContext.invokeChannelRead(AbstractChannelHandlerContext.java:444)
	at io.netty.channel.AbstractChannelHandlerContext.invokeChannelRead(AbstractChannelHandlerContext.java:420)
	at io.netty.channel.AbstractChannelHandlerContext.fireChannelRead(AbstractChannelHandlerContext.java:412)
	at io.netty.channel.CombinedChannelDuplexHandler$DelegatingChannelHandlerContext.fireChannelRead(CombinedChannelDuplexHandler.java:436)
	at io.netty.handler.codec.ByteToMessageDecoder.fireChannelRead(ByteToMessageDecoder.java:346)
	at io.netty.handler.codec.ByteToMessageDecoder.channelRead(ByteToMessageDecoder.java:318)
	at io.netty.channel.CombinedChannelDuplexHandler.channelRead(CombinedChannelDuplexHandler.java:251)
	at io.netty.channel.AbstractChannelHandlerContext.invokeChannelRead(AbstractChannelHandlerContext.java:442)
	at io.netty.channel.AbstractChannelHandlerContext.invokeChannelRead(AbstractChannelHandlerContext.java:420)
	at io.netty.channel.AbstractChannelHandlerContext.fireChannelRead(AbstractChannelHandlerContext.java:412)
	at io.netty.channel.DefaultChannelPipeline$HeadContext.channelRead(DefaultChannelPipeline.java:1410)
	at io.netty.channel.AbstractChannelHandlerContext.invokeChannelRead(AbstractChannelHandlerContext.java:440)
	at io.netty.channel.AbstractChannelHandlerContext.invokeChannelRead(AbstractChannelHandlerContext.java:420)
	at io.netty.channel.DefaultChannelPipeline.fireChannelRead(DefaultChannelPipeline.java:919)
	at io.netty.channel.epoll.AbstractEpollStreamChannel$EpollStreamUnsafe.epollInReady(AbstractEpollStreamChannel.java:801)
	at io.netty.channel.epoll.EpollEventLoop.processReady(EpollEventLoop.java:501)
	at io.netty.channel.epoll.EpollEventLoop.run(EpollEventLoop.java:399)
	at io.netty.util.concurrent.SingleThreadEventExecutor$4.run(SingleThreadEventExecutor.java:997)
	at io.netty.util.internal.ThreadExecutorMap$2.run(ThreadExecutorMap.java:74)
	at io.netty.util.concurrent.FastThreadLocalRunnable.run(FastThreadLocalRunnable.java:30)
	at java.base/java.lang.Thread.run(Thread.java:1583)
	Suppressed: java.lang.Exception: #block terminated with an error
		at reactor.core.publisher.BlockingSingleSubscriber.blockingGet(BlockingSingleSubscriber.java:104)
		at reactor.core.publisher.Mono.block(Mono.java:1779)
		at com.marketinghub.facebookadsworker.FacebookAdsService.executeGetAbsolute(FacebookAdsService.java:2981)
		at com.marketinghub.facebookadsworker.FacebookAdsService.executeTargetingSpecGet(FacebookAdsService.java:1684)
		at com.marketinghub.facebookadsworker.FacebookAdsService.estimateReach(FacebookAdsService.java:1666)
		at com.marketinghub.facebookadsworker.FacebookAdsServiceTest.estimateReachRetriesWithoutInvalidWorkPositionWhenFieldNameIsMissing(FacebookAdsServiceTest.java:1211)
		at java.base/jdk.internal.reflect.DirectMethodHandleAccessor.invoke(DirectMethodHandleAccessor.java:103)
		at java.base/java.lang.reflect.Method.invoke(Method.java:580)
		at org.junit.platform.commons.util.ReflectionUtils.invokeMethod(ReflectionUtils.java:728)
		at org.junit.jupiter.engine.execution.MethodInvocation.proceed(MethodInvocation.java:60)
		at org.junit.jupiter.engine.execution.InvocationInterceptorChain$ValidatingInvocation.proceed(InvocationInterceptorChain.java:131)
		at org.junit.jupiter.engine.extension.TimeoutExtension.intercept(TimeoutExtension.java:156)
		at org.junit.jupiter.engine.extension.TimeoutExtension.interceptTestableMethod(TimeoutExtension.java:147)
		at org.junit.jupiter.engine.extension.TimeoutExtension.interceptTestMethod(TimeoutExtension.java:86)
		at org.junit.jupiter.engine.execution.InterceptingExecutableInvoker$ReflectiveInterceptorCall.lambda$ofVoidMethod$0(InterceptingExecutableInvoker.java:103)
		at org.junit.jupiter.engine.execution.InterceptingExecutableInvoker.lambda$invoke$0(InterceptingExecutableInvoker.java:93)
		at org.junit.jupiter.engine.execution.InvocationInterceptorChain$InterceptedInvocation.proceed(InvocationInterceptorChain.java:106)
		at org.junit.jupiter.engine.execution.InvocationInterceptorChain.proceed(InvocationInterceptorChain.java:64)
		at org.junit.jupiter.engine.execution.InvocationInterceptorChain.chainAndInvoke(InvocationInterceptorChain.java:45)
		at org.junit.jupiter.engine.execution.InvocationInterceptorChain.invoke(InvocationInterceptorChain.java:37)
		at org.junit.jupiter.engine.execution.InterceptingExecutableInvoker.invoke(InterceptingExecutableInvoker.java:92)
		at org.junit.jupiter.engine.execution.InterceptingExecutableInvoker.invoke(InterceptingExecutableInvoker.java:86)
		at org.junit.jupiter.engine.descriptor.TestMethodTestDescriptor.lambda$invokeTestMethod$7(TestMethodTestDescriptor.java:218)
		at org.junit.platform.engine.support.hierarchical.ThrowableCollector.execute(ThrowableCollector.java:73)
		at org.junit.jupiter.engine.descriptor.TestMethodTestDescriptor.invokeTestMethod(TestMethodTestDescriptor.java:214)
		at org.junit.jupiter.engine.descriptor.TestMethodTestDescriptor.execute(TestMethodTestDescriptor.java:139)
		at org.junit.jupiter.engine.descriptor.TestMethodTestDescriptor.execute(TestMethodTestDescriptor.java:69)
		at org.junit.platform.engine.support.hierarchical.NodeTestTask.lambda$executeRecursively$6(NodeTestTask.java:151)
		at org.junit.platform.engine.support.hierarchical.ThrowableCollector.execute(ThrowableCollector.java:73)
		at org.junit.platform.engine.support.hierarchical.NodeTestTask.lambda$executeRecursively$8(NodeTestTask.java:141)
		at org.junit.platform.engine.support.hierarchical.Node.around(Node.java:137)
		at org.junit.platform.engine.support.hierarchical.NodeTestTask.lambda$executeRecursively$9(NodeTestTask.java:139)
		at org.junit.platform.engine.support.hierarchical.ThrowableCollector.execute(ThrowableCollector.java:73)
		at org.junit.platform.engine.support.hierarchical.NodeTestTask.executeRecursively(NodeTestTask.java:138)
		at org.junit.platform.engine.support.hierarchical.NodeTestTask.execute(NodeTestTask.java:95)
		at java.base/java.util.ArrayList.forEach(ArrayList.java:1596)
		at org.junit.platform.engine.support.hierarchical.SameThreadHierarchicalTestExecutorService.invokeAll(SameThreadHierarchicalTestExecutorService.java:41)
		at org.junit.platform.engine.support.hierarchical.NodeTestTask.lambda$executeRecursively$6(NodeTestTask.java:155)
		at org.junit.platform.engine.support.hierarchical.ThrowableCollector.execute(ThrowableCollector.java:73)
		at org.junit.platform.engine.support.hierarchical.NodeTestTask.lambda$executeRecursively$8(NodeTestTask.java:141)
		at org.junit.platform.engine.support.hierarchical.Node.around(Node.java:137)
		at org.junit.platform.engine.support.hierarchical.NodeTestTask.lambda$executeRecursively$9(NodeTestTask.java:139)
		at org.junit.platform.engine.support.hierarchical.ThrowableCollector.execute(ThrowableCollector.java:73)
		at org.junit.platform.engine.support.hierarchical.NodeTestTask.executeRecursively(NodeTestTask.java:138)
		at org.junit.platform.engine.support.hierarchical.NodeTestTask.execute(NodeTestTask.java:95)
		at java.base/java.util.ArrayList.forEach(ArrayList.java:1596)
		at org.junit.platform.engine.support.hierarchical.SameThreadHierarchicalTestExecutorService.invokeAll(SameThreadHierarchicalTestExecutorService.java:41)
		at org.junit.platform.engine.support.hierarchical.NodeTestTask.lambda$executeRecursively$6(NodeTestTask.java:155)
		at org.junit.platform.engine.support.hierarchical.ThrowableCollector.execute(ThrowableCollector.java:73)
		at org.junit.platform.engine.support.hierarchical.NodeTestTask.lambda$executeRecursively$8(NodeTestTask.java:141)
		at org.junit.platform.engine.support.hierarchical.Node.around(Node.java:137)
		at org.junit.platform.engine.support.hierarchical.NodeTestTask.lambda$executeRecursively$9(NodeTestTask.java:139)
		at org.junit.platform.engine.support.hierarchical.ThrowableCollector.execute(ThrowableCollector.java:73)
		at org.junit.platform.engine.support.hierarchical.NodeTestTask.executeRecursively(NodeTestTask.java:138)
		at org.junit.platform.engine.support.hierarchical.NodeTestTask.execute(NodeTestTask.java:95)
		at org.junit.platform.engine.support.hierarchical.SameThreadHierarchicalTestExecutorService.submit(SameThreadHierarchicalTestExecutorService.java:35)
		at org.junit.platform.engine.support.hierarchical.HierarchicalTestExecutor.execute(HierarchicalTestExecutor.java:57)
		at org.junit.platform.engine.support.hierarchical.HierarchicalTestEngine.execute(HierarchicalTestEngine.java:54)
		at org.junit.platform.launcher.core.EngineExecutionOrchestrator.execute(EngineExecutionOrchestrator.java:198)
		at org.junit.platform.launcher.core.EngineExecutionOrchestrator.execute(EngineExecutionOrchestrator.java:169)
		at org.junit.platform.launcher.core.EngineExecutionOrchestrator.execute(EngineExecutionOrchestrator.java:93)
		at org.junit.platform.launcher.core.EngineExecutionOrchestrator.lambda$execute$0(EngineExecutionOrchestrator.java:58)
		at org.junit.platform.launcher.core.EngineExecutionOrchestrator.withInterceptedStreams(EngineExecutionOrchestrator.java:141)
		at org.junit.platform.launcher.core.EngineExecutionOrchestrator.execute(EngineExecutionOrchestrator.java:57)
		at org.junit.platform.launcher.core.DefaultLauncher.execute(DefaultLauncher.java:103)
		at org.junit.platform.launcher.core.DefaultLauncher.execute(DefaultLauncher.java:85)
		at org.junit.platform.launcher.core.DelegatingLauncher.execute(DelegatingLauncher.java:47)
		at org.apache.maven.surefire.junitplatform.LazyLauncher.execute(LazyLauncher.java:56)
		at org.apache.maven.surefire.junitplatform.JUnitPlatformProvider.execute(JUnitPlatformProvider.java:184)
		at org.apache.maven.surefire.junitplatform.JUnitPlatformProvider.invokeAllTests(JUnitPlatformProvider.java:148)
		at org.apache.maven.surefire.junitplatform.JUnitPlatformProvider.invoke(JUnitPlatformProvider.java:122)
		at org.apache.maven.surefire.booter.ForkedBooter.runSuitesInProcess(ForkedBooter.java:385)
		at org.apache.maven.surefire.booter.ForkedBooter.execute(ForkedBooter.java:162)
		at org.apache.maven.surefire.booter.ForkedBooter.run(ForkedBooter.java:507)
		at org.apache.maven.surefire.booter.ForkedBooter.main(ForkedBooter.java:495)
23:14:51.524 [main] WARN com.marketinghub.facebookadsworker.FacebookAdsService -- Facebook retornou interesse inválido durante estimar alcance. Repetindo chamada com targeting_spec sanitizado.
23:14:51.524 [main] INFO com.marketinghub.facebookadsworker.FacebookAdsService -- Sending GET request to Facebook API: path==>/v23.0/act_123/reachestimate?targeting_spec=%7B%22geo_locations%22%3A%7B%22countries%22%3A%5B%22BR%22%5D%7D%2C%22age_min%22%3A18%2C%22flexible_spec%22%3A%5B%7B%22interests%22%3A%5B%7B%22id%22%3A%22104145029623317%22%2C%22name%22%3A%22Pedagogia%22%7D%5D%7D%5D%7D&access_***=***
23:14:51.567 [main] INFO com.marketinghub.facebookadsworker.FacebookAdsService -- Facebook API response received: method=GET, path<==/v23.0/act_123/reachestimate?targeting_spec=%7B%22geo_locations%22%3A%7B%22countries%22%3A%5B%22BR%22%5D%7D%2C%22age_min%22%3A18%2C%22flexible_spec%22%3A%5B%7B%22interests%22%3A%5B%7B%22id%22%3A%22104145029623317%22%2C%22name%22%3A%22Pedagogia%22%7D%5D%7D%5D%7D&access_***=***, status=200 200 OK, headers={"Content-Length":["***"],"Content-Type":["app...son"]}, body={"data":[{"users":1234}]}
]]></system-out>
  </testcase>
  <testcase name="validateTargetingSpecDoesNotRetryWhenInvalidInterestIdIsMissing" classname="com.marketinghub.facebookadsworker.FacebookAdsServiceTest" time="0.111">
    <system-out><![CDATA[23:14:51.571 [main] INFO com.marketinghub.facebookadsworker.FacebookAdsService -- Configured Facebook Graph API version: v23.0
23:14:51.571 [main] INFO com.marketinghub.facebookadsworker.FacebookAdsService -- Facebook access token updated: previousToken=null, newToken=***
23:14:51.575 [main] INFO com.marketinghub.facebookadsworker.FacebookAdsService -- Sending GET request to Facebook API: path==>/v23.0/act_123/targetingvalidation?targeting_spec=%7B%22geo_locations%22%3A%7B%22countries%22%3A%5B%22BR%22%5D%7D%2C%22interests%22%3A%5B%7B%22id%22%3A%226004382299972%22%2C%22name%22%3A%22Interest%22%7D%5D%7D&access_***=***
23:14:51.579 [main] ERROR com.marketinghub.facebookadsworker.FacebookAdsService -- Facebook API GET request failed: path<==/v23.0/act_123/targetingvalidation?targeting_spec=%7B%22geo_locations%22%3A%7B%22countries%22%3A%5B%22BR%22%5D%7D%2C%22interests%22%3A%5B%7B%22id%22%3A%226004382299972%22%2C%22name%22%3A%22Interest%22%7D%5D%7D&access_***=***, status=400, responseBody={"e...}}
, errorDetails={"type":"OAuthException","code":100,"error_subcode":1487079,"message":"Invalid parameter","error_user_msg":"Invalid data for field interests."}
org.springframework.web.reactive.function.client.WebClientResponseException$BadRequest: 400 Bad Request from GET http://localhost:41847/v23.0/act_123/targetingvalidation
	at org.springframework.web.reactive.function.client.WebClientResponseException.create(WebClientResponseException.java:307)
	at org.springframework.web.reactive.function.client.DefaultClientResponse.lambda$createException$1(DefaultClientResponse.java:214)
	at reactor.core.publisher.FluxMap$MapSubscriber.onNext(FluxMap.java:106)
	at reactor.core.publisher.FluxOnErrorReturn$ReturnSubscriber.onNext(FluxOnErrorReturn.java:162)
	at reactor.core.publisher.FluxDefaultIfEmpty$DefaultIfEmptySubscriber.onNext(FluxDefaultIfEmpty.java:122)
	at reactor.core.publisher.FluxOnAssembly$OnAssemblySubscriber.onNext(FluxOnAssembly.java:539)
	at reactor.core.publisher.FluxMapFuseable$MapFuseableSubscriber.onNext(FluxMapFuseable.java:129)
	at reactor.core.publisher.FluxContextWrite$ContextWriteSubscriber.onNext(FluxContextWrite.java:107)
	at reactor.core.publisher.FluxMapFuseable$MapFuseableConditionalSubscriber.onNext(FluxMapFuseable.java:299)
	at reactor.core.publisher.FluxFilterFuseable$FilterFuseableConditionalSubscriber.onNext(FluxFilterFuseable.java:337)
	at reactor.core.publisher.Operators$BaseFluxToMonoOperator.completePossiblyEmpty(Operators.java:2097)
	at reactor.core.publisher.MonoCollect$CollectSubscriber.onComplete(MonoCollect.java:145)
	at reactor.core.publisher.FluxMap$MapSubscriber.onComplete(FluxMap.java:144)
	at reactor.core.publisher.FluxPeek$PeekSubscriber.onComplete(FluxPeek.java:260)
	at reactor.core.publisher.FluxMap$MapSubscriber.onComplete(FluxMap.java:144)
	at reactor.netty.channel.FluxReceive.onInboundComplete(FluxReceive.java:415)
	at reactor.netty.channel.ChannelOperations.onInboundComplete(ChannelOperations.java:446)
	at reactor.netty.channel.ChannelOperations.terminate(ChannelOperations.java:500)
	at reactor.netty.http.client.HttpClientOperations.onInboundNext(HttpClientOperations.java:793)
	at reactor.netty.channel.ChannelOperationsHandler.channelRead(ChannelOperationsHandler.java:114)
	at io.netty.channel.AbstractChannelHandlerContext.invokeChannelRead(AbstractChannelHandlerContext.java:444)
	at io.netty.channel.AbstractChannelHandlerContext.invokeChannelRead(AbstractChannelHandlerContext.java:420)
	at io.netty.channel.AbstractChannelHandlerContext.fireChannelRead(AbstractChannelHandlerContext.java:412)
	at io.netty.handler.codec.MessageToMessageDecoder.channelRead(MessageToMessageDecoder.java:103)
	at io.netty.channel.AbstractChannelHandlerContext.invokeChannelRead(AbstractChannelHandlerContext.java:444)
	at io.netty.channel.AbstractChannelHandlerContext.invokeChannelRead(AbstractChannelHandlerContext.java:420)
	at io.netty.channel.AbstractChannelHandlerContext.fireChannelRead(AbstractChannelHandlerContext.java:412)
	at io.netty.channel.CombinedChannelDuplexHandler$DelegatingChannelHandlerContext.fireChannelRead(CombinedChannelDuplexHandler.java:436)
	at io.netty.handler.codec.ByteToMessageDecoder.fireChannelRead(ByteToMessageDecoder.java:346)
	at io.netty.handler.codec.ByteToMessageDecoder.channelRead(ByteToMessageDecoder.java:318)
	at io.netty.channel.CombinedChannelDuplexHandler.channelRead(CombinedChannelDuplexHandler.java:251)
	at io.netty.channel.AbstractChannelHandlerContext.invokeChannelRead(AbstractChannelHandlerContext.java:442)
	at io.netty.channel.AbstractChannelHandlerContext.invokeChannelRead(AbstractChannelHandlerContext.java:420)
	at io.netty.channel.AbstractChannelHandlerContext.fireChannelRead(AbstractChannelHandlerContext.java:412)
	at io.netty.channel.DefaultChannelPipeline$HeadContext.channelRead(DefaultChannelPipeline.java:1410)
	at io.netty.channel.AbstractChannelHandlerContext.invokeChannelRead(AbstractChannelHandlerContext.java:440)
	at io.netty.channel.AbstractChannelHandlerContext.invokeChannelRead(AbstractChannelHandlerContext.java:420)
	at io.netty.channel.DefaultChannelPipeline.fireChannelRead(DefaultChannelPipeline.java:919)
	at io.netty.channel.epoll.AbstractEpollStreamChannel$EpollStreamUnsafe.epollInReady(AbstractEpollStreamChannel.java:801)
	at io.netty.channel.epoll.EpollEventLoop.processReady(EpollEventLoop.java:501)
	at io.netty.channel.epoll.EpollEventLoop.run(EpollEventLoop.java:399)
	at io.netty.util.concurrent.SingleThreadEventExecutor$4.run(SingleThreadEventExecutor.java:997)
	at io.netty.util.internal.ThreadExecutorMap$2.run(ThreadExecutorMap.java:74)
	at io.netty.util.concurrent.FastThreadLocalRunnable.run(FastThreadLocalRunnable.java:30)
	at java.base/java.lang.Thread.run(Thread.java:1583)
	Suppressed: java.lang.Exception: #block terminated with an error
		at reactor.core.publisher.BlockingSingleSubscriber.blockingGet(BlockingSingleSubscriber.java:104)
		at reactor.core.publisher.Mono.block(Mono.java:1779)
		at com.marketinghub.facebookadsworker.FacebookAdsService.executeGetAbsolute(FacebookAdsService.java:2981)
		at com.marketinghub.facebookadsworker.FacebookAdsService.executeTargetingSpecGet(FacebookAdsService.java:1684)
		at com.marketinghub.facebookadsworker.FacebookAdsService.validateTargetingSpec(FacebookAdsService.java:1650)
		at com.marketinghub.facebookadsworker.FacebookAdsServiceTest.lambda$validateTargetingSpecDoesNotRetryWhenInvalidInterestIdIsMissing$1(FacebookAdsServiceTest.java:1302)
		at org.junit.jupiter.api.AssertThrows.assertThrows(AssertThrows.java:53)
		at org.junit.jupiter.api.AssertThrows.assertThrows(AssertThrows.java:35)
		at org.junit.jupiter.api.Assertions.assertThrows(Assertions.java:3115)
		at com.marketinghub.facebookadsworker.FacebookAdsServiceTest.validateTargetingSpecDoesNotRetryWhenInvalidInterestIdIsMissing(FacebookAdsServiceTest.java:1300)
		at java.base/jdk.internal.reflect.DirectMethodHandleAccessor.invoke(DirectMethodHandleAccessor.java:103)
		at java.base/java.lang.reflect.Method.invoke(Method.java:580)
		at org.junit.platform.commons.util.ReflectionUtils.invokeMethod(ReflectionUtils.java:728)
		at org.junit.jupiter.engine.execution.MethodInvocation.proceed(MethodInvocation.java:60)
		at org.junit.jupiter.engine.execution.InvocationInterceptorChain$ValidatingInvocation.proceed(InvocationInterceptorChain.java:131)
		at org.junit.jupiter.engine.extension.TimeoutExtension.intercept(TimeoutExtension.java:156)
		at org.junit.jupiter.engine.extension.TimeoutExtension.interceptTestableMethod(TimeoutExtension.java:147)
		at org.junit.jupiter.engine.extension.TimeoutExtension.interceptTestMethod(TimeoutExtension.java:86)
		at org.junit.jupiter.engine.execution.InterceptingExecutableInvoker$ReflectiveInterceptorCall.lambda$ofVoidMethod$0(InterceptingExecutableInvoker.java:103)
		at org.junit.jupiter.engine.execution.InterceptingExecutableInvoker.lambda$invoke$0(InterceptingExecutableInvoker.java:93)
		at org.junit.jupiter.engine.execution.InvocationInterceptorChain$InterceptedInvocation.proceed(InvocationInterceptorChain.java:106)
		at org.junit.jupiter.engine.execution.InvocationInterceptorChain.proceed(InvocationInterceptorChain.java:64)
		at org.junit.jupiter.engine.execution.InvocationInterceptorChain.chainAndInvoke(InvocationInterceptorChain.java:45)
		at org.junit.jupiter.engine.execution.InvocationInterceptorChain.invoke(InvocationInterceptorChain.java:37)
		at org.junit.jupiter.engine.execution.InterceptingExecutableInvoker.invoke(InterceptingExecutableInvoker.java:92)
		at org.junit.jupiter.engine.execution.InterceptingExecutableInvoker.invoke(InterceptingExecutableInvoker.java:86)
		at org.junit.jupiter.engine.descriptor.TestMethodTestDescriptor.lambda$invokeTestMethod$7(TestMethodTestDescriptor.java:218)
		at org.junit.platform.engine.support.hierarchical.ThrowableCollector.execute(ThrowableCollector.java:73)
		at org.junit.jupiter.engine.descriptor.TestMethodTestDescriptor.invokeTestMethod(TestMethodTestDescriptor.java:214)
		at org.junit.jupiter.engine.descriptor.TestMethodTestDescriptor.execute(TestMethodTestDescriptor.java:139)
		at org.junit.jupiter.engine.descriptor.TestMethodTestDescriptor.execute(TestMethodTestDescriptor.java:69)
		at org.junit.platform.engine.support.hierarchical.NodeTestTask.lambda$executeRecursively$6(NodeTestTask.java:151)
		at org.junit.platform.engine.support.hierarchical.ThrowableCollector.execute(ThrowableCollector.java:73)
		at org.junit.platform.engine.support.hierarchical.NodeTestTask.lambda$executeRecursively$8(NodeTestTask.java:141)
		at org.junit.platform.engine.support.hierarchical.Node.around(Node.java:137)
		at org.junit.platform.engine.support.hierarchical.NodeTestTask.lambda$executeRecursively$9(NodeTestTask.java:139)
		at org.junit.platform.engine.support.hierarchical.ThrowableCollector.execute(ThrowableCollector.java:73)
		at org.junit.platform.engine.support.hierarchical.NodeTestTask.executeRecursively(NodeTestTask.java:138)
		at org.junit.platform.engine.support.hierarchical.NodeTestTask.execute(NodeTestTask.java:95)
		at java.base/java.util.ArrayList.forEach(ArrayList.java:1596)
		at org.junit.platform.engine.support.hierarchical.SameThreadHierarchicalTestExecutorService.invokeAll(SameThreadHierarchicalTestExecutorService.java:41)
		at org.junit.platform.engine.support.hierarchical.NodeTestTask.lambda$executeRecursively$6(NodeTestTask.java:155)
		at org.junit.platform.engine.support.hierarchical.ThrowableCollector.execute(ThrowableCollector.java:73)
		at org.junit.platform.engine.support.hierarchical.NodeTestTask.lambda$executeRecursively$8(NodeTestTask.java:141)
		at org.junit.platform.engine.support.hierarchical.Node.around(Node.java:137)
		at org.junit.platform.engine.support.hierarchical.NodeTestTask.lambda$executeRecursively$9(NodeTestTask.java:139)
		at org.junit.platform.engine.support.hierarchical.ThrowableCollector.execute(ThrowableCollector.java:73)
		at org.junit.platform.engine.support.hierarchical.NodeTestTask.executeRecursively(NodeTestTask.java:138)
		at org.junit.platform.engine.support.hierarchical.NodeTestTask.execute(NodeTestTask.java:95)
		at java.base/java.util.ArrayList.forEach(ArrayList.java:1596)
		at org.junit.platform.engine.support.hierarchical.SameThreadHierarchicalTestExecutorService.invokeAll(SameThreadHierarchicalTestExecutorService.java:41)
		at org.junit.platform.engine.support.hierarchical.NodeTestTask.lambda$executeRecursively$6(NodeTestTask.java:155)
		at org.junit.platform.engine.support.hierarchical.ThrowableCollector.execute(ThrowableCollector.java:73)
		at org.junit.platform.engine.support.hierarchical.NodeTestTask.lambda$executeRecursively$8(NodeTestTask.java:141)
		at org.junit.platform.engine.support.hierarchical.Node.around(Node.java:137)
		at org.junit.platform.engine.support.hierarchical.NodeTestTask.lambda$executeRecursively$9(NodeTestTask.java:139)
		at org.junit.platform.engine.support.hierarchical.ThrowableCollector.execute(ThrowableCollector.java:73)
		at org.junit.platform.engine.support.hierarchical.NodeTestTask.executeRecursively(NodeTestTask.java:138)
		at org.junit.platform.engine.support.hierarchical.NodeTestTask.execute(NodeTestTask.java:95)
		at org.junit.platform.engine.support.hierarchical.SameThreadHierarchicalTestExecutorService.submit(SameThreadHierarchicalTestExecutorService.java:35)
		at org.junit.platform.engine.support.hierarchical.HierarchicalTestExecutor.execute(HierarchicalTestExecutor.java:57)
		at org.junit.platform.engine.support.hierarchical.HierarchicalTestEngine.execute(HierarchicalTestEngine.java:54)
		at org.junit.platform.launcher.core.EngineExecutionOrchestrator.execute(EngineExecutionOrchestrator.java:198)
		at org.junit.platform.launcher.core.EngineExecutionOrchestrator.execute(EngineExecutionOrchestrator.java:169)
		at org.junit.platform.launcher.core.EngineExecutionOrchestrator.execute(EngineExecutionOrchestrator.java:93)
		at org.junit.platform.launcher.core.EngineExecutionOrchestrator.lambda$execute$0(EngineExecutionOrchestrator.java:58)
		at org.junit.platform.launcher.core.EngineExecutionOrchestrator.withInterceptedStreams(EngineExecutionOrchestrator.java:141)
		at org.junit.platform.launcher.core.EngineExecutionOrchestrator.execute(EngineExecutionOrchestrator.java:57)
		at org.junit.platform.launcher.core.DefaultLauncher.execute(DefaultLauncher.java:103)
		at org.junit.platform.launcher.core.DefaultLauncher.execute(DefaultLauncher.java:85)
		at org.junit.platform.launcher.core.DelegatingLauncher.execute(DelegatingLauncher.java:47)
		at org.apache.maven.surefire.junitplatform.LazyLauncher.execute(LazyLauncher.java:56)
		at org.apache.maven.surefire.junitplatform.JUnitPlatformProvider.execute(JUnitPlatformProvider.java:184)
		at org.apache.maven.surefire.junitplatform.JUnitPlatformProvider.invokeAllTests(JUnitPlatformProvider.java:148)
		at org.apache.maven.surefire.junitplatform.JUnitPlatformProvider.invoke(JUnitPlatformProvider.java:122)
		at org.apache.maven.surefire.booter.ForkedBooter.runSuitesInProcess(ForkedBooter.java:385)
		at org.apache.maven.surefire.booter.ForkedBooter.execute(ForkedBooter.java:162)
		at org.apache.maven.surefire.booter.ForkedBooter.run(ForkedBooter.java:507)
		at org.apache.maven.surefire.booter.ForkedBooter.main(ForkedBooter.java:495)
]]></system-out>
  </testcase>
  <testcase name="createAdSetRemovesNonNumericRegionsFromTargeting" classname="com.marketinghub.facebookadsworker.FacebookAdsServiceTest" time="0.009">
    <system-out><![CDATA[23:14:51.682 [main] INFO com.marketinghub.facebookadsworker.FacebookAdsService -- Configured Facebook Graph API version: v23.0
23:14:51.682 [main] INFO com.marketinghub.facebookadsworker.FacebookAdsService -- Facebook access token updated: previousToken=null, newToken=***
23:14:51.683 [main] WARN com.marketinghub.facebookadsworker.FacebookAdsService -- Skipping Facebook region targeting entry because key is not numeric: {"key":"SP"}
23:14:51.684 [main] WARN com.marketinghub.facebookadsworker.FacebookAdsService -- Ignoring bid_amount for ad set 'Camp - Ad Set' because the lowest cost strategy does not accept manual bids
23:14:51.684 [main] INFO com.marketinghub.facebookadsworker.FacebookAdsService -- Sending POST request to Facebook API: path==>/v23.0/act_1/adsets, body={"optimization_goal":"LINK_CLICKS","access_token":"***","destination_type":"WEBSITE","targeting":{"targeting_automation":{"advantage_audience":0},"geo_locations":{"regions":[{"key":123},{"key":456}],"countries":["BR"]},"publisher_platforms":["instagram"],"instagram_positions":["stream","story","reels","explore"]},"billing_event":"IMPRESSIONS","bid_strategy":"LOWEST_COST_WITHOUT_CAP","promoted_object":{"page_id":"42"},"name":"Camp - Ad Set","daily_budget":"1500","campaign_id":"123","status":"ACTIVE"}
23:14:51.688 [main] INFO com.marketinghub.facebookadsworker.FacebookAdsService -- Facebook API response received: method=POST, path<==/v23.0/act_1/adsets, status=200 200 OK, headers={"Content-Length":["***"],"Content-Type":["app...son"]}, body={"id":"555"}
]]></system-out>
  </testcase>
  <testcase name="publishInstantFormSkipsPostWhenAlreadyActive" classname="com.marketinghub.facebookadsworker.FacebookAdsServiceTest" time="0.107">
    <system-out><![CDATA[23:14:51.692 [main] INFO com.marketinghub.facebookadsworker.FacebookAdsService -- Configured Facebook Graph API version: v23.0
23:14:51.692 [main] INFO com.marketinghub.facebookadsworker.FacebookAdsService -- Facebook access token updated: previousToken=null, newToken=***
23:14:51.692 [main] INFO com.marketinghub.facebookadsworker.FacebookAdsService -- Sending GET request to Facebook API: path==>/v23.0/123?access_***=***
23:14:51.695 [main] INFO com.marketinghub.facebookadsworker.FacebookAdsService -- Facebook API response received: method=GET, path<==/v23.0/123?access_***=***, status=200 200 OK, headers={"Content-Length":["***"],"Content-Type":["app...son"]}, body={"status":"ACTIVE"}
23:14:51.696 [main] INFO com.marketinghub.facebookadsworker.FacebookAdsService -- Instant form 123 is already ACTIVE on Facebook; skipping publication request.
]]></system-out>
  </testcase>
  <testcase name="publishInstantFormPostsWhenStatusIsNotActive" classname="com.marketinghub.facebookadsworker.FacebookAdsServiceTest" time="0.052">
    <system-out><![CDATA[23:14:51.798 [main] INFO com.marketinghub.facebookadsworker.FacebookAdsService -- Configured Facebook Graph API version: v23.0
23:14:51.798 [main] INFO com.marketinghub.facebookadsworker.FacebookAdsService -- Facebook access token updated: previousToken=null, newToken=***
23:14:51.799 [main] INFO com.marketinghub.facebookadsworker.FacebookAdsService -- Sending GET request to Facebook API: path==>/v23.0/123?access_***=***
23:14:51.803 [main] INFO com.marketinghub.facebookadsworker.FacebookAdsService -- Facebook API response received: method=GET, path<==/v23.0/123?access_***=***, status=200 200 OK, headers={"Content-Length":["***"],"Content-Type":["app...son"]}, body={"status":"DRAFT"}
23:14:51.803 [main] INFO com.marketinghub.facebookadsworker.FacebookAdsService -- Sending POST request to Facebook API: path==>/v23.0/123, body={"access_token":"***","status":"ACTIVE"}
23:14:51.847 [main] INFO com.marketinghub.facebookadsworker.FacebookAdsService -- Facebook API response received: method=POST, path<==/v23.0/123, status=200 200 OK, headers={"Content-Length":["***"],"Content-Type":["app...son"]}, body={"success":true}
]]></system-out>
  </testcase>
  <testcase name="uploadAdImageReturnsFirstHash" classname="com.marketinghub.facebookadsworker.FacebookAdsServiceTest" time="0.007">
    <system-out><![CDATA[23:14:51.850 [main] INFO com.marketinghub.facebookadsworker.FacebookAdsService -- Configured Facebook Graph API version: v23.0
23:14:51.850 [main] INFO com.marketinghub.facebookadsworker.FacebookAdsService -- Facebook access token updated: previousToken=null, newToken=***
23:14:51.851 [main] INFO com.marketinghub.facebookadsworker.FacebookAdsService -- Sending POST request to Facebook API: path==>/v23.0/act_1/adimages, body={"access_token":"***","url":"https://cdn.example/img.jpg"}
23:14:51.855 [main] INFO com.marketinghub.facebookadsworker.FacebookAdsService -- Facebook API response received: method=POST, path<==/v23.0/act_1/adimages, status=200 200 OK, headers={"Content-Length":["***"],"Content-Type":["app...son"]}, body={"images":{"image1":{"hash":"abc"}}}
]]></system-out>
  </testcase>
  <testcase name="createAdSetPostsCorrectRequest" classname="com.marketinghub.facebookadsworker.FacebookAdsServiceTest" time="0.006">
    <system-out><![CDATA[23:14:51.857 [main] INFO com.marketinghub.facebookadsworker.FacebookAdsService -- Configured Facebook Graph API version: v23.0
23:14:51.857 [main] INFO com.marketinghub.facebookadsworker.FacebookAdsService -- Facebook access token updated: previousToken=null, newToken=***
23:14:51.857 [main] WARN com.marketinghub.facebookadsworker.FacebookAdsService -- Ignoring bid_amount for ad set 'Camp - Ad Set' because the lowest cost strategy does not accept manual bids
23:14:51.858 [main] INFO com.marketinghub.facebookadsworker.FacebookAdsService -- Sending POST request to Facebook API: path==>/v23.0/act_1/adsets, body={"optimization_goal":"LINK_CLICKS","access_token":"***","destination_type":"WEBSITE","targeting":{"targeting_automation":{"advantage_audience":0},"geo_locations":{"countries":["BR"]},"publisher_platforms":["instagram"],"instagram_positions":["stream","story","reels","explore"]},"billing_event":"IMPRESSIONS","bid_strategy":"LOWEST_COST_WITHOUT_CAP","promoted_object":{"page_id":"42"},"name":"Camp - Ad Set","daily_budget":"1500","campaign_id":"123","status":"ACTIVE"}
23:14:51.861 [main] INFO com.marketinghub.facebookadsworker.FacebookAdsService -- Facebook API response received: method=POST, path<==/v23.0/act_1/adsets, status=200 200 OK, headers={"Content-Length":["***"],"Content-Type":["app...son"]}, body={"id":"222"}
]]></system-out>
  </testcase>
  <testcase name="createAdSetRetriesRemovingAdvantageAudienceWhenAgeCapErrorOccurs" classname="com.marketinghub.facebookadsworker.FacebookAdsServiceTest" time="0.052">
    <system-out><![CDATA[23:14:51.863 [main] INFO com.marketinghub.facebookadsworker.FacebookAdsService -- Configured Facebook Graph API version: v23.0
23:14:51.863 [main] INFO com.marketinghub.facebookadsworker.FacebookAdsService -- Facebook access token updated: previousToken=null, newToken=***
23:14:51.865 [main] INFO com.marketinghub.facebookadsworker.FacebookAdsService -- Sending POST request to Facebook API: path==>/v23.0/act_1/adsets, body={"optimization_goal":"LINK_CLICKS","access_token":"***","destination_type":"WEBSITE","targeting":{"targeting_automation":{"advantage_audience":0},"geo_locations":{"countries":["BR"]},"publisher_platforms":["instagram"],"instagram_positions":["stream","story","reels","explore"]},"billing_event":"IMPRESSIONS","bid_strategy":"LOWEST_COST_WITHOUT_CAP","promoted_object":{"page_id":"42"},"name":"Camp - Advantage","daily_budget":"1500","campaign_id":"123","status":"ACTIVE"}
23:14:51.869 [main] ERROR com.marketinghub.facebookadsworker.FacebookAdsService -- Facebook API POST request failed: path<==/v23.0/act_1/adsets, status=400, responseBody={"e...9}}, errorDetails={"code":100,"error_subcode":1870189,"message":"Invalid parameter"}, headers={"Content-Length":["***"],"Content-Type":["app...son"]}
org.springframework.web.reactive.function.client.WebClientResponseException$BadRequest: 400 Bad Request from POST http://localhost:57613/v23.0/act_1/adsets
	at org.springframework.web.reactive.function.client.WebClientResponseException.create(WebClientResponseException.java:307)
	at org.springframework.web.reactive.function.client.DefaultClientResponse.lambda$createException$1(DefaultClientResponse.java:214)
	at reactor.core.publisher.FluxMap$MapSubscriber.onNext(FluxMap.java:106)
	at reactor.core.publisher.FluxOnErrorReturn$ReturnSubscriber.onNext(FluxOnErrorReturn.java:162)
	at reactor.core.publisher.FluxDefaultIfEmpty$DefaultIfEmptySubscriber.onNext(FluxDefaultIfEmpty.java:122)
	at reactor.core.publisher.FluxOnAssembly$OnAssemblySubscriber.onNext(FluxOnAssembly.java:539)
	at reactor.core.publisher.FluxMapFuseable$MapFuseableSubscriber.onNext(FluxMapFuseable.java:129)
	at reactor.core.publisher.FluxContextWrite$ContextWriteSubscriber.onNext(FluxContextWrite.java:107)
	at reactor.core.publisher.FluxMapFuseable$MapFuseableConditionalSubscriber.onNext(FluxMapFuseable.java:299)
	at reactor.core.publisher.FluxFilterFuseable$FilterFuseableConditionalSubscriber.onNext(FluxFilterFuseable.java:337)
	at reactor.core.publisher.Operators$BaseFluxToMonoOperator.completePossiblyEmpty(Operators.java:2097)
	at reactor.core.publisher.MonoCollect$CollectSubscriber.onComplete(MonoCollect.java:145)
	at reactor.core.publisher.FluxMap$MapSubscriber.onComplete(FluxMap.java:144)
	at reactor.core.publisher.FluxPeek$PeekSubscriber.onComplete(FluxPeek.java:260)
	at reactor.core.publisher.FluxMap$MapSubscriber.onComplete(FluxMap.java:144)
	at reactor.netty.channel.FluxReceive.onInboundComplete(FluxReceive.java:415)
	at reactor.netty.channel.ChannelOperations.onInboundComplete(ChannelOperations.java:446)
	at reactor.netty.channel.ChannelOperations.terminate(ChannelOperations.java:500)
	at reactor.netty.http.client.HttpClientOperations.onInboundNext(HttpClientOperations.java:793)
	at reactor.netty.channel.ChannelOperationsHandler.channelRead(ChannelOperationsHandler.java:114)
	at io.netty.channel.AbstractChannelHandlerContext.invokeChannelRead(AbstractChannelHandlerContext.java:444)
	at io.netty.channel.AbstractChannelHandlerContext.invokeChannelRead(AbstractChannelHandlerContext.java:420)
	at io.netty.channel.AbstractChannelHandlerContext.fireChannelRead(AbstractChannelHandlerContext.java:412)
	at io.netty.handler.codec.MessageToMessageDecoder.channelRead(MessageToMessageDecoder.java:103)
	at io.netty.channel.AbstractChannelHandlerContext.invokeChannelRead(AbstractChannelHandlerContext.java:444)
	at io.netty.channel.AbstractChannelHandlerContext.invokeChannelRead(AbstractChannelHandlerContext.java:420)
	at io.netty.channel.AbstractChannelHandlerContext.fireChannelRead(AbstractChannelHandlerContext.java:412)
	at io.netty.channel.CombinedChannelDuplexHandler$DelegatingChannelHandlerContext.fireChannelRead(CombinedChannelDuplexHandler.java:436)
	at io.netty.handler.codec.ByteToMessageDecoder.fireChannelRead(ByteToMessageDecoder.java:346)
	at io.netty.handler.codec.ByteToMessageDecoder.channelRead(ByteToMessageDecoder.java:318)
	at io.netty.channel.CombinedChannelDuplexHandler.channelRead(CombinedChannelDuplexHandler.java:251)
	at io.netty.channel.AbstractChannelHandlerContext.invokeChannelRead(AbstractChannelHandlerContext.java:442)
	at io.netty.channel.AbstractChannelHandlerContext.invokeChannelRead(AbstractChannelHandlerContext.java:420)
	at io.netty.channel.AbstractChannelHandlerContext.fireChannelRead(AbstractChannelHandlerContext.java:412)
	at io.netty.channel.DefaultChannelPipeline$HeadContext.channelRead(DefaultChannelPipeline.java:1410)
	at io.netty.channel.AbstractChannelHandlerContext.invokeChannelRead(AbstractChannelHandlerContext.java:440)
	at io.netty.channel.AbstractChannelHandlerContext.invokeChannelRead(AbstractChannelHandlerContext.java:420)
	at io.netty.channel.DefaultChannelPipeline.fireChannelRead(DefaultChannelPipeline.java:919)
	at io.netty.channel.epoll.AbstractEpollStreamChannel$EpollStreamUnsafe.epollInReady(AbstractEpollStreamChannel.java:801)
	at io.netty.channel.epoll.EpollEventLoop.processReady(EpollEventLoop.java:501)
	at io.netty.channel.epoll.EpollEventLoop.run(EpollEventLoop.java:399)
	at io.netty.util.concurrent.SingleThreadEventExecutor$4.run(SingleThreadEventExecutor.java:997)
	at io.netty.util.internal.ThreadExecutorMap$2.run(ThreadExecutorMap.java:74)
	at io.netty.util.concurrent.FastThreadLocalRunnable.run(FastThreadLocalRunnable.java:30)
	at java.base/java.lang.Thread.run(Thread.java:1583)
	Suppressed: java.lang.Exception: #block terminated with an error
		at reactor.core.publisher.BlockingSingleSubscriber.blockingGet(BlockingSingleSubscriber.java:104)
		at reactor.core.publisher.Mono.block(Mono.java:1779)
		at com.marketinghub.facebookadsworker.FacebookAdsService.executePost(FacebookAdsService.java:2630)
		at com.marketinghub.facebookadsworker.FacebookAdsService.executeAdSetPost(FacebookAdsService.java:377)
		at com.marketinghub.facebookadsworker.FacebookAdsService.createAdSet(FacebookAdsService.java:352)
		at com.marketinghub.facebookadsworker.FacebookAdsServiceTest.createAdSetRetriesRemovingAdvantageAudienceWhenAgeCapErrorOccurs(FacebookAdsServiceTest.java:388)
		at java.base/jdk.internal.reflect.DirectMethodHandleAccessor.invoke(DirectMethodHandleAccessor.java:103)
		at java.base/java.lang.reflect.Method.invoke(Method.java:580)
		at org.junit.platform.commons.util.ReflectionUtils.invokeMethod(ReflectionUtils.java:728)
		at org.junit.jupiter.engine.execution.MethodInvocation.proceed(MethodInvocation.java:60)
		at org.junit.jupiter.engine.execution.InvocationInterceptorChain$ValidatingInvocation.proceed(InvocationInterceptorChain.java:131)
		at org.junit.jupiter.engine.extension.TimeoutExtension.intercept(TimeoutExtension.java:156)
		at org.junit.jupiter.engine.extension.TimeoutExtension.interceptTestableMethod(TimeoutExtension.java:147)
		at org.junit.jupiter.engine.extension.TimeoutExtension.interceptTestMethod(TimeoutExtension.java:86)
		at org.junit.jupiter.engine.execution.InterceptingExecutableInvoker$ReflectiveInterceptorCall.lambda$ofVoidMethod$0(InterceptingExecutableInvoker.java:103)
		at org.junit.jupiter.engine.execution.InterceptingExecutableInvoker.lambda$invoke$0(InterceptingExecutableInvoker.java:93)
		at org.junit.jupiter.engine.execution.InvocationInterceptorChain$InterceptedInvocation.proceed(InvocationInterceptorChain.java:106)
		at org.junit.jupiter.engine.execution.InvocationInterceptorChain.proceed(InvocationInterceptorChain.java:64)
		at org.junit.jupiter.engine.execution.InvocationInterceptorChain.chainAndInvoke(InvocationInterceptorChain.java:45)
		at org.junit.jupiter.engine.execution.InvocationInterceptorChain.invoke(InvocationInterceptorChain.java:37)
		at org.junit.jupiter.engine.execution.InterceptingExecutableInvoker.invoke(InterceptingExecutableInvoker.java:92)
		at org.junit.jupiter.engine.execution.InterceptingExecutableInvoker.invoke(InterceptingExecutableInvoker.java:86)
		at org.junit.jupiter.engine.descriptor.TestMethodTestDescriptor.lambda$invokeTestMethod$7(TestMethodTestDescriptor.java:218)
		at org.junit.platform.engine.support.hierarchical.ThrowableCollector.execute(ThrowableCollector.java:73)
		at org.junit.jupiter.engine.descriptor.TestMethodTestDescriptor.invokeTestMethod(TestMethodTestDescriptor.java:214)
		at org.junit.jupiter.engine.descriptor.TestMethodTestDescriptor.execute(TestMethodTestDescriptor.java:139)
		at org.junit.jupiter.engine.descriptor.TestMethodTestDescriptor.execute(TestMethodTestDescriptor.java:69)
		at org.junit.platform.engine.support.hierarchical.NodeTestTask.lambda$executeRecursively$6(NodeTestTask.java:151)
		at org.junit.platform.engine.support.hierarchical.ThrowableCollector.execute(ThrowableCollector.java:73)
		at org.junit.platform.engine.support.hierarchical.NodeTestTask.lambda$executeRecursively$8(NodeTestTask.java:141)
		at org.junit.platform.engine.support.hierarchical.Node.around(Node.java:137)
		at org.junit.platform.engine.support.hierarchical.NodeTestTask.lambda$executeRecursively$9(NodeTestTask.java:139)
		at org.junit.platform.engine.support.hierarchical.ThrowableCollector.execute(ThrowableCollector.java:73)
		at org.junit.platform.engine.support.hierarchical.NodeTestTask.executeRecursively(NodeTestTask.java:138)
		at org.junit.platform.engine.support.hierarchical.NodeTestTask.execute(NodeTestTask.java:95)
		at java.base/java.util.ArrayList.forEach(ArrayList.java:1596)
		at org.junit.platform.engine.support.hierarchical.SameThreadHierarchicalTestExecutorService.invokeAll(SameThreadHierarchicalTestExecutorService.java:41)
		at org.junit.platform.engine.support.hierarchical.NodeTestTask.lambda$executeRecursively$6(NodeTestTask.java:155)
		at org.junit.platform.engine.support.hierarchical.ThrowableCollector.execute(ThrowableCollector.java:73)
		at org.junit.platform.engine.support.hierarchical.NodeTestTask.lambda$executeRecursively$8(NodeTestTask.java:141)
		at org.junit.platform.engine.support.hierarchical.Node.around(Node.java:137)
		at org.junit.platform.engine.support.hierarchical.NodeTestTask.lambda$executeRecursively$9(NodeTestTask.java:139)
		at org.junit.platform.engine.support.hierarchical.ThrowableCollector.execute(ThrowableCollector.java:73)
		at org.junit.platform.engine.support.hierarchical.NodeTestTask.executeRecursively(NodeTestTask.java:138)
		at org.junit.platform.engine.support.hierarchical.NodeTestTask.execute(NodeTestTask.java:95)
		at java.base/java.util.ArrayList.forEach(ArrayList.java:1596)
		at org.junit.platform.engine.support.hierarchical.SameThreadHierarchicalTestExecutorService.invokeAll(SameThreadHierarchicalTestExecutorService.java:41)
		at org.junit.platform.engine.support.hierarchical.NodeTestTask.lambda$executeRecursively$6(NodeTestTask.java:155)
		at org.junit.platform.engine.support.hierarchical.ThrowableCollector.execute(ThrowableCollector.java:73)
		at org.junit.platform.engine.support.hierarchical.NodeTestTask.lambda$executeRecursively$8(NodeTestTask.java:141)
		at org.junit.platform.engine.support.hierarchical.Node.around(Node.java:137)
		at org.junit.platform.engine.support.hierarchical.NodeTestTask.lambda$executeRecursively$9(NodeTestTask.java:139)
		at org.junit.platform.engine.support.hierarchical.ThrowableCollector.execute(ThrowableCollector.java:73)
		at org.junit.platform.engine.support.hierarchical.NodeTestTask.executeRecursively(NodeTestTask.java:138)
		at org.junit.platform.engine.support.hierarchical.NodeTestTask.execute(NodeTestTask.java:95)
		at org.junit.platform.engine.support.hierarchical.SameThreadHierarchicalTestExecutorService.submit(SameThreadHierarchicalTestExecutorService.java:35)
		at org.junit.platform.engine.support.hierarchical.HierarchicalTestExecutor.execute(HierarchicalTestExecutor.java:57)
[...]
	at io.netty.channel.epoll.EpollEventLoop.processReady(EpollEventLoop.java:501)
	at io.netty.channel.epoll.EpollEventLoop.run(EpollEventLoop.java:399)
	at io.netty.util.concurrent.SingleThreadEventExecutor$4.run(SingleThreadEventExecutor.java:997)
	at io.netty.util.internal.ThreadExecutorMap$2.run(ThreadExecutorMap.java:74)
	at io.netty.util.concurrent.FastThreadLocalRunnable.run(FastThreadLocalRunnable.java:30)
	at java.base/java.lang.Thread.run(Thread.java:1583)
	Suppressed: java.lang.Exception: #block terminated with an error
		at reactor.core.publisher.BlockingSingleSubscriber.blockingGet(BlockingSingleSubscriber.java:104)
		at reactor.core.publisher.Mono.block(Mono.java:1779)
		at com.marketinghub.facebookadsworker.FacebookAdsService.executeGetAbsolute(FacebookAdsService.java:2981)
		at com.marketinghub.facebookadsworker.FacebookAdsService.executeTargetingSpecGet(FacebookAdsService.java:1684)
		at com.marketinghub.facebookadsworker.FacebookAdsService.estimateReach(FacebookAdsService.java:1666)
		at com.marketinghub.facebookadsworker.FacebookAdsServiceTest.estimateReachRetriesWithoutInvalidWorkPositionWhenMessageUsesUnicodeEscapes(FacebookAdsServiceTest.java:1259)
		at java.base/jdk.internal.reflect.DirectMethodHandleAccessor.invoke(DirectMethodHandleAccessor.java:103)
		at java.base/java.lang.reflect.Method.invoke(Method.java:580)
		at org.junit.platform.commons.util.ReflectionUtils.invokeMethod(ReflectionUtils.java:728)
		at org.junit.jupiter.engine.execution.MethodInvocation.proceed(MethodInvocation.java:60)
		at org.junit.jupiter.engine.execution.InvocationInterceptorChain$ValidatingInvocation.proceed(InvocationInterceptorChain.java:131)
		at org.junit.jupiter.engine.extension.TimeoutExtension.intercept(TimeoutExtension.java:156)
		at org.junit.jupiter.engine.extension.TimeoutExtension.interceptTestableMethod(TimeoutExtension.java:147)
		at org.junit.jupiter.engine.extension.TimeoutExtension.interceptTestMethod(TimeoutExtension.java:86)
		at org.junit.jupiter.engine.execution.InterceptingExecutableInvoker$ReflectiveInterceptorCall.lambda$ofVoidMethod$0(InterceptingExecutableInvoker.java:103)
		at org.junit.jupiter.engine.execution.InterceptingExecutableInvoker.lambda$invoke$0(InterceptingExecutableInvoker.java:93)
		at org.junit.jupiter.engine.execution.InvocationInterceptorChain$InterceptedInvocation.proceed(InvocationInterceptorChain.java:106)
		at org.junit.jupiter.engine.execution.InvocationInterceptorChain.proceed(InvocationInterceptorChain.java:64)
		at org.junit.jupiter.engine.execution.InvocationInterceptorChain.chainAndInvoke(InvocationInterceptorChain.java:45)
		at org.junit.jupiter.engine.execution.InvocationInterceptorChain.invoke(InvocationInterceptorChain.java:37)
		at org.junit.jupiter.engine.execution.InterceptingExecutableInvoker.invoke(InterceptingExecutableInvoker.java:92)
		at org.junit.jupiter.engine.execution.InterceptingExecutableInvoker.invoke(InterceptingExecutableInvoker.java:86)
		at org.junit.jupiter.engine.descriptor.TestMethodTestDescriptor.lambda$invokeTestMethod$7(TestMethodTestDescriptor.java:218)
		at org.junit.platform.engine.support.hierarchical.ThrowableCollector.execute(ThrowableCollector.java:73)
		at org.junit.jupiter.engine.descriptor.TestMethodTestDescriptor.invokeTestMethod(TestMethodTestDescriptor.java:214)
		at org.junit.jupiter.engine.descriptor.TestMethodTestDescriptor.execute(TestMethodTestDescriptor.java:139)
		at org.junit.jupiter.engine.descriptor.TestMethodTestDescriptor.execute(TestMethodTestDescriptor.java:69)
		at org.junit.platform.engine.support.hierarchical.NodeTestTask.lambda$executeRecursively$6(NodeTestTask.java:151)
		at org.junit.platform.engine.support.hierarchical.ThrowableCollector.execute(ThrowableCollector.java:73)
		at org.junit.platform.engine.support.hierarchical.NodeTestTask.lambda$executeRecursively$8(NodeTestTask.java:141)
		at org.junit.platform.engine.support.hierarchical.Node.around(Node.java:137)
		at org.junit.platform.engine.support.hierarchical.NodeTestTask.lambda$executeRecursively$9(NodeTestTask.java:139)
		at org.junit.platform.engine.support.hierarchical.ThrowableCollector.execute(ThrowableCollector.java:73)
		at org.junit.platform.engine.support.hierarchical.NodeTestTask.executeRecursively(NodeTestTask.java:138)
		at org.junit.platform.engine.support.hierarchical.NodeTestTask.execute(NodeTestTask.java:95)
		at java.base/java.util.ArrayList.forEach(ArrayList.java:1596)
		at org.junit.platform.engine.support.hierarchical.SameThreadHierarchicalTestExecutorService.invokeAll(SameThreadHierarchicalTestExecutorService.java:41)
		at org.junit.platform.engine.support.hierarchical.NodeTestTask.lambda$executeRecursively$6(NodeTestTask.java:155)
		at org.junit.platform.engine.support.hierarchical.ThrowableCollector.execute(ThrowableCollector.java:73)
		at org.junit.platform.engine.support.hierarchical.NodeTestTask.lambda$executeRecursively$8(NodeTestTask.java:141)
		at org.junit.platform.engine.support.hierarchical.Node.around(Node.java:137)
		at org.junit.platform.engine.support.hierarchical.NodeTestTask.lambda$executeRecursively$9(NodeTestTask.java:139)
		at org.junit.platform.engine.support.hierarchical.ThrowableCollector.execute(ThrowableCollector.java:73)
		at org.junit.platform.engine.support.hierarchical.NodeTestTask.executeRecursively(NodeTestTask.java:138)
		at org.junit.platform.engine.support.hierarchical.NodeTestTask.execute(NodeTestTask.java:95)
		at java.base/java.util.ArrayList.forEach(ArrayList.java:1596)
		at org.junit.platform.engine.support.hierarchical.SameThreadHierarchicalTestExecutorService.invokeAll(SameThreadHierarchicalTestExecutorService.java:41)
		at org.junit.platform.engine.support.hierarchical.NodeTestTask.lambda$executeRecursively$6(NodeTestTask.java:155)
		at org.junit.platform.engine.support.hierarchical.ThrowableCollector.execute(ThrowableCollector.java:73)
		at org.junit.platform.engine.support.hierarchical.NodeTestTask.lambda$executeRecursively$8(NodeTestTask.java:141)
		at org.junit.platform.engine.support.hierarchical.Node.around(Node.java:137)
		at org.junit.platform.engine.support.hierarchical.NodeTestTask.lambda$executeRecursively$9(NodeTestTask.java:139)
		at org.junit.platform.engine.support.hierarchical.ThrowableCollector.execute(ThrowableCollector.java:73)
		at org.junit.platform.engine.support.hierarchical.NodeTestTask.executeRecursively(NodeTestTask.java:138)
		at org.junit.platform.engine.support.hierarchical.NodeTestTask.execute(NodeTestTask.java:95)
		at org.junit.platform.engine.support.hierarchical.SameThreadHierarchicalTestExecutorService.submit(SameThreadHierarchicalTestExecutorService.java:35)
		at org.junit.platform.engine.support.hierarchical.HierarchicalTestExecutor.execute(HierarchicalTestExecutor.java:57)
		at org.junit.platform.engine.support.hierarchical.HierarchicalTestEngine.execute(HierarchicalTestEngine.java:54)
		at org.junit.platform.launcher.core.EngineExecutionOrchestrator.execute(EngineExecutionOrchestrator.java:198)
		at org.junit.platform.launcher.core.EngineExecutionOrchestrator.execute(EngineExecutionOrchestrator.java:169)
		at org.junit.platform.launcher.core.EngineExecutionOrchestrator.execute(EngineExecutionOrchestrator.java:93)
		at org.junit.platform.launcher.core.EngineExecutionOrchestrator.lambda$execute$0(EngineExecutionOrchestrator.java:58)
		at org.junit.platform.launcher.core.EngineExecutionOrchestrator.withInterceptedStreams(EngineExecutionOrchestrator.java:141)
		at org.junit.platform.launcher.core.EngineExecutionOrchestrator.execute(EngineExecutionOrchestrator.java:57)
		at org.junit.platform.launcher.core.DefaultLauncher.execute(DefaultLauncher.java:103)
		at org.junit.platform.launcher.core.DefaultLauncher.execute(DefaultLauncher.java:85)
		at org.junit.platform.launcher.core.DelegatingLauncher.execute(DelegatingLauncher.java:47)
		at org.apache.maven.surefire.junitplatform.LazyLauncher.execute(LazyLauncher.java:56)
		at org.apache.maven.surefire.junitplatform.JUnitPlatformProvider.execute(JUnitPlatformProvider.java:184)
		at org.apache.maven.surefire.junitplatform.JUnitPlatformProvider.invokeAllTests(JUnitPlatformProvider.java:148)
		at org.apache.maven.surefire.junitplatform.JUnitPlatformProvider.invoke(JUnitPlatformProvider.java:122)
		at org.apache.maven.surefire.booter.ForkedBooter.runSuitesInProcess(ForkedBooter.java:385)
		at org.apache.maven.surefire.booter.ForkedBooter.execute(ForkedBooter.java:162)
		at org.apache.maven.surefire.booter.ForkedBooter.run(ForkedBooter.java:507)
		at org.apache.maven.surefire.booter.ForkedBooter.main(ForkedBooter.java:495)
23:14:52.382 [main] WARN com.marketinghub.facebookadsworker.FacebookAdsService -- Facebook retornou interesse inválido durante estimar alcance. Repetindo chamada com targeting_spec sanitizado.
23:14:52.383 [main] INFO com.marketinghub.facebookadsworker.FacebookAdsService -- Sending GET request to Facebook API: path==>/v23.0/act_123/reachestimate?targeting_spec=%7B%22geo_locations%22%3A%7B%22countries%22%3A%5B%22BR%22%5D%7D%2C%22age_min%22%3A18%2C%22flexible_spec%22%3A%5B%7B%22work_positions%22%3A%5B%7B%22id%22%3A%22103146456392613%22%2C%22name%22%3A%22Valid%20Job%22%7D%5D%7D%5D%7D&access_***=***
23:14:52.425 [main] INFO com.marketinghub.facebookadsworker.FacebookAdsService -- Facebook API response received: method=GET, path<==/v23.0/act_123/reachestimate?targeting_spec=%7B%22geo_locations%22%3A%7B%22countries%22%3A%5B%22BR%22%5D%7D%2C%22age_min%22%3A18%2C%22flexible_spec%22%3A%5B%7B%22work_positions%22%3A%5B%7B%22id%22%3A%22103146456392613%22%2C%22name%22%3A%22Valid%20Job%22%7D%5D%7D%5D%7D&access_***=***, status=200 200 OK, headers={"Content-Length":["***"],"Content-Type":["app...son"]}, body={"data":[{"users":1234}]}
]]></system-out>
  </testcase>
  <testcase name="createAdSetRemovesLanguagesFromTargeting" classname="com.marketinghub.facebookadsworker.FacebookAdsServiceTest" time="0.01">
    <system-out><![CDATA[23:14:52.428 [main] INFO com.marketinghub.facebookadsworker.FacebookAdsService -- Configured Facebook Graph API version: v23.0
23:14:52.428 [main] INFO com.marketinghub.facebookadsworker.FacebookAdsService -- Facebook access token updated: previousToken=null, newToken=***
23:14:52.429 [main] WARN com.marketinghub.facebookadsworker.FacebookAdsService -- Replacing unsupported targeting field 'languages' with 'locales' before sending request to Facebook
23:14:52.429 [main] WARN com.marketinghub.facebookadsworker.FacebookAdsService -- Ignoring bid_amount for ad set 'Camp - Ad Set' because the lowest cost strategy does not accept manual bids
23:14:52.430 [main] INFO com.marketinghub.facebookadsworker.FacebookAdsService -- Sending POST request to Facebook API: path==>/v23.0/act_1/adsets, body={"optimization_goal":"LINK_CLICKS","access_token":"***","destination_type":"WEBSITE","targeting":{"locales":[55,66],"targeting_automation":{"advantage_audience":0},"geo_locations":{"countries":["BR"]},"publisher_platforms":["instagram"],"instagram_positions":["stream","story","reels","explore"]},"billing_event":"IMPRESSIONS","bid_strategy":"LOWEST_COST_WITHOUT_CAP","promoted_object":{"page_id":"42"},"name":"Camp - Ad Set","daily_budget":"1500","campaign_id":"123","status":"ACTIVE"}
23:14:52.436 [main] INFO com.marketinghub.facebookadsworker.FacebookAdsService -- Facebook API response received: method=POST, path<==/v23.0/act_1/adsets, status=200 200 OK, headers={"Content-Length":["***"],"Content-Type":["app...son"]}, body={"id":"555"}
]]></system-out>
  </testcase>
  <testcase name="findInstantFormIdentifierCachesPageAccessToken" classname="com.marketinghub.facebookadsworker.FacebookAdsServiceTest" time="0.191">
    <system-out><![CDATA[23:14:52.438 [main] INFO com.marketinghub.facebookadsworker.FacebookAdsService -- Configured Facebook Graph API version: v23.0
23:14:52.438 [main] INFO com.marketinghub.facebookadsworker.FacebookAdsService -- Facebook access token updated: previousToken=null, newToken=***
23:14:52.439 [main] INFO com.marketinghub.facebookadsworker.FacebookAdsService -- Sending GET request to Facebook API: path==>/v23.0/321?fields=access_***&access_***=***
23:14:52.442 [main] INFO com.marketinghub.facebookadsworker.FacebookAdsService -- Facebook API response received: method=GET, path<==/v23.0/321?fields=access_***&access_***=***, status=200 200 OK, headers={"Content-Length":["***"],"Content-Type":["app...son"]}, body={"access_token":"cached-page-token"}
23:14:52.442 [main] INFO com.marketinghub.facebookadsworker.FacebookAdsService -- Sending GET request to Facebook API: path==>/v23.0/321/leadgen_forms?fields=id,name,status,draft_id&limit=200&access_***=cached-page-***
23:14:52.484 [main] INFO com.marketinghub.facebookadsworker.FacebookAdsService -- Facebook API response received: method=GET, path<==/v23.0/321/leadgen_forms?fields=id,name,status,draft_id&limit=200&access_***=cached-page-***, status=200 200 OK, headers={"Content-Length":["***"],"Content-Type":["app...son"]}, body={"data":[]}
23:14:52.485 [main] INFO com.marketinghub.facebookadsworker.FacebookAdsService -- Sending GET request to Facebook API: path==>/v23.0/321/leadgen_forms?fields=id,name,status,draft_id&limit=200&access_***=cached-page-***
23:14:52.527 [main] INFO com.marketinghub.facebookadsworker.FacebookAdsService -- Facebook API response received: method=GET, path<==/v23.0/321/leadgen_forms?fields=id,name,status,draft_id&limit=200&access_***=cached-page-***, status=200 200 OK, headers={"Content-Length":["***"],"Content-Type":["app...son"]}, body={"data":[]}
]]></system-out>
  </testcase>
  <testcase name="createAdCreativeUsesVideoDataWhenVideoIdIsPresent" classname="com.marketinghub.facebookadsworker.FacebookAdsServiceTest" time="0.007">
    <system-out><![CDATA[23:14:52.630 [main] INFO com.marketinghub.facebookadsworker.FacebookAdsService -- Configured Facebook Graph API version: v23.0
23:14:52.630 [main] INFO com.marketinghub.facebookadsworker.FacebookAdsService -- Facebook access token updated: previousToken=null, newToken=***
23:14:52.631 [main] INFO com.marketinghub.facebookadsworker.FacebookAdsService -- Sending POST request to Facebook API: path==>/v23.0/act_1/adcreatives, body={"object_story_spec":{"page_id":"42","instagram_user_id":"11","video_data":{"call_to_action":{"type":"LEARN_MORE","value":{"link":"https://example.com"}},"link":"https://example.com","message":"Mensagem","title":"Headline","link_description":"Descrição","video_id":"vid-123"}},"access_token":"***","name":"Camp - Video"}
23:14:52.634 [main] INFO com.marketinghub.facebookadsworker.FacebookAdsService -- Facebook API response received: method=POST, path<==/v23.0/act_1/adcreatives, status=200 200 OK, headers={"Content-Length":["***"],"Content-Type":["app...son"]}, body={"id":"778"}
]]></system-out>
  </testcase>
  <testcase name="estimateReachEncodesSpacesAsPercentTwentyInTargetingSpecQueryParam" classname="com.marketinghub.facebookadsworker.FacebookAdsServiceTest" time="0.007">
    <system-out><![CDATA[23:14:52.639 [main] INFO com.marketinghub.facebookadsworker.FacebookAdsService -- Configured Facebook Graph API version: v23.0
23:14:52.639 [main] INFO com.marketinghub.facebookadsworker.FacebookAdsService -- Facebook access token updated: previousToken=null, newToken=***
23:14:52.640 [main] INFO com.marketinghub.facebookadsworker.FacebookAdsService -- Sending GET request to Facebook API: path==>/v23.0/act_123/reachestimate?targeting_spec=%7B%22geo_locations%22%3A%7B%22countries%22%3A%5B%22BR%22%5D%7D%2C%22interests%22%3A%5B%7B%22id%22%3A%226004382299973%22%2C%22name%22%3A%22Ensino%20fundamental%22%7D%5D%7D&access_***=***
23:14:52.642 [main] INFO com.marketinghub.facebookadsworker.FacebookAdsService -- Facebook API response received: method=GET, path<==/v23.0/act_123/reachestimate?targeting_spec=%7B%22geo_locations%22%3A%7B%22countries%22%3A%5B%22BR%22%5D%7D%2C%22interests%22%3A%5B%7B%22id%22%3A%226004382299973%22%2C%22name%22%3A%22Ensino%20fundamental%22%7D%5D%7D&access_***=***, status=200 200 OK, headers={"Content-Length":["***"],"Content-Type":["app...son"]}, body={"data":[{"users":1234}]}
]]></system-out>
  </testcase>
  <testcase name="createAdSetForcesInstagramOnlyPlacements" classname="com.marketinghub.facebookadsworker.FacebookAdsServiceTest" time="0.009">
    <system-out><![CDATA[23:14:52.645 [main] INFO com.marketinghub.facebookadsworker.FacebookAdsService -- Configured Facebook Graph API version: v23.0
23:14:52.645 [main] INFO com.marketinghub.facebookadsworker.FacebookAdsService -- Facebook access token updated: previousToken=null, newToken=***
23:14:52.646 [main] WARN com.marketinghub.facebookadsworker.FacebookAdsService -- Ignoring bid_amount for ad set 'Camp - Ad Set' because the lowest cost strategy does not accept manual bids
23:14:52.646 [main] INFO com.marketinghub.facebookadsworker.FacebookAdsService -- Sending POST request to Facebook API: path==>/v23.0/act_1/adsets, body={"optimization_goal":"LINK_CLICKS","access_token":"***","destination_type":"WEBSITE","targeting":{"targeting_automation":{"advantage_audience":0},"geo_locations":{"countries":["BR"]},"publisher_platforms":["instagram"],"instagram_positions":["stream","story","reels","explore"]},"billing_event":"IMPRESSIONS","bid_strategy":"LOWEST_COST_WITHOUT_CAP","promoted_object":{"page_id":"42"},"name":"Camp - Ad Set","daily_budget":"1500","campaign_id":"123","status":"ACTIVE"}
23:14:52.651 [main] INFO com.marketinghub.facebookadsworker.FacebookAdsService -- Facebook API response received: method=POST, path<==/v23.0/act_1/adsets, status=200 200 OK, headers={"Content-Length":["***"],"Content-Type":["app...son"]}, body={"id":"777"}
]]></system-out>
  </testcase>
  <testcase name="estimateReachEncodesTargetingSpecQueryParam" classname="com.marketinghub.facebookadsworker.FacebookAdsServiceTest" time="0.005">
    <system-out><![CDATA[23:14:52.654 [main] INFO com.marketinghub.facebookadsworker.FacebookAdsService -- Configured Facebook Graph API version: v23.0
23:14:52.654 [main] INFO com.marketinghub.facebookadsworker.FacebookAdsService -- Facebook access token updated: previousToken=null, newToken=***
23:14:52.654 [main] INFO com.marketinghub.facebookadsworker.FacebookAdsService -- Sending GET request to Facebook API: path==>/v23.0/act_123/reachestimate?targeting_spec=%7B%22geo_locations%22%3A%7B%22countries%22%3A%5B%22BR%22%5D%7D%2C%22age_min%22%3A18%7D&access_***=***
23:14:52.657 [main] INFO com.marketinghub.facebookadsworker.FacebookAdsService -- Facebook API response received: method=GET, path<==/v23.0/act_123/reachestimate?targeting_spec=%7B%22geo_locations%22%3A%7B%22countries%22%3A%5B%22BR%22%5D%7D%2C%22age_min%22%3A18%7D&access_***=***, status=200 200 OK, headers={"Content-Length":["***"],"Content-Type":["app...son"]}, body={"data":[{"users":1234}]}
]]></system-out>
  </testcase>
  <testcase name="createAdCreativeKeepsWebsiteLinkWhenLeadFormIsPresent" classname="com.marketinghub.facebookadsworker.FacebookAdsServiceTest" time="0.005">
    <system-out><![CDATA[23:14:52.659 [main] INFO com.marketinghub.facebookadsworker.FacebookAdsService -- Configured Facebook Graph API version: v23.0
23:14:52.659 [main] INFO com.marketinghub.facebookadsworker.FacebookAdsService -- Facebook access token updated: previousToken=null, newToken=***
23:14:52.659 [main] INFO com.marketinghub.facebookadsworker.FacebookAdsService -- Sending POST request to Facebook API: path==>/v23.0/act_1/adcreatives, body={"object_story_spec":{"page_id":"42","link_data":{"call_to_action":{"type":"SIGN_UP","value":{"lead_gen_form_id":"123456789012345","link":"https://example.com/landing"}},"link":"https://example.com/landing","message":"Mensagem"}},"access_token":"***","name":"Camp - Lead"}
23:14:52.663 [main] INFO com.marketinghub.facebookadsworker.FacebookAdsService -- Facebook API response received: method=POST, path<==/v23.0/act_1/adcreatives, status=200 200 OK, headers={"Content-Length":["***"],"Content-Type":["app...son"]}, body={"id":"998"}
]]></system-out>
  </testcase>
</testsuite>